[
    {
        "ts": "1686717378.680093",
        "uid": "CSVXjlwkoRTjacJ4k",
        "id.orig_h": "172.22.0.1",
        "id.orig_p": "5353",
        "id.resp_h": "224.0.0.251",
        "id.resp_p": "5353",
        "proto": "udp",
        "service": "dns",
        "duration": "12.002441",
        "orig_bytes": "1299",
        "resp_bytes": "0",
        "conn_state": "S0",
        "local_orig": "-",
        "local_resp": "-",
        "missed_bytes": "0",
        "history": "D",
        "orig_pkts": "12",
        "orig_ip_bytes": "1635",
        "resp_pkts": "0",
        "resp_ip_bytes": "0",
        "tunnel_parents": "-"
    },
    {
        "ts": "1686717378.979596",
        "uid": "CntrSN3UEY2aC1t4Qa",
        "id.orig_h": "fe80::42:26ff:fe25:aafc",
        "id.orig_p": "5353",
        "id.resp_h": "ff02::fb",
        "id.resp_p": "5353",
        "proto": "udp",
        "service": "dns",
        "duration": "17.051702",
        "orig_bytes": "1246",
        "resp_bytes": "0",
        "conn_state": "S0",
        "local_orig": "-",
        "local_resp": "-",
        "missed_bytes": "0",
        "history": "D",
        "orig_pkts": "11",
        "orig_ip_bytes": "1774",
        "resp_pkts": "0",
        "resp_ip_bytes": "0",
        "tunnel_parents": "-"
    },
    {
        "ts": "1686717378.784285",
        "uid": "CmAoE71ns6hdBXzFFd",
        "id.orig_h": "fe80::6cf4:3bff:fe40:801",
        "id.orig_p": "5353",
        "id.resp_h": "ff02::fb",
        "id.resp_p": "5353",
        "proto": "udp",
        "service": "dns",
        "duration": "17.246794",
        "orig_bytes": "1246",
        "resp_bytes": "0",
        "conn_state": "S0",
        "local_orig": "-",
        "local_resp": "-",
        "missed_bytes": "0",
        "history": "D",
        "orig_pkts": "11",
        "orig_ip_bytes": "1774",
        "resp_pkts": "0",
        "resp_ip_bytes": "0",
        "tunnel_parents": "-"
    },
    {
        "ts": "1686717406.682946",
        "uid": "CpNKfm3e2boA7rb7hi",
        "id.orig_h": "172.22.0.1",
        "id.orig_p": "5353",
        "id.resp_h": "224.0.0.251",
        "id.resp_p": "5353",
        "proto": "udp",
        "service": "dns",
        "duration": "-",
        "orig_bytes": "-",
        "resp_bytes": "-",
        "conn_state": "S0",
        "local_orig": "-",
        "local_resp": "-",
        "missed_bytes": "0",
        "history": "D",
        "orig_pkts": "1",
        "orig_ip_bytes": "90",
        "resp_pkts": "0",
        "resp_ip_bytes": "0",
        "tunnel_parents": "-"
    },
    {
        "ts": "1686717412.035701",
        "uid": "Cw2FSx4kaTyfSn8M08",
        "id.orig_h": "fe80::6cf4:3bff:fe40:801",
        "id.orig_p": "5353",
        "id.resp_h": "ff02::fb",
        "id.resp_p": "5353",
        "proto": "udp",
        "service": "dns",
        "duration": "-",
        "orig_bytes": "-",
        "resp_bytes": "-",
        "conn_state": "S0",
        "local_orig": "-",
        "local_resp": "-",
        "missed_bytes": "0",
        "history": "D",
        "orig_pkts": "1",
        "orig_ip_bytes": "110",
        "resp_pkts": "0",
        "resp_ip_bytes": "0",
        "tunnel_parents": "-"
    },
    {
        "ts": "1686717412.035846",
        "uid": "CBSubY2wuIqJh87Vs1",
        "id.orig_h": "fe80::42:26ff:fe25:aafc",
        "id.orig_p": "5353",
        "id.resp_h": "ff02::fb",
        "id.resp_p": "5353",
        "proto": "udp",
        "service": "dns",
        "duration": "-",
        "orig_bytes": "-",
        "resp_bytes": "-",
        "conn_state": "S0",
        "local_orig": "-",
        "local_resp": "-",
        "missed_bytes": "0",
        "history": "D",
        "orig_pkts": "1",
        "orig_ip_bytes": "110",
        "resp_pkts": "0",
        "resp_ip_bytes": "0",
        "tunnel_parents": "-"
    },
    {
        "ts": "1686717378.874930",
        "uid": "CuMMI020voO2jI8i0d",
        "id.orig_h": "fe80::42:26ff:fe25:aafc",
        "id.orig_p": "143",
        "id.resp_h": "ff02::16",
        "id.resp_p": "0",
        "proto": "icmp",
        "service": "-",
        "duration": "0.543965",
        "orig_bytes": "140",
        "resp_bytes": "0",
        "conn_state": "OTH",
        "local_orig": "-",
        "local_resp": "-",
        "missed_bytes": "0",
        "history": "-",
        "orig_pkts": "4",
        "orig_ip_bytes": "364",
        "resp_pkts": "0",
        "resp_ip_bytes": "0",
        "tunnel_parents": "-"
    },
    {
        "ts": "1686717378.682492",
        "uid": "CLcVHF4kNHPHhm7hQ",
        "id.orig_h": "fe80::6cf4:3bff:fe40:801",
        "id.orig_p": "143",
        "id.resp_h": "ff02::16",
        "id.resp_p": "0",
        "proto": "icmp",
        "service": "-",
        "duration": "0.416801",
        "orig_bytes": "100",
        "resp_bytes": "0",
        "conn_state": "OTH",
        "local_orig": "-",
        "local_resp": "-",
        "missed_bytes": "0",
        "history": "-",
        "orig_pkts": "4",
        "orig_ip_bytes": "324",
        "resp_pkts": "0",
        "resp_ip_bytes": "0",
        "tunnel_parents": "-"
    },
    {
        "ts": "1686717438.685477",
        "uid": "C14bhU3drpSpd3QBqg",
        "id.orig_h": "172.22.0.1",
        "id.orig_p": "5353",
        "id.resp_h": "224.0.0.251",
        "id.resp_p": "5353",
        "proto": "udp",
        "service": "dns",
        "duration": "-",
        "orig_bytes": "-",
        "resp_bytes": "-",
        "conn_state": "S0",
        "local_orig": "-",
        "local_resp": "-",
        "missed_bytes": "0",
        "history": "D",
        "orig_pkts": "1",
        "orig_ip_bytes": "73",
        "resp_pkts": "0",
        "resp_ip_bytes": "0",
        "tunnel_parents": "-"
    },
    {
        "ts": "1686717444.042203",
        "uid": "C0SILA1UMx1yrM5Nml",
        "id.orig_h": "fe80::6cf4:3bff:fe40:801",
        "id.orig_p": "5353",
        "id.resp_h": "ff02::fb",
        "id.resp_p": "5353",
        "proto": "udp",
        "service": "dns",
        "duration": "-",
        "orig_bytes": "-",
        "resp_bytes": "-",
        "conn_state": "S0",
        "local_orig": "-",
        "local_resp": "-",
        "missed_bytes": "0",
        "history": "D",
        "orig_pkts": "1",
        "orig_ip_bytes": "93",
        "resp_pkts": "0",
        "resp_ip_bytes": "0",
        "tunnel_parents": "-"
    },
    {
        "ts": "1686717444.042360",
        "uid": "Ct9B9e4RVOghtEjNJ9",
        "id.orig_h": "fe80::42:26ff:fe25:aafc",
        "id.orig_p": "5353",
        "id.resp_h": "ff02::fb",
        "id.resp_p": "5353",
        "proto": "udp",
        "service": "dns",
        "duration": "-",
        "orig_bytes": "-",
        "resp_bytes": "-",
        "conn_state": "S0",
        "local_orig": "-",
        "local_resp": "-",
        "missed_bytes": "0",
        "history": "D",
        "orig_pkts": "1",
        "orig_ip_bytes": "93",
        "resp_pkts": "0",
        "resp_ip_bytes": "0",
        "tunnel_parents": "-"
    },
    {
        "ts": "1686717378.682498",
        "uid": "CGU1MT3kSUZaSgufVf",
        "id.orig_h": "fe80::6cf4:3bff:fe40:801",
        "id.orig_p": "133",
        "id.resp_h": "ff02::2",
        "id.resp_p": "134",
        "proto": "icmp",
        "service": "-",
        "duration": "67.631422",
        "orig_bytes": "40",
        "resp_bytes": "0",
        "conn_state": "OTH",
        "local_orig": "-",
        "local_resp": "-",
        "missed_bytes": "0",
        "history": "-",
        "orig_pkts": "5",
        "orig_ip_bytes": "280",
        "resp_pkts": "0",
        "resp_ip_bytes": "0",
        "tunnel_parents": "-"
    },
    {
        "ts": "1686717502.687694",
        "uid": "CZxQ9e4RdaTFRGocBl",
        "id.orig_h": "172.22.0.1",
        "id.orig_p": "5353",
        "id.resp_h": "224.0.0.251",
        "id.resp_p": "5353",
        "proto": "udp",
        "service": "dns",
        "duration": "-",
        "orig_bytes": "-",
        "resp_bytes": "-",
        "conn_state": "S0",
        "local_orig": "-",
        "local_resp": "-",
        "missed_bytes": "0",
        "history": "D",
        "orig_pkts": "1",
        "orig_ip_bytes": "73",
        "resp_pkts": "0",
        "resp_ip_bytes": "0",
        "tunnel_parents": "-"
    },
    {
        "ts": "1686717508.045431",
        "uid": "CnxmDk3W9hVe4YIG54",
        "id.orig_h": "fe80::6cf4:3bff:fe40:801",
        "id.orig_p": "5353",
        "id.resp_h": "ff02::fb",
        "id.resp_p": "5353",
        "proto": "udp",
        "service": "dns",
        "duration": "-",
        "orig_bytes": "-",
        "resp_bytes": "-",
        "conn_state": "S0",
        "local_orig": "-",
        "local_resp": "-",
        "missed_bytes": "0",
        "history": "D",
        "orig_pkts": "1",
        "orig_ip_bytes": "93",
        "resp_pkts": "0",
        "resp_ip_bytes": "0",
        "tunnel_parents": "-"
    },
    {
        "ts": "1686717508.045539",
        "uid": "CxX70UDRRKVrXX9h6",
        "id.orig_h": "fe80::42:26ff:fe25:aafc",
        "id.orig_p": "5353",
        "id.resp_h": "ff02::fb",
        "id.resp_p": "5353",
        "proto": "udp",
        "service": "dns",
        "duration": "-",
        "orig_bytes": "-",
        "resp_bytes": "-",
        "conn_state": "S0",
        "local_orig": "-",
        "local_resp": "-",
        "missed_bytes": "0",
        "history": "D",
        "orig_pkts": "1",
        "orig_ip_bytes": "93",
        "resp_pkts": "0",
        "resp_ip_bytes": "0",
        "tunnel_parents": "-"
    },
    {
        "ts": "1686717513.897276",
        "uid": "CGLUfc19xzY9haQXsa",
        "id.orig_h": "fe80::6cf4:3bff:fe40:801",
        "id.orig_p": "133",
        "id.resp_h": "ff02::2",
        "id.resp_p": "134",
        "proto": "icmp",
        "service": "-",
        "duration": "-",
        "orig_bytes": "-",
        "resp_bytes": "-",
        "conn_state": "OTH",
        "local_orig": "-",
        "local_resp": "-",
        "missed_bytes": "0",
        "history": "-",
        "orig_pkts": "1",
        "orig_ip_bytes": "56",
        "resp_pkts": "0",
        "resp_ip_bytes": "0",
        "tunnel_parents": "-"
    },
    {
        "ts": "1686717630.689689",
        "uid": "CMuN9CXvyOcDkHef9",
        "id.orig_h": "172.22.0.1",
        "id.orig_p": "5353",
        "id.resp_h": "224.0.0.251",
        "id.resp_p": "5353",
        "proto": "udp",
        "service": "dns",
        "duration": "-",
        "orig_bytes": "-",
        "resp_bytes": "-",
        "conn_state": "S0",
        "local_orig": "-",
        "local_resp": "-",
        "missed_bytes": "0",
        "history": "D",
        "orig_pkts": "1",
        "orig_ip_bytes": "73",
        "resp_pkts": "0",
        "resp_ip_bytes": "0",
        "tunnel_parents": "-"
    },
    {
        "ts": "1686717636.049257",
        "uid": "CC9HZDaYuRjRRp6ac",
        "id.orig_h": "fe80::6cf4:3bff:fe40:801",
        "id.orig_p": "5353",
        "id.resp_h": "ff02::fb",
        "id.resp_p": "5353",
        "proto": "udp",
        "service": "dns",
        "duration": "-",
        "orig_bytes": "-",
        "resp_bytes": "-",
        "conn_state": "S0",
        "local_orig": "-",
        "local_resp": "-",
        "missed_bytes": "0",
        "history": "D",
        "orig_pkts": "1",
        "orig_ip_bytes": "93",
        "resp_pkts": "0",
        "resp_ip_bytes": "0",
        "tunnel_parents": "-"
    },
    {
        "ts": "1686717636.049366",
        "uid": "CbSQjp4YMdBy7srhH6",
        "id.orig_h": "fe80::42:26ff:fe25:aafc",
        "id.orig_p": "5353",
        "id.resp_h": "ff02::fb",
        "id.resp_p": "5353",
        "proto": "udp",
        "service": "dns",
        "duration": "-",
        "orig_bytes": "-",
        "resp_bytes": "-",
        "conn_state": "S0",
        "local_orig": "-",
        "local_resp": "-",
        "missed_bytes": "0",
        "history": "D",
        "orig_pkts": "1",
        "orig_ip_bytes": "93",
        "resp_pkts": "0",
        "resp_ip_bytes": "0",
        "tunnel_parents": "-"
    },
    {
        "ts": "1686717657.256554",
        "uid": "CdDxRQ1WJgD4zliqva",
        "id.orig_h": "fe80::6cf4:3bff:fe40:801",
        "id.orig_p": "133",
        "id.resp_h": "ff02::2",
        "id.resp_p": "134",
        "proto": "icmp",
        "service": "-",
        "duration": "-",
        "orig_bytes": "-",
        "resp_bytes": "-",
        "conn_state": "OTH",
        "local_orig": "-",
        "local_resp": "-",
        "missed_bytes": "0",
        "history": "-",
        "orig_pkts": "1",
        "orig_ip_bytes": "56",
        "resp_pkts": "0",
        "resp_ip_bytes": "0",
        "tunnel_parents": "-"
    },
    {
        "ts": "1686717886.690453",
        "uid": "C7hdDpiVGsggGSCr8",
        "id.orig_h": "172.22.0.1",
        "id.orig_p": "5353",
        "id.resp_h": "224.0.0.251",
        "id.resp_p": "5353",
        "proto": "udp",
        "service": "dns",
        "duration": "-",
        "orig_bytes": "-",
        "resp_bytes": "-",
        "conn_state": "S0",
        "local_orig": "-",
        "local_resp": "-",
        "missed_bytes": "0",
        "history": "D",
        "orig_pkts": "1",
        "orig_ip_bytes": "73",
        "resp_pkts": "0",
        "resp_ip_bytes": "0",
        "tunnel_parents": "-"
    },
    {
        "ts": "1686717892.052811",
        "uid": "C6Flgf171yZm3pTFo6",
        "id.orig_h": "fe80::6cf4:3bff:fe40:801",
        "id.orig_p": "5353",
        "id.resp_h": "ff02::fb",
        "id.resp_p": "5353",
        "proto": "udp",
        "service": "dns",
        "duration": "-",
        "orig_bytes": "-",
        "resp_bytes": "-",
        "conn_state": "S0",
        "local_orig": "-",
        "local_resp": "-",
        "missed_bytes": "0",
        "history": "D",
        "orig_pkts": "1",
        "orig_ip_bytes": "93",
        "resp_pkts": "0",
        "resp_ip_bytes": "0",
        "tunnel_parents": "-"
    },
    {
        "ts": "1686717892.052854",
        "uid": "Cxbpws2HldxYvUAGq6",
        "id.orig_h": "fe80::42:26ff:fe25:aafc",
        "id.orig_p": "5353",
        "id.resp_h": "ff02::fb",
        "id.resp_p": "5353",
        "proto": "udp",
        "service": "dns",
        "duration": "-",
        "orig_bytes": "-",
        "resp_bytes": "-",
        "conn_state": "S0",
        "local_orig": "-",
        "local_resp": "-",
        "missed_bytes": "0",
        "history": "D",
        "orig_pkts": "1",
        "orig_ip_bytes": "93",
        "resp_pkts": "0",
        "resp_ip_bytes": "0",
        "tunnel_parents": "-"
    },
    {
        "ts": "1686717952.168511",
        "uid": "CEKl2I2DkTSXI2EfN5",
        "id.orig_h": "fe80::6cf4:3bff:fe40:801",
        "id.orig_p": "133",
        "id.resp_h": "ff02::2",
        "id.resp_p": "134",
        "proto": "icmp",
        "service": "-",
        "duration": "-",
        "orig_bytes": "-",
        "resp_bytes": "-",
        "conn_state": "OTH",
        "local_orig": "-",
        "local_resp": "-",
        "missed_bytes": "0",
        "history": "-",
        "orig_pkts": "1",
        "orig_ip_bytes": "56",
        "resp_pkts": "0",
        "resp_ip_bytes": "0",
        "tunnel_parents": "-"
    },
    {
        "ts": "1686718398.696715",
        "uid": "CUpAsm2vgRnQO4WPCc",
        "id.orig_h": "172.22.0.1",
        "id.orig_p": "5353",
        "id.resp_h": "224.0.0.251",
        "id.resp_p": "5353",
        "proto": "udp",
        "service": "dns",
        "duration": "-",
        "orig_bytes": "-",
        "resp_bytes": "-",
        "conn_state": "S0",
        "local_orig": "-",
        "local_resp": "-",
        "missed_bytes": "0",
        "history": "D",
        "orig_pkts": "1",
        "orig_ip_bytes": "73",
        "resp_pkts": "0",
        "resp_ip_bytes": "0",
        "tunnel_parents": "-"
    },
    {
        "ts": "1686718404.060694",
        "uid": "C88PJW1oUgYG6ucANg",
        "id.orig_h": "fe80::6cf4:3bff:fe40:801",
        "id.orig_p": "5353",
        "id.resp_h": "ff02::fb",
        "id.resp_p": "5353",
        "proto": "udp",
        "service": "dns",
        "duration": "-",
        "orig_bytes": "-",
        "resp_bytes": "-",
        "conn_state": "S0",
        "local_orig": "-",
        "local_resp": "-",
        "missed_bytes": "0",
        "history": "D",
        "orig_pkts": "1",
        "orig_ip_bytes": "93",
        "resp_pkts": "0",
        "resp_ip_bytes": "0",
        "tunnel_parents": "-"
    },
    {
        "ts": "1686718404.060797",
        "uid": "C88Ni13IETK17Xf6Vg",
        "id.orig_h": "fe80::42:26ff:fe25:aafc",
        "id.orig_p": "5353",
        "id.resp_h": "ff02::fb",
        "id.resp_p": "5353",
        "proto": "udp",
        "service": "dns",
        "duration": "-",
        "orig_bytes": "-",
        "resp_bytes": "-",
        "conn_state": "S0",
        "local_orig": "-",
        "local_resp": "-",
        "missed_bytes": "0",
        "history": "D",
        "orig_pkts": "1",
        "orig_ip_bytes": "93",
        "resp_pkts": "0",
        "resp_ip_bytes": "0",
        "tunnel_parents": "-"
    },
    {
        "ts": "1686718509.224603",
        "uid": "COgkYk38pvvyx6ayyj",
        "id.orig_h": "fe80::6cf4:3bff:fe40:801",
        "id.orig_p": "133",
        "id.resp_h": "ff02::2",
        "id.resp_p": "134",
        "proto": "icmp",
        "service": "-",
        "duration": "-",
        "orig_bytes": "-",
        "resp_bytes": "-",
        "conn_state": "OTH",
        "local_orig": "-",
        "local_resp": "-",
        "missed_bytes": "0",
        "history": "-",
        "orig_pkts": "1",
        "orig_ip_bytes": "56",
        "resp_pkts": "0",
        "resp_ip_bytes": "0",
        "tunnel_parents": "-"
    },
    {
        "ts": "1686718972.787471",
        "uid": "Cl9ojy30NBUhKuEoRk",
        "id.orig_h": "172.22.0.1",
        "id.orig_p": "5353",
        "id.resp_h": "224.0.0.251",
        "id.resp_p": "5353",
        "proto": "udp",
        "service": "dns",
        "duration": "15.004110",
        "orig_bytes": "195",
        "resp_bytes": "0",
        "conn_state": "S0",
        "local_orig": "-",
        "local_resp": "-",
        "missed_bytes": "0",
        "history": "D",
        "orig_pkts": "5",
        "orig_ip_bytes": "335",
        "resp_pkts": "0",
        "resp_ip_bytes": "0",
        "tunnel_parents": "-"
    },
    {
        "ts": "1686718972.787142",
        "uid": "C6qNN69J6446uYEB9",
        "id.orig_h": "fe80::6cf4:3bff:fe40:801",
        "id.orig_p": "5353",
        "id.resp_h": "ff02::fb",
        "id.resp_p": "5353",
        "proto": "udp",
        "service": "dns",
        "duration": "15.004336",
        "orig_bytes": "195",
        "resp_bytes": "0",
        "conn_state": "S0",
        "local_orig": "-",
        "local_resp": "-",
        "missed_bytes": "0",
        "history": "D",
        "orig_pkts": "5",
        "orig_ip_bytes": "435",
        "resp_pkts": "0",
        "resp_ip_bytes": "0",
        "tunnel_parents": "-"
    },
    {
        "ts": "1686718972.787348",
        "uid": "CbeW1D4h2oZB7lDkX2",
        "id.orig_h": "fe80::42:26ff:fe25:aafc",
        "id.orig_p": "5353",
        "id.resp_h": "ff02::fb",
        "id.resp_p": "5353",
        "proto": "udp",
        "service": "dns",
        "duration": "15.004159",
        "orig_bytes": "195",
        "resp_bytes": "0",
        "conn_state": "S0",
        "local_orig": "-",
        "local_resp": "-",
        "missed_bytes": "0",
        "history": "D",
        "orig_pkts": "5",
        "orig_ip_bytes": "435",
        "resp_pkts": "0",
        "resp_ip_bytes": "0",
        "tunnel_parents": "-"
    },
    {
        "ts": "1686719003.793359",
        "uid": "C4nUYg4b1NHSSqahR2",
        "id.orig_h": "fe80::6cf4:3bff:fe40:801",
        "id.orig_p": "5353",
        "id.resp_h": "ff02::fb",
        "id.resp_p": "5353",
        "proto": "udp",
        "service": "dns",
        "duration": "-",
        "orig_bytes": "-",
        "resp_bytes": "-",
        "conn_state": "S0",
        "local_orig": "-",
        "local_resp": "-",
        "missed_bytes": "0",
        "history": "D",
        "orig_pkts": "1",
        "orig_ip_bytes": "87",
        "resp_pkts": "0",
        "resp_ip_bytes": "0",
        "tunnel_parents": "-"
    },
    {
        "ts": "1686719003.793387",
        "uid": "C03Ju947Fpbkx373m9",
        "id.orig_h": "fe80::42:26ff:fe25:aafc",
        "id.orig_p": "5353",
        "id.resp_h": "ff02::fb",
        "id.resp_p": "5353",
        "proto": "udp",
        "service": "dns",
        "duration": "-",
        "orig_bytes": "-",
        "resp_bytes": "-",
        "conn_state": "S0",
        "local_orig": "-",
        "local_resp": "-",
        "missed_bytes": "0",
        "history": "D",
        "orig_pkts": "1",
        "orig_ip_bytes": "87",
        "resp_pkts": "0",
        "resp_ip_bytes": "0",
        "tunnel_parents": "-"
    },
    {
        "ts": "1686719003.793417",
        "uid": "CRS08ZL0wml30o73d",
        "id.orig_h": "172.22.0.1",
        "id.orig_p": "5353",
        "id.resp_h": "224.0.0.251",
        "id.resp_p": "5353",
        "proto": "udp",
        "service": "dns",
        "duration": "-",
        "orig_bytes": "-",
        "resp_bytes": "-",
        "conn_state": "S0",
        "local_orig": "-",
        "local_resp": "-",
        "missed_bytes": "0",
        "history": "D",
        "orig_pkts": "1",
        "orig_ip_bytes": "67",
        "resp_pkts": "0",
        "resp_ip_bytes": "0",
        "tunnel_parents": "-"
    },
    {
        "ts": "1686719422.693696",
        "uid": "CNiea9R6X8XLOQSq3",
        "id.orig_h": "172.22.0.1",
        "id.orig_p": "5353",
        "id.resp_h": "224.0.0.251",
        "id.resp_p": "5353",
        "proto": "udp",
        "service": "dns",
        "duration": "-",
        "orig_bytes": "-",
        "resp_bytes": "-",
        "conn_state": "S0",
        "local_orig": "-",
        "local_resp": "-",
        "missed_bytes": "0",
        "history": "D",
        "orig_pkts": "1",
        "orig_ip_bytes": "73",
        "resp_pkts": "0",
        "resp_ip_bytes": "0",
        "tunnel_parents": "-"
    },
    {
        "ts": "1686719428.057621",
        "uid": "CkH6KC1McI0kNh2UDc",
        "id.orig_h": "fe80::6cf4:3bff:fe40:801",
        "id.orig_p": "5353",
        "id.resp_h": "ff02::fb",
        "id.resp_p": "5353",
        "proto": "udp",
        "service": "dns",
        "duration": "-",
        "orig_bytes": "-",
        "resp_bytes": "-",
        "conn_state": "S0",
        "local_orig": "-",
        "local_resp": "-",
        "missed_bytes": "0",
        "history": "D",
        "orig_pkts": "1",
        "orig_ip_bytes": "93",
        "resp_pkts": "0",
        "resp_ip_bytes": "0",
        "tunnel_parents": "-"
    },
    {
        "ts": "1686719428.057647",
        "uid": "CFf5Rh4SKsETntN4c3",
        "id.orig_h": "fe80::42:26ff:fe25:aafc",
        "id.orig_p": "5353",
        "id.resp_h": "ff02::fb",
        "id.resp_p": "5353",
        "proto": "udp",
        "service": "dns",
        "duration": "-",
        "orig_bytes": "-",
        "resp_bytes": "-",
        "conn_state": "S0",
        "local_orig": "-",
        "local_resp": "-",
        "missed_bytes": "0",
        "history": "D",
        "orig_pkts": "1",
        "orig_ip_bytes": "93",
        "resp_pkts": "0",
        "resp_ip_bytes": "0",
        "tunnel_parents": "-"
    },
    {
        "ts": "1686719985.076344",
        "uid": "C83nqULhjx8PNLRUe",
        "id.orig_h": "fe80::6cf4:3bff:fe40:801",
        "id.orig_p": "133",
        "id.resp_h": "ff02::2",
        "id.resp_p": "134",
        "proto": "icmp",
        "service": "-",
        "duration": "-",
        "orig_bytes": "-",
        "resp_bytes": "-",
        "conn_state": "OTH",
        "local_orig": "-",
        "local_resp": "-",
        "missed_bytes": "0",
        "history": "-",
        "orig_pkts": "1",
        "orig_ip_bytes": "56",
        "resp_pkts": "0",
        "resp_ip_bytes": "0",
        "tunnel_parents": "-"
    },
    {
        "ts": "1686720655.301225",
        "uid": "C3MXT130bAanLjFtHa",
        "id.orig_h": "192.168.144.128",
        "id.orig_p": "50418",
        "id.resp_h": "172.22.0.2",
        "id.resp_p": "8000",
        "proto": "tcp",
        "service": "http",
        "duration": "0.126103",
        "orig_bytes": "621978",
        "resp_bytes": "46780",
        "conn_state": "SF",
        "local_orig": "-",
        "local_resp": "-",
        "missed_bytes": "0",
        "history": "ShADaTdfF",
        "orig_pkts": "48",
        "orig_ip_bytes": "625250",
        "resp_pkts": "34",
        "resp_ip_bytes": "48568",
        "tunnel_parents": "-"
    },
    {
        "ts": "1686720655.436232",
        "uid": "C1ZDHE1KaqzIvTW5qb",
        "id.orig_h": "192.168.144.128",
        "id.orig_p": "50420",
        "id.resp_h": "172.22.0.2",
        "id.resp_p": "8000",
        "proto": "tcp",
        "service": "http",
        "duration": "0.070091",
        "orig_bytes": "122877",
        "resp_bytes": "5806",
        "conn_state": "SF",
        "local_orig": "-",
        "local_resp": "-",
        "missed_bytes": "0",
        "history": "ShADadfF",
        "orig_pkts": "19",
        "orig_ip_bytes": "123873",
        "resp_pkts": "17",
        "resp_ip_bytes": "6698",
        "tunnel_parents": "-"
    },
    {
        "ts": "1686720655.515077",
        "uid": "Cz5cmq3mSpWZ88pGa8",
        "id.orig_h": "192.168.144.128",
        "id.orig_p": "50424",
        "id.resp_h": "172.22.0.2",
        "id.resp_p": "8000",
        "proto": "tcp",
        "service": "http",
        "duration": "0.012440",
        "orig_bytes": "6785",
        "resp_bytes": "12311",
        "conn_state": "SF",
        "local_orig": "-",
        "local_resp": "-",
        "missed_bytes": "0",
        "history": "ShADadfF",
        "orig_pkts": "9",
        "orig_ip_bytes": "7261",
        "resp_pkts": "9",
        "resp_ip_bytes": "12787",
        "tunnel_parents": "-"
    },
    {
        "ts": "1686720655.537040",
        "uid": "CfNTCm3F1OQOKxSGvf",
        "id.orig_h": "192.168.144.128",
        "id.orig_p": "50426",
        "id.resp_h": "172.22.0.2",
        "id.resp_p": "8000",
        "proto": "tcp",
        "service": "http",
        "duration": "0.009036",
        "orig_bytes": "5895",
        "resp_bytes": "7813",
        "conn_state": "SF",
        "local_orig": "-",
        "local_resp": "-",
        "missed_bytes": "0",
        "history": "ShADadfF",
        "orig_pkts": "8",
        "orig_ip_bytes": "6319",
        "resp_pkts": "8",
        "resp_ip_bytes": "8237",
        "tunnel_parents": "-"
    },
    {
        "ts": "1686720655.555456",
        "uid": "CfQWsy4Fwi8aZCio3h",
        "id.orig_h": "192.168.144.128",
        "id.orig_p": "50428",
        "id.resp_h": "172.22.0.2",
        "id.resp_p": "8000",
        "proto": "tcp",
        "service": "http",
        "duration": "0.045453",
        "orig_bytes": "137180",
        "resp_bytes": "10719",
        "conn_state": "SF",
        "local_orig": "-",
        "local_resp": "-",
        "missed_bytes": "0",
        "history": "ShADadfF",
        "orig_pkts": "20",
        "orig_ip_bytes": "138228",
        "resp_pkts": "17",
        "resp_ip_bytes": "11611",
        "tunnel_parents": "-"
    },
    {
        "ts": "1686720655.609579",
        "uid": "CTYH9T33FSmytnswK8",
        "id.orig_h": "192.168.144.128",
        "id.orig_p": "50430",
        "id.resp_h": "172.22.0.2",
        "id.resp_p": "8000",
        "proto": "tcp",
        "service": "http",
        "duration": "0.006189",
        "orig_bytes": "5636",
        "resp_bytes": "1572",
        "conn_state": "SF",
        "local_orig": "-",
        "local_resp": "-",
        "missed_bytes": "0",
        "history": "ShADadfF",
        "orig_pkts": "7",
        "orig_ip_bytes": "6008",
        "resp_pkts": "7",
        "resp_ip_bytes": "1944",
        "tunnel_parents": "-"
    },
    {
        "ts": "1686720655.624466",
        "uid": "Cf6qR61uyrLaqZTd4j",
        "id.orig_h": "192.168.144.128",
        "id.orig_p": "50432",
        "id.resp_h": "172.22.0.2",
        "id.resp_p": "8000",
        "proto": "tcp",
        "service": "http",
        "duration": "0.009816",
        "orig_bytes": "24412",
        "resp_bytes": "4625",
        "conn_state": "SF",
        "local_orig": "-",
        "local_resp": "-",
        "missed_bytes": "0",
        "history": "ShADadfF",
        "orig_pkts": "11",
        "orig_ip_bytes": "24992",
        "resp_pkts": "10",
        "resp_ip_bytes": "5153",
        "tunnel_parents": "-"
    },
    {
        "ts": "1686720655.643212",
        "uid": "CZXDds18ZYFDrkRcYd",
        "id.orig_h": "192.168.144.128",
        "id.orig_p": "50434",
        "id.resp_h": "172.22.0.2",
        "id.resp_p": "8000",
        "proto": "tcp",
        "service": "http",
        "duration": "0.013811",
        "orig_bytes": "9710",
        "resp_bytes": "8420",
        "conn_state": "SF",
        "local_orig": "-",
        "local_resp": "-",
        "missed_bytes": "0",
        "history": "ShADadfF",
        "orig_pkts": "10",
        "orig_ip_bytes": "10238",
        "resp_pkts": "9",
        "resp_ip_bytes": "8896",
        "tunnel_parents": "-"
    },
    {
        "ts": "1686720655.665508",
        "uid": "Cw0WiF3m5mMYtuW3M4",
        "id.orig_h": "192.168.144.128",
        "id.orig_p": "50436",
        "id.resp_h": "172.22.0.2",
        "id.resp_p": "8000",
        "proto": "tcp",
        "service": "http",
        "duration": "0.009749",
        "orig_bytes": "11719",
        "resp_bytes": "10105",
        "conn_state": "SF",
        "local_orig": "-",
        "local_resp": "-",
        "missed_bytes": "0",
        "history": "ShADadfF",
        "orig_pkts": "11",
        "orig_ip_bytes": "12299",
        "resp_pkts": "11",
        "resp_ip_bytes": "10685",
        "tunnel_parents": "-"
    },
    {
        "ts": "1686720655.683899",
        "uid": "CjGHNX3GIhroblPGL5",
        "id.orig_h": "192.168.144.128",
        "id.orig_p": "50438",
        "id.resp_h": "172.22.0.2",
        "id.resp_p": "8000",
        "proto": "tcp",
        "service": "http",
        "duration": "0.209029",
        "orig_bytes": "644",
        "resp_bytes": "1865",
        "conn_state": "SF",
        "local_orig": "-",
        "local_resp": "-",
        "missed_bytes": "0",
        "history": "ShADadfF",
        "orig_pkts": "7",
        "orig_ip_bytes": "1016",
        "resp_pkts": "7",
        "resp_ip_bytes": "2237",
        "tunnel_parents": "-"
    },
    {
        "ts": "1686720655.901282",
        "uid": "Cx2b7laZ6kndl8QIg",
        "id.orig_h": "192.168.144.128",
        "id.orig_p": "50440",
        "id.resp_h": "172.22.0.2",
        "id.resp_p": "8000",
        "proto": "tcp",
        "service": "http",
        "duration": "0.031034",
        "orig_bytes": "140455",
        "resp_bytes": "15022",
        "conn_state": "SF",
        "local_orig": "-",
        "local_resp": "-",
        "missed_bytes": "0",
        "history": "ShADadfF",
        "orig_pkts": "19",
        "orig_ip_bytes": "141451",
        "resp_pkts": "17",
        "resp_ip_bytes": "15914",
        "tunnel_parents": "-"
    },
    {
        "ts": "1686720657.234735",
        "uid": "CrODSJ2pKp18xfYWVl",
        "id.orig_h": "192.168.144.128",
        "id.orig_p": "50442",
        "id.resp_h": "172.22.0.2",
        "id.resp_p": "8000",
        "proto": "tcp",
        "service": "http",
        "duration": "0.059148",
        "orig_bytes": "621978",
        "resp_bytes": "46780",
        "conn_state": "SF",
        "local_orig": "-",
        "local_resp": "-",
        "missed_bytes": "0",
        "history": "ShADadfF",
        "orig_pkts": "48",
        "orig_ip_bytes": "624482",
        "resp_pkts": "42",
        "resp_ip_bytes": "48972",
        "tunnel_parents": "-"
    },
    {
        "ts": "1686720657.303582",
        "uid": "C4Dc3C2HOHID1sT11c",
        "id.orig_h": "192.168.144.128",
        "id.orig_p": "50444",
        "id.resp_h": "172.22.0.2",
        "id.resp_p": "8000",
        "proto": "tcp",
        "service": "http",
        "duration": "0.067888",
        "orig_bytes": "122877",
        "resp_bytes": "5806",
        "conn_state": "SF",
        "local_orig": "-",
        "local_resp": "-",
        "missed_bytes": "0",
        "history": "ShADadfF",
        "orig_pkts": "17",
        "orig_ip_bytes": "123769",
        "resp_pkts": "15",
        "resp_ip_bytes": "6594",
        "tunnel_parents": "-"
    },
    {
        "ts": "1686720657.380935",
        "uid": "Ch8QZf1OS3HbsazVM",
        "id.orig_h": "192.168.144.128",
        "id.orig_p": "50446",
        "id.resp_h": "172.22.0.2",
        "id.resp_p": "8000",
        "proto": "tcp",
        "service": "http",
        "duration": "0.009189",
        "orig_bytes": "6785",
        "resp_bytes": "12311",
        "conn_state": "SF",
        "local_orig": "-",
        "local_resp": "-",
        "missed_bytes": "0",
        "history": "ShADadfF",
        "orig_pkts": "9",
        "orig_ip_bytes": "7261",
        "resp_pkts": "9",
        "resp_ip_bytes": "12787",
        "tunnel_parents": "-"
    },
    {
        "ts": "1686720657.399349",
        "uid": "CamlrZ2SlIDN8IBXkl",
        "id.orig_h": "192.168.144.128",
        "id.orig_p": "50448",
        "id.resp_h": "172.22.0.2",
        "id.resp_p": "8000",
        "proto": "tcp",
        "service": "http",
        "duration": "0.008463",
        "orig_bytes": "5895",
        "resp_bytes": "7813",
        "conn_state": "SF",
        "local_orig": "-",
        "local_resp": "-",
        "missed_bytes": "0",
        "history": "ShADadfF",
        "orig_pkts": "7",
        "orig_ip_bytes": "6267",
        "resp_pkts": "7",
        "resp_ip_bytes": "8185",
        "tunnel_parents": "-"
    },
    {
        "ts": "1686720657.416896",
        "uid": "C3FN3v3lb9YQasjPTa",
        "id.orig_h": "192.168.144.128",
        "id.orig_p": "50450",
        "id.resp_h": "172.22.0.2",
        "id.resp_p": "8000",
        "proto": "tcp",
        "service": "http",
        "duration": "0.039375",
        "orig_bytes": "137180",
        "resp_bytes": "10719",
        "conn_state": "SF",
        "local_orig": "-",
        "local_resp": "-",
        "missed_bytes": "0",
        "history": "ShADadfF",
        "orig_pkts": "20",
        "orig_ip_bytes": "138228",
        "resp_pkts": "17",
        "resp_ip_bytes": "11611",
        "tunnel_parents": "-"
    },
    {
        "ts": "1686720657.465928",
        "uid": "Cmna3X5VPgxflMI2",
        "id.orig_h": "192.168.144.128",
        "id.orig_p": "50452",
        "id.resp_h": "172.22.0.2",
        "id.resp_p": "8000",
        "proto": "tcp",
        "service": "http",
        "duration": "0.005868",
        "orig_bytes": "5636",
        "resp_bytes": "1572",
        "conn_state": "SF",
        "local_orig": "-",
        "local_resp": "-",
        "missed_bytes": "0",
        "history": "ShADadfF",
        "orig_pkts": "7",
        "orig_ip_bytes": "6008",
        "resp_pkts": "7",
        "resp_ip_bytes": "1944",
        "tunnel_parents": "-"
    },
    {
        "ts": "1686720657.480923",
        "uid": "CD8ArD3JmRJP0vPVIc",
        "id.orig_h": "192.168.144.128",
        "id.orig_p": "50454",
        "id.resp_h": "172.22.0.2",
        "id.resp_p": "8000",
        "proto": "tcp",
        "service": "http",
        "duration": "0.009295",
        "orig_bytes": "24412",
        "resp_bytes": "4625",
        "conn_state": "SF",
        "local_orig": "-",
        "local_resp": "-",
        "missed_bytes": "0",
        "history": "ShADadfF",
        "orig_pkts": "10",
        "orig_ip_bytes": "24940",
        "resp_pkts": "10",
        "resp_ip_bytes": "5153",
        "tunnel_parents": "-"
    },
    {
        "ts": "1686720657.499603",
        "uid": "C0GVBV3Q9PHYQl4Yl1",
        "id.orig_h": "192.168.144.128",
        "id.orig_p": "50456",
        "id.resp_h": "172.22.0.2",
        "id.resp_p": "8000",
        "proto": "tcp",
        "service": "http",
        "duration": "0.012585",
        "orig_bytes": "9710",
        "resp_bytes": "8420",
        "conn_state": "SF",
        "local_orig": "-",
        "local_resp": "-",
        "missed_bytes": "0",
        "history": "ShADadfF",
        "orig_pkts": "9",
        "orig_ip_bytes": "10186",
        "resp_pkts": "9",
        "resp_ip_bytes": "8896",
        "tunnel_parents": "-"
    },
    {
        "ts": "1686720657.521258",
        "uid": "Chowxt2zIJWnn7GBs4",
        "id.orig_h": "192.168.144.128",
        "id.orig_p": "50458",
        "id.resp_h": "172.22.0.2",
        "id.resp_p": "8000",
        "proto": "tcp",
        "service": "http",
        "duration": "0.009881",
        "orig_bytes": "11719",
        "resp_bytes": "10105",
        "conn_state": "SF",
        "local_orig": "-",
        "local_resp": "-",
        "missed_bytes": "0",
        "history": "ShADadFf",
        "orig_pkts": "12",
        "orig_ip_bytes": "12351",
        "resp_pkts": "10",
        "resp_ip_bytes": "10633",
        "tunnel_parents": "-"
    },
    {
        "ts": "1686720662.558501",
        "uid": "CXqSAj364zubaYAlNl",
        "id.orig_h": "192.168.144.128",
        "id.orig_p": "50580",
        "id.resp_h": "172.22.0.2",
        "id.resp_p": "8000",
        "proto": "tcp",
        "service": "http",
        "duration": "0.030847",
        "orig_bytes": "140455",
        "resp_bytes": "15022",
        "conn_state": "S3",
        "local_orig": "-",
        "local_resp": "-",
        "missed_bytes": "0",
        "history": "ShADadf",
        "orig_pkts": "18",
        "orig_ip_bytes": "141399",
        "resp_pkts": "16",
        "resp_ip_bytes": "15862",
        "tunnel_parents": "-"
    },
    {
        "ts": "1686720662.439829",
        "uid": "CqSYe5Eq4xD6ywJra",
        "id.orig_h": "192.168.144.128",
        "id.orig_p": "50574",
        "id.resp_h": "172.22.0.2",
        "id.resp_p": "8000",
        "proto": "tcp",
        "service": "http",
        "duration": "0.013820",
        "orig_bytes": "9710",
        "resp_bytes": "8420",
        "conn_state": "SF",
        "local_orig": "-",
        "local_resp": "-",
        "missed_bytes": "0",
        "history": "ShADadfF",
        "orig_pkts": "8",
        "orig_ip_bytes": "10134",
        "resp_pkts": "8",
        "resp_ip_bytes": "8844",
        "tunnel_parents": "-"
    },
    {
        "ts": "1686720662.421182",
        "uid": "CiVcPh4AkbyaTIEUc6",
        "id.orig_h": "192.168.144.128",
        "id.orig_p": "50570",
        "id.resp_h": "172.22.0.2",
        "id.resp_p": "8000",
        "proto": "tcp",
        "service": "http",
        "duration": "0.009276",
        "orig_bytes": "24412",
        "resp_bytes": "4625",
        "conn_state": "SF",
        "local_orig": "-",
        "local_resp": "-",
        "missed_bytes": "0",
        "history": "ShADadfF",
        "orig_pkts": "9",
        "orig_ip_bytes": "24888",
        "resp_pkts": "9",
        "resp_ip_bytes": "5101",
        "tunnel_parents": "-"
    },
    {
        "ts": "1686720662.354624",
        "uid": "CBz3lJ2SgNiVEV3zKb",
        "id.orig_h": "192.168.144.128",
        "id.orig_p": "50566",
        "id.resp_h": "172.22.0.2",
        "id.resp_p": "8000",
        "proto": "tcp",
        "service": "http",
        "duration": "0.042333",
        "orig_bytes": "137180",
        "resp_bytes": "10719",
        "conn_state": "SF",
        "local_orig": "-",
        "local_resp": "-",
        "missed_bytes": "0",
        "history": "ShADadfF",
        "orig_pkts": "20",
        "orig_ip_bytes": "138228",
        "resp_pkts": "18",
        "resp_ip_bytes": "11663",
        "tunnel_parents": "-"
    },
    {
        "ts": "1686720662.337164",
        "uid": "C6jlwPwDEcGcAnQH3",
        "id.orig_h": "192.168.144.128",
        "id.orig_p": "50564",
        "id.resp_h": "172.22.0.2",
        "id.resp_p": "8000",
        "proto": "tcp",
        "service": "http",
        "duration": "0.008536",
        "orig_bytes": "5895",
        "resp_bytes": "7813",
        "conn_state": "SF",
        "local_orig": "-",
        "local_resp": "-",
        "missed_bytes": "0",
        "history": "ShADadfF",
        "orig_pkts": "7",
        "orig_ip_bytes": "6267",
        "resp_pkts": "7",
        "resp_ip_bytes": "8185",
        "tunnel_parents": "-"
    },
    {
        "ts": "1686720662.462454",
        "uid": "COLNno1ZaFzWYkyxBi",
        "id.orig_h": "192.168.144.128",
        "id.orig_p": "50576",
        "id.resp_h": "172.22.0.2",
        "id.resp_p": "8000",
        "proto": "tcp",
        "service": "http",
        "duration": "0.009305",
        "orig_bytes": "11719",
        "resp_bytes": "10105",
        "conn_state": "SF",
        "local_orig": "-",
        "local_resp": "-",
        "missed_bytes": "0",
        "history": "ShADadfF",
        "orig_pkts": "10",
        "orig_ip_bytes": "12247",
        "resp_pkts": "10",
        "resp_ip_bytes": "10633",
        "tunnel_parents": "-"
    },
    {
        "ts": "1686720662.319928",
        "uid": "CfPL394bJVcd2LsxHg",
        "id.orig_h": "192.168.144.128",
        "id.orig_p": "50560",
        "id.resp_h": "172.22.0.2",
        "id.resp_p": "8000",
        "proto": "tcp",
        "service": "http",
        "duration": "0.008335",
        "orig_bytes": "6785",
        "resp_bytes": "12311",
        "conn_state": "SF",
        "local_orig": "-",
        "local_resp": "-",
        "missed_bytes": "0",
        "history": "ShADadfF",
        "orig_pkts": "9",
        "orig_ip_bytes": "7261",
        "resp_pkts": "8",
        "resp_ip_bytes": "12735",
        "tunnel_parents": "-"
    },
    {
        "ts": "1686720662.242360",
        "uid": "CKmxq72uGT3TBWJ84i",
        "id.orig_h": "192.168.144.128",
        "id.orig_p": "50558",
        "id.resp_h": "172.22.0.2",
        "id.resp_p": "8000",
        "proto": "tcp",
        "service": "http",
        "duration": "0.069127",
        "orig_bytes": "122877",
        "resp_bytes": "5806",
        "conn_state": "SF",
        "local_orig": "-",
        "local_resp": "-",
        "missed_bytes": "0",
        "history": "ShADadfF",
        "orig_pkts": "18",
        "orig_ip_bytes": "123821",
        "resp_pkts": "15",
        "resp_ip_bytes": "6594",
        "tunnel_parents": "-"
    },
    {
        "ts": "1686720661.491798",
        "uid": "CdhhIE1sDh3y3HPg0k",
        "id.orig_h": "192.168.144.128",
        "id.orig_p": "50552",
        "id.resp_h": "172.22.0.2",
        "id.resp_p": "8000",
        "proto": "tcp",
        "service": "http",
        "duration": "0.079844",
        "orig_bytes": "644",
        "resp_bytes": "1865",
        "conn_state": "SF",
        "local_orig": "-",
        "local_resp": "-",
        "missed_bytes": "0",
        "history": "ShADadfF",
        "orig_pkts": "7",
        "orig_ip_bytes": "1016",
        "resp_pkts": "7",
        "resp_ip_bytes": "2237",
        "tunnel_parents": "-"
    },
    {
        "ts": "1686720662.480467",
        "uid": "CnJFOg3dT27ccGz8E3",
        "id.orig_h": "192.168.144.128",
        "id.orig_p": "50578",
        "id.resp_h": "172.22.0.2",
        "id.resp_p": "8000",
        "proto": "tcp",
        "service": "http",
        "duration": "0.069427",
        "orig_bytes": "644",
        "resp_bytes": "1865",
        "conn_state": "SF",
        "local_orig": "-",
        "local_resp": "-",
        "missed_bytes": "0",
        "history": "ShADadfF",
        "orig_pkts": "7",
        "orig_ip_bytes": "1016",
        "resp_pkts": "7",
        "resp_ip_bytes": "2237",
        "tunnel_parents": "-"
    },
    {
        "ts": "1686720661.453639",
        "uid": "CVTIzM2zG5RDr55OD",
        "id.orig_h": "192.168.144.128",
        "id.orig_p": "50548",
        "id.resp_h": "172.22.0.2",
        "id.resp_p": "8000",
        "proto": "tcp",
        "service": "http",
        "duration": "0.011259",
        "orig_bytes": "9710",
        "resp_bytes": "8420",
        "conn_state": "SF",
        "local_orig": "-",
        "local_resp": "-",
        "missed_bytes": "0",
        "history": "ShADadfF",
        "orig_pkts": "8",
        "orig_ip_bytes": "10134",
        "resp_pkts": "8",
        "resp_ip_bytes": "8844",
        "tunnel_parents": "-"
    },
    {
        "ts": "1686720661.435497",
        "uid": "CdZFEE4FVVwpPQEKuj",
        "id.orig_h": "192.168.144.128",
        "id.orig_p": "50546",
        "id.resp_h": "172.22.0.2",
        "id.resp_p": "8000",
        "proto": "tcp",
        "service": "http",
        "duration": "0.009356",
        "orig_bytes": "24412",
        "resp_bytes": "4625",
        "conn_state": "SF",
        "local_orig": "-",
        "local_resp": "-",
        "missed_bytes": "0",
        "history": "ShADadfF",
        "orig_pkts": "9",
        "orig_ip_bytes": "24888",
        "resp_pkts": "9",
        "resp_ip_bytes": "5101",
        "tunnel_parents": "-"
    },
    {
        "ts": "1686720661.351550",
        "uid": "CuBvFg2eA7hnBBsCig",
        "id.orig_h": "192.168.144.128",
        "id.orig_p": "50536",
        "id.resp_h": "172.22.0.2",
        "id.resp_p": "8000",
        "proto": "tcp",
        "service": "http",
        "duration": "0.008189",
        "orig_bytes": "5895",
        "resp_bytes": "7813",
        "conn_state": "SF",
        "local_orig": "-",
        "local_resp": "-",
        "missed_bytes": "0",
        "history": "ShADadfF",
        "orig_pkts": "7",
        "orig_ip_bytes": "6267",
        "resp_pkts": "7",
        "resp_ip_bytes": "8185",
        "tunnel_parents": "-"
    },
    {
        "ts": "1686720661.257281",
        "uid": "C5OMqR1yq26O3eDJli",
        "id.orig_h": "192.168.144.128",
        "id.orig_p": "50532",
        "id.resp_h": "172.22.0.2",
        "id.resp_p": "8000",
        "proto": "tcp",
        "service": "http",
        "duration": "0.068247",
        "orig_bytes": "122877",
        "resp_bytes": "5806",
        "conn_state": "SF",
        "local_orig": "-",
        "local_resp": "-",
        "missed_bytes": "0",
        "history": "ShADadfF",
        "orig_pkts": "17",
        "orig_ip_bytes": "123769",
        "resp_pkts": "16",
        "resp_ip_bytes": "6646",
        "tunnel_parents": "-"
    },
    {
        "ts": "1686720661.192310",
        "uid": "CEiaJ42K94RVHxjK7f",
        "id.orig_h": "192.168.144.128",
        "id.orig_p": "50530",
        "id.resp_h": "172.22.0.2",
        "id.resp_p": "8000",
        "proto": "tcp",
        "service": "http",
        "duration": "0.055751",
        "orig_bytes": "621978",
        "resp_bytes": "46780",
        "conn_state": "SF",
        "local_orig": "-",
        "local_resp": "-",
        "missed_bytes": "0",
        "history": "ShADadfF",
        "orig_pkts": "46",
        "orig_ip_bytes": "624378",
        "resp_pkts": "33",
        "resp_ip_bytes": "48504",
        "tunnel_parents": "-"
    },
    {
        "ts": "1686720660.509822",
        "uid": "CndiZd3N4w7AY6qVah",
        "id.orig_h": "192.168.144.128",
        "id.orig_p": "50528",
        "id.resp_h": "172.22.0.2",
        "id.resp_p": "8000",
        "proto": "tcp",
        "service": "http",
        "duration": "0.027987",
        "orig_bytes": "140455",
        "resp_bytes": "15022",
        "conn_state": "SF",
        "local_orig": "-",
        "local_resp": "-",
        "missed_bytes": "0",
        "history": "ShADadfF",
        "orig_pkts": "20",
        "orig_ip_bytes": "141503",
        "resp_pkts": "17",
        "resp_ip_bytes": "15914",
        "tunnel_parents": "-"
    },
    {
        "ts": "1686720660.415587",
        "uid": "CaMtGj2KlEBU60YBE9",
        "id.orig_h": "192.168.144.128",
        "id.orig_p": "50524",
        "id.resp_h": "172.22.0.2",
        "id.resp_p": "8000",
        "proto": "tcp",
        "service": "http",
        "duration": "0.009223",
        "orig_bytes": "11719",
        "resp_bytes": "10105",
        "conn_state": "SF",
        "local_orig": "-",
        "local_resp": "-",
        "missed_bytes": "0",
        "history": "ShADadfF",
        "orig_pkts": "9",
        "orig_ip_bytes": "12195",
        "resp_pkts": "9",
        "resp_ip_bytes": "10581",
        "tunnel_parents": "-"
    },
    {
        "ts": "1686720660.392854",
        "uid": "COGScQBJuXRC5Mfhh",
        "id.orig_h": "192.168.144.128",
        "id.orig_p": "50522",
        "id.resp_h": "172.22.0.2",
        "id.resp_p": "8000",
        "proto": "tcp",
        "service": "http",
        "duration": "0.012613",
        "orig_bytes": "9710",
        "resp_bytes": "8420",
        "conn_state": "SF",
        "local_orig": "-",
        "local_resp": "-",
        "missed_bytes": "0",
        "history": "ShADadfF",
        "orig_pkts": "9",
        "orig_ip_bytes": "10186",
        "resp_pkts": "9",
        "resp_ip_bytes": "8896",
        "tunnel_parents": "-"
    },
    {
        "ts": "1686720660.357805",
        "uid": "CE2IxD4QriUvfY1hZ3",
        "id.orig_h": "192.168.144.128",
        "id.orig_p": "50518",
        "id.resp_h": "172.22.0.2",
        "id.resp_p": "8000",
        "proto": "tcp",
        "service": "http",
        "duration": "0.007191",
        "orig_bytes": "5636",
        "resp_bytes": "1572",
        "conn_state": "SF",
        "local_orig": "-",
        "local_resp": "-",
        "missed_bytes": "0",
        "history": "ShADadfF",
        "orig_pkts": "7",
        "orig_ip_bytes": "6008",
        "resp_pkts": "7",
        "resp_ip_bytes": "1944",
        "tunnel_parents": "-"
    },
    {
        "ts": "1686720660.290480",
        "uid": "CdEko72zErhvEHZwzg",
        "id.orig_h": "192.168.144.128",
        "id.orig_p": "50514",
        "id.resp_h": "172.22.0.2",
        "id.resp_p": "8000",
        "proto": "tcp",
        "service": "http",
        "duration": "0.008384",
        "orig_bytes": "5895",
        "resp_bytes": "7813",
        "conn_state": "SF",
        "local_orig": "-",
        "local_resp": "-",
        "missed_bytes": "0",
        "history": "ShADadfF",
        "orig_pkts": "7",
        "orig_ip_bytes": "6267",
        "resp_pkts": "7",
        "resp_ip_bytes": "8185",
        "tunnel_parents": "-"
    },
    {
        "ts": "1686720661.581247",
        "uid": "CEjwYc3ifybfASgRg7",
        "id.orig_h": "192.168.144.128",
        "id.orig_p": "50554",
        "id.resp_h": "172.22.0.2",
        "id.resp_p": "8000",
        "proto": "tcp",
        "service": "http",
        "duration": "0.029102",
        "orig_bytes": "140455",
        "resp_bytes": "15022",
        "conn_state": "SF",
        "local_orig": "-",
        "local_resp": "-",
        "missed_bytes": "0",
        "history": "ShADadfF",
        "orig_pkts": "23",
        "orig_ip_bytes": "141659",
        "resp_pkts": "19",
        "resp_ip_bytes": "16018",
        "tunnel_parents": "-"
    },
    {
        "ts": "1686720660.271926",
        "uid": "CSGeG24hJJHdY4Zg4h",
        "id.orig_h": "192.168.144.128",
        "id.orig_p": "50512",
        "id.resp_h": "172.22.0.2",
        "id.resp_p": "8000",
        "proto": "tcp",
        "service": "http",
        "duration": "0.008404",
        "orig_bytes": "6785",
        "resp_bytes": "12311",
        "conn_state": "SF",
        "local_orig": "-",
        "local_resp": "-",
        "missed_bytes": "0",
        "history": "ShADadfF",
        "orig_pkts": "8",
        "orig_ip_bytes": "7209",
        "resp_pkts": "8",
        "resp_ip_bytes": "12735",
        "tunnel_parents": "-"
    },
    {
        "ts": "1686720660.127037",
        "uid": "C3KEQl4FNhwARSXb1i",
        "id.orig_h": "192.168.144.128",
        "id.orig_p": "50508",
        "id.resp_h": "172.22.0.2",
        "id.resp_p": "8000",
        "proto": "tcp",
        "service": "http",
        "duration": "0.057701",
        "orig_bytes": "621978",
        "resp_bytes": "46780",
        "conn_state": "SF",
        "local_orig": "-",
        "local_resp": "-",
        "missed_bytes": "0",
        "history": "ShADadfF",
        "orig_pkts": "43",
        "orig_ip_bytes": "624222",
        "resp_pkts": "31",
        "resp_ip_bytes": "48400",
        "tunnel_parents": "-"
    },
    {
        "ts": "1686720659.578961",
        "uid": "Czxw2d32jo85JRyUJ8",
        "id.orig_h": "192.168.144.128",
        "id.orig_p": "50506",
        "id.resp_h": "172.22.0.2",
        "id.resp_p": "8000",
        "proto": "tcp",
        "service": "http",
        "duration": "0.028888",
        "orig_bytes": "140455",
        "resp_bytes": "15022",
        "conn_state": "SF",
        "local_orig": "-",
        "local_resp": "-",
        "missed_bytes": "0",
        "history": "ShADadfF",
        "orig_pkts": "21",
        "orig_ip_bytes": "141555",
        "resp_pkts": "17",
        "resp_ip_bytes": "15914",
        "tunnel_parents": "-"
    },
    {
        "ts": "1686720659.501294",
        "uid": "CKgvdJDhNTBEHotj2",
        "id.orig_h": "192.168.144.128",
        "id.orig_p": "50504",
        "id.resp_h": "172.22.0.2",
        "id.resp_p": "8000",
        "proto": "tcp",
        "service": "http",
        "duration": "0.069077",
        "orig_bytes": "644",
        "resp_bytes": "1865",
        "conn_state": "SF",
        "local_orig": "-",
        "local_resp": "-",
        "missed_bytes": "0",
        "history": "ShADadfF",
        "orig_pkts": "7",
        "orig_ip_bytes": "1016",
        "resp_pkts": "7",
        "resp_ip_bytes": "2237",
        "tunnel_parents": "-"
    },
    {
        "ts": "1686720659.483726",
        "uid": "ClCh8D23sA5eElvWCc",
        "id.orig_h": "192.168.144.128",
        "id.orig_p": "50502",
        "id.resp_h": "172.22.0.2",
        "id.resp_p": "8000",
        "proto": "tcp",
        "service": "http",
        "duration": "0.009044",
        "orig_bytes": "11719",
        "resp_bytes": "10105",
        "conn_state": "SF",
        "local_orig": "-",
        "local_resp": "-",
        "missed_bytes": "0",
        "history": "ShADadfF",
        "orig_pkts": "9",
        "orig_ip_bytes": "12195",
        "resp_pkts": "9",
        "resp_ip_bytes": "10581",
        "tunnel_parents": "-"
    },
    {
        "ts": "1686720659.376701",
        "uid": "CKk1aL1v5r1YJOxHx7",
        "id.orig_h": "192.168.144.128",
        "id.orig_p": "50494",
        "id.resp_h": "172.22.0.2",
        "id.resp_p": "8000",
        "proto": "tcp",
        "service": "http",
        "duration": "0.040129",
        "orig_bytes": "137180",
        "resp_bytes": "10719",
        "conn_state": "SF",
        "local_orig": "-",
        "local_resp": "-",
        "missed_bytes": "0",
        "history": "ShADadfF",
        "orig_pkts": "20",
        "orig_ip_bytes": "138228",
        "resp_pkts": "18",
        "resp_ip_bytes": "11663",
        "tunnel_parents": "-"
    },
    {
        "ts": "1686720661.334948",
        "uid": "CFJu3LJRC8sfjZr4",
        "id.orig_h": "192.168.144.128",
        "id.orig_p": "50534",
        "id.resp_h": "172.22.0.2",
        "id.resp_p": "8000",
        "proto": "tcp",
        "service": "http",
        "duration": "0.008012",
        "orig_bytes": "6785",
        "resp_bytes": "12311",
        "conn_state": "SF",
        "local_orig": "-",
        "local_resp": "-",
        "missed_bytes": "0",
        "history": "ShADadfF",
        "orig_pkts": "8",
        "orig_ip_bytes": "7209",
        "resp_pkts": "8",
        "resp_ip_bytes": "12735",
        "tunnel_parents": "-"
    },
    {
        "ts": "1686720659.442739",
        "uid": "CF1Qa429Q9ngXYigph",
        "id.orig_h": "192.168.144.128",
        "id.orig_p": "50498",
        "id.resp_h": "172.22.0.2",
        "id.resp_p": "8000",
        "proto": "tcp",
        "service": "http",
        "duration": "0.010167",
        "orig_bytes": "24412",
        "resp_bytes": "4625",
        "conn_state": "SF",
        "local_orig": "-",
        "local_resp": "-",
        "missed_bytes": "0",
        "history": "ShADadfF",
        "orig_pkts": "9",
        "orig_ip_bytes": "24888",
        "resp_pkts": "9",
        "resp_ip_bytes": "5101",
        "tunnel_parents": "-"
    },
    {
        "ts": "1686720659.358847",
        "uid": "Co5HL02SHErQ2Uttnf",
        "id.orig_h": "192.168.144.128",
        "id.orig_p": "50492",
        "id.resp_h": "172.22.0.2",
        "id.resp_p": "8000",
        "proto": "tcp",
        "service": "http",
        "duration": "0.008251",
        "orig_bytes": "5895",
        "resp_bytes": "7813",
        "conn_state": "SF",
        "local_orig": "-",
        "local_resp": "-",
        "missed_bytes": "0",
        "history": "ShADadfF",
        "orig_pkts": "7",
        "orig_ip_bytes": "6267",
        "resp_pkts": "7",
        "resp_ip_bytes": "8185",
        "tunnel_parents": "-"
    },
    {
        "ts": "1686720662.172489",
        "uid": "CGTNlD3QuTTFDYhEGg",
        "id.orig_h": "192.168.144.128",
        "id.orig_p": "50556",
        "id.resp_h": "172.22.0.2",
        "id.resp_p": "8000",
        "proto": "tcp",
        "service": "http",
        "duration": "0.060523",
        "orig_bytes": "621978",
        "resp_bytes": "46780",
        "conn_state": "SF",
        "local_orig": "-",
        "local_resp": "-",
        "missed_bytes": "0",
        "history": "ShADadfF",
        "orig_pkts": "60",
        "orig_ip_bytes": "625106",
        "resp_pkts": "54",
        "resp_ip_bytes": "49596",
        "tunnel_parents": "-"
    },
    {
        "ts": "1686720659.341599",
        "uid": "CRSTKS2UA77nDwJvbk",
        "id.orig_h": "192.168.144.128",
        "id.orig_p": "50490",
        "id.resp_h": "172.22.0.2",
        "id.resp_p": "8000",
        "proto": "tcp",
        "service": "http",
        "duration": "0.008697",
        "orig_bytes": "6785",
        "resp_bytes": "12311",
        "conn_state": "SF",
        "local_orig": "-",
        "local_resp": "-",
        "missed_bytes": "0",
        "history": "ShADadfF",
        "orig_pkts": "8",
        "orig_ip_bytes": "7209",
        "resp_pkts": "8",
        "resp_ip_bytes": "12735",
        "tunnel_parents": "-"
    },
    {
        "ts": "1686720660.373959",
        "uid": "CWBAGg2XcFO2omddG7",
        "id.orig_h": "192.168.144.128",
        "id.orig_p": "50520",
        "id.resp_h": "172.22.0.2",
        "id.resp_p": "8000",
        "proto": "tcp",
        "service": "http",
        "duration": "0.008980",
        "orig_bytes": "24412",
        "resp_bytes": "4625",
        "conn_state": "SF",
        "local_orig": "-",
        "local_resp": "-",
        "missed_bytes": "0",
        "history": "ShADadfF",
        "orig_pkts": "9",
        "orig_ip_bytes": "24888",
        "resp_pkts": "9",
        "resp_ip_bytes": "5101",
        "tunnel_parents": "-"
    },
    {
        "ts": "1686720659.263568",
        "uid": "CGXPKA1GRrWkEQKPF4",
        "id.orig_h": "192.168.144.128",
        "id.orig_p": "50488",
        "id.resp_h": "172.22.0.2",
        "id.resp_p": "8000",
        "proto": "tcp",
        "service": "http",
        "duration": "0.068125",
        "orig_bytes": "122877",
        "resp_bytes": "5806",
        "conn_state": "SF",
        "local_orig": "-",
        "local_resp": "-",
        "missed_bytes": "0",
        "history": "ShADadfF",
        "orig_pkts": "18",
        "orig_ip_bytes": "123821",
        "resp_pkts": "18",
        "resp_ip_bytes": "6750",
        "tunnel_parents": "-"
    },
    {
        "ts": "1686720659.188746",
        "uid": "CFyl2t4gGEm55J38Pf",
        "id.orig_h": "192.168.144.128",
        "id.orig_p": "50486",
        "id.resp_h": "172.22.0.2",
        "id.resp_p": "8000",
        "proto": "tcp",
        "service": "http",
        "duration": "0.065464",
        "orig_bytes": "621978",
        "resp_bytes": "46780",
        "conn_state": "SF",
        "local_orig": "-",
        "local_resp": "-",
        "missed_bytes": "0",
        "history": "ShADadfF",
        "orig_pkts": "46",
        "orig_ip_bytes": "624378",
        "resp_pkts": "39",
        "resp_ip_bytes": "48816",
        "tunnel_parents": "-"
    },
    {
        "ts": "1686720660.307866",
        "uid": "CTH8Mh2mFDn2wQRNT5",
        "id.orig_h": "192.168.144.128",
        "id.orig_p": "50516",
        "id.resp_h": "172.22.0.2",
        "id.resp_p": "8000",
        "proto": "tcp",
        "service": "http",
        "duration": "0.039891",
        "orig_bytes": "137180",
        "resp_bytes": "10719",
        "conn_state": "SF",
        "local_orig": "-",
        "local_resp": "-",
        "missed_bytes": "0",
        "history": "ShADadfF",
        "orig_pkts": "18",
        "orig_ip_bytes": "138124",
        "resp_pkts": "16",
        "resp_ip_bytes": "11559",
        "tunnel_parents": "-"
    },
    {
        "ts": "1686720658.498977",
        "uid": "CYivGOFmQVyjeAfok",
        "id.orig_h": "192.168.144.128",
        "id.orig_p": "50482",
        "id.resp_h": "172.22.0.2",
        "id.resp_p": "8000",
        "proto": "tcp",
        "service": "http",
        "duration": "0.070543",
        "orig_bytes": "644",
        "resp_bytes": "1865",
        "conn_state": "SF",
        "local_orig": "-",
        "local_resp": "-",
        "missed_bytes": "0",
        "history": "ShADadfF",
        "orig_pkts": "7",
        "orig_ip_bytes": "1016",
        "resp_pkts": "7",
        "resp_ip_bytes": "2237",
        "tunnel_parents": "-"
    },
    {
        "ts": "1686720661.473805",
        "uid": "CiLDGb10z6xLHyQzWb",
        "id.orig_h": "192.168.144.128",
        "id.orig_p": "50550",
        "id.resp_h": "172.22.0.2",
        "id.resp_p": "8000",
        "proto": "tcp",
        "service": "http",
        "duration": "0.009284",
        "orig_bytes": "11719",
        "resp_bytes": "10105",
        "conn_state": "SF",
        "local_orig": "-",
        "local_resp": "-",
        "missed_bytes": "0",
        "history": "ShADadfF",
        "orig_pkts": "10",
        "orig_ip_bytes": "12247",
        "resp_pkts": "10",
        "resp_ip_bytes": "10633",
        "tunnel_parents": "-"
    },
    {
        "ts": "1686720658.460153",
        "uid": "Cj33ct25CKwb0ie7q3",
        "id.orig_h": "192.168.144.128",
        "id.orig_p": "50478",
        "id.resp_h": "172.22.0.2",
        "id.resp_p": "8000",
        "proto": "tcp",
        "service": "http",
        "duration": "0.011719",
        "orig_bytes": "9710",
        "resp_bytes": "8420",
        "conn_state": "SF",
        "local_orig": "-",
        "local_resp": "-",
        "missed_bytes": "0",
        "history": "ShADadfF",
        "orig_pkts": "8",
        "orig_ip_bytes": "10134",
        "resp_pkts": "8",
        "resp_ip_bytes": "8844",
        "tunnel_parents": "-"
    },
    {
        "ts": "1686720662.406485",
        "uid": "CwZScr25MKt92WdWoe",
        "id.orig_h": "192.168.144.128",
        "id.orig_p": "50568",
        "id.resp_h": "172.22.0.2",
        "id.resp_p": "8000",
        "proto": "tcp",
        "service": "http",
        "duration": "0.006271",
        "orig_bytes": "5636",
        "resp_bytes": "1572",
        "conn_state": "SF",
        "local_orig": "-",
        "local_resp": "-",
        "missed_bytes": "0",
        "history": "ShADadfF",
        "orig_pkts": "7",
        "orig_ip_bytes": "6008",
        "resp_pkts": "7",
        "resp_ip_bytes": "1944",
        "tunnel_parents": "-"
    },
    {
        "ts": "1686720658.337909",
        "uid": "C5OiPizfmuiKsClba",
        "id.orig_h": "192.168.144.128",
        "id.orig_p": "50468",
        "id.resp_h": "172.22.0.2",
        "id.resp_p": "8000",
        "proto": "tcp",
        "service": "http",
        "duration": "0.007977",
        "orig_bytes": "6785",
        "resp_bytes": "12311",
        "conn_state": "SF",
        "local_orig": "-",
        "local_resp": "-",
        "missed_bytes": "0",
        "history": "ShADadfF",
        "orig_pkts": "10",
        "orig_ip_bytes": "7313",
        "resp_pkts": "9",
        "resp_ip_bytes": "12787",
        "tunnel_parents": "-"
    },
    {
        "ts": "1686720658.480933",
        "uid": "CUnpQb48T6GFy5lu84",
        "id.orig_h": "192.168.144.128",
        "id.orig_p": "50480",
        "id.resp_h": "172.22.0.2",
        "id.resp_p": "8000",
        "proto": "tcp",
        "service": "http",
        "duration": "0.009042",
        "orig_bytes": "11719",
        "resp_bytes": "10105",
        "conn_state": "SF",
        "local_orig": "-",
        "local_resp": "-",
        "missed_bytes": "0",
        "history": "ShADadfF",
        "orig_pkts": "9",
        "orig_ip_bytes": "12195",
        "resp_pkts": "9",
        "resp_ip_bytes": "10581",
        "tunnel_parents": "-"
    },
    {
        "ts": "1686720657.622316",
        "uid": "CCM0Js2Yp1TtGDsc6g",
        "id.orig_h": "192.168.144.128",
        "id.orig_p": "50462",
        "id.resp_h": "172.22.0.2",
        "id.resp_p": "8000",
        "proto": "tcp",
        "service": "http",
        "duration": "0.026543",
        "orig_bytes": "140455",
        "resp_bytes": "15022",
        "conn_state": "SF",
        "local_orig": "-",
        "local_resp": "-",
        "missed_bytes": "0",
        "history": "ShADadFf",
        "orig_pkts": "20",
        "orig_ip_bytes": "141503",
        "resp_pkts": "17",
        "resp_ip_bytes": "15914",
        "tunnel_parents": "-"
    },
    {
        "ts": "1686720658.259830",
        "uid": "C3EHk64uTb3Vb4Zwrf",
        "id.orig_h": "192.168.144.128",
        "id.orig_p": "50466",
        "id.resp_h": "172.22.0.2",
        "id.resp_p": "8000",
        "proto": "tcp",
        "service": "http",
        "duration": "0.068201",
        "orig_bytes": "122877",
        "resp_bytes": "5806",
        "conn_state": "SF",
        "local_orig": "-",
        "local_resp": "-",
        "missed_bytes": "0",
        "history": "ShADadfF",
        "orig_pkts": "19",
        "orig_ip_bytes": "123873",
        "resp_pkts": "16",
        "resp_ip_bytes": "6646",
        "tunnel_parents": "-"
    },
    {
        "ts": "1686720658.578129",
        "uid": "CGWwnX27BUlIKV06rg",
        "id.orig_h": "192.168.144.128",
        "id.orig_p": "50484",
        "id.resp_h": "172.22.0.2",
        "id.resp_p": "8000",
        "proto": "tcp",
        "service": "http",
        "duration": "0.028304",
        "orig_bytes": "140455",
        "resp_bytes": "15022",
        "conn_state": "SF",
        "local_orig": "-",
        "local_resp": "-",
        "missed_bytes": "0",
        "history": "ShADadfF",
        "orig_pkts": "23",
        "orig_ip_bytes": "141659",
        "resp_pkts": "18",
        "resp_ip_bytes": "15966",
        "tunnel_parents": "-"
    },
    {
        "ts": "1686720661.368842",
        "uid": "CRENdF1E4EELj10Z28",
        "id.orig_h": "192.168.144.128",
        "id.orig_p": "50540",
        "id.resp_h": "172.22.0.2",
        "id.resp_p": "8000",
        "proto": "tcp",
        "service": "http",
        "duration": "0.041534",
        "orig_bytes": "137180",
        "resp_bytes": "10719",
        "conn_state": "SF",
        "local_orig": "-",
        "local_resp": "-",
        "missed_bytes": "0",
        "history": "ShADadfF",
        "orig_pkts": "22",
        "orig_ip_bytes": "138332",
        "resp_pkts": "20",
        "resp_ip_bytes": "11767",
        "tunnel_parents": "-"
    },
    {
        "ts": "1686720659.461629",
        "uid": "CIkLuQ1wBm4uNpgz61",
        "id.orig_h": "192.168.144.128",
        "id.orig_p": "50500",
        "id.resp_h": "172.22.0.2",
        "id.resp_p": "8000",
        "proto": "tcp",
        "service": "http",
        "duration": "0.012921",
        "orig_bytes": "9710",
        "resp_bytes": "8420",
        "conn_state": "SF",
        "local_orig": "-",
        "local_resp": "-",
        "missed_bytes": "0",
        "history": "ShADadfF",
        "orig_pkts": "9",
        "orig_ip_bytes": "10186",
        "resp_pkts": "9",
        "resp_ip_bytes": "8896",
        "tunnel_parents": "-"
    },
    {
        "ts": "1686720658.354729",
        "uid": "CNCAbhPGIHZL15pYa",
        "id.orig_h": "192.168.144.128",
        "id.orig_p": "50470",
        "id.resp_h": "172.22.0.2",
        "id.resp_p": "8000",
        "proto": "tcp",
        "service": "http",
        "duration": "0.008272",
        "orig_bytes": "5895",
        "resp_bytes": "7813",
        "conn_state": "SF",
        "local_orig": "-",
        "local_resp": "-",
        "missed_bytes": "0",
        "history": "ShADadfF",
        "orig_pkts": "8",
        "orig_ip_bytes": "6319",
        "resp_pkts": "8",
        "resp_ip_bytes": "8237",
        "tunnel_parents": "-"
    },
    {
        "ts": "1686720660.193416",
        "uid": "C6s3k03xlXeue4Mdaf",
        "id.orig_h": "192.168.144.128",
        "id.orig_p": "50510",
        "id.resp_h": "172.22.0.2",
        "id.resp_p": "8000",
        "proto": "tcp",
        "service": "http",
        "duration": "0.069335",
        "orig_bytes": "122877",
        "resp_bytes": "5806",
        "conn_state": "SF",
        "local_orig": "-",
        "local_resp": "-",
        "missed_bytes": "0",
        "history": "ShADadfF",
        "orig_pkts": "17",
        "orig_ip_bytes": "123769",
        "resp_pkts": "15",
        "resp_ip_bytes": "6594",
        "tunnel_parents": "-"
    },
    {
        "ts": "1686720658.373062",
        "uid": "Cd4VmtqXfFArcBLu9",
        "id.orig_h": "192.168.144.128",
        "id.orig_p": "50472",
        "id.resp_h": "172.22.0.2",
        "id.resp_p": "8000",
        "proto": "tcp",
        "service": "http",
        "duration": "0.043105",
        "orig_bytes": "137180",
        "resp_bytes": "10719",
        "conn_state": "SF",
        "local_orig": "-",
        "local_resp": "-",
        "missed_bytes": "0",
        "history": "ShADadfF",
        "orig_pkts": "21",
        "orig_ip_bytes": "138280",
        "resp_pkts": "18",
        "resp_ip_bytes": "11663",
        "tunnel_parents": "-"
    },
    {
        "ts": "1686720660.433052",
        "uid": "CBFxAg3gc7WKauHKM1",
        "id.orig_h": "192.168.144.128",
        "id.orig_p": "50526",
        "id.resp_h": "172.22.0.2",
        "id.resp_p": "8000",
        "proto": "tcp",
        "service": "http",
        "duration": "0.068348",
        "orig_bytes": "644",
        "resp_bytes": "1865",
        "conn_state": "SF",
        "local_orig": "-",
        "local_resp": "-",
        "missed_bytes": "0",
        "history": "ShADadfF",
        "orig_pkts": "7",
        "orig_ip_bytes": "1016",
        "resp_pkts": "7",
        "resp_ip_bytes": "2237",
        "tunnel_parents": "-"
    },
    {
        "ts": "1686720657.541277",
        "uid": "CLkc0T1jymrs5ua0W6",
        "id.orig_h": "192.168.144.128",
        "id.orig_p": "50460",
        "id.resp_h": "172.22.0.2",
        "id.resp_p": "8000",
        "proto": "tcp",
        "service": "http",
        "duration": "0.072490",
        "orig_bytes": "644",
        "resp_bytes": "1865",
        "conn_state": "SF",
        "local_orig": "-",
        "local_resp": "-",
        "missed_bytes": "0",
        "history": "ShADadfF",
        "orig_pkts": "8",
        "orig_ip_bytes": "1068",
        "resp_pkts": "8",
        "resp_ip_bytes": "2289",
        "tunnel_parents": "-"
    },
    {
        "ts": "1686720658.440233",
        "uid": "CFrRJsv7tqCy4oVm7",
        "id.orig_h": "192.168.144.128",
        "id.orig_p": "50476",
        "id.resp_h": "172.22.0.2",
        "id.resp_p": "8000",
        "proto": "tcp",
        "service": "http",
        "duration": "0.010490",
        "orig_bytes": "24412",
        "resp_bytes": "4625",
        "conn_state": "SF",
        "local_orig": "-",
        "local_resp": "-",
        "missed_bytes": "0",
        "history": "ShADadfF",
        "orig_pkts": "10",
        "orig_ip_bytes": "24940",
        "resp_pkts": "10",
        "resp_ip_bytes": "5153",
        "tunnel_parents": "-"
    },
    {
        "ts": "1686720661.419419",
        "uid": "CGhtMEPa8CeoIswfd",
        "id.orig_h": "192.168.144.128",
        "id.orig_p": "50542",
        "id.resp_h": "172.22.0.2",
        "id.resp_p": "8000",
        "proto": "tcp",
        "service": "http",
        "duration": "0.007141",
        "orig_bytes": "5636",
        "resp_bytes": "1572",
        "conn_state": "SF",
        "local_orig": "-",
        "local_resp": "-",
        "missed_bytes": "0",
        "history": "ShADadfF",
        "orig_pkts": "7",
        "orig_ip_bytes": "6008",
        "resp_pkts": "7",
        "resp_ip_bytes": "1944",
        "tunnel_parents": "-"
    },
    {
        "ts": "1686720658.188762",
        "uid": "CrN5hi3GdoqmE6C41a",
        "id.orig_h": "192.168.144.128",
        "id.orig_p": "50464",
        "id.resp_h": "172.22.0.2",
        "id.resp_p": "8000",
        "proto": "tcp",
        "service": "http",
        "duration": "0.060040",
        "orig_bytes": "621978",
        "resp_bytes": "46780",
        "conn_state": "SF",
        "local_orig": "-",
        "local_resp": "-",
        "missed_bytes": "0",
        "history": "ShADadfF",
        "orig_pkts": "42",
        "orig_ip_bytes": "624170",
        "resp_pkts": "38",
        "resp_ip_bytes": "48764",
        "tunnel_parents": "-"
    },
    {
        "ts": "1686720659.426025",
        "uid": "CGYWsq3cgDhtCykLjg",
        "id.orig_h": "192.168.144.128",
        "id.orig_p": "50496",
        "id.resp_h": "172.22.0.2",
        "id.resp_p": "8000",
        "proto": "tcp",
        "service": "http",
        "duration": "0.007995",
        "orig_bytes": "5636",
        "resp_bytes": "1572",
        "conn_state": "SF",
        "local_orig": "-",
        "local_resp": "-",
        "missed_bytes": "0",
        "history": "ShADadfF",
        "orig_pkts": "7",
        "orig_ip_bytes": "6008",
        "resp_pkts": "7",
        "resp_ip_bytes": "1944",
        "tunnel_parents": "-"
    },
    {
        "ts": "1686720658.425394",
        "uid": "C1N85WSBBWPIaxKu9",
        "id.orig_h": "192.168.144.128",
        "id.orig_p": "50474",
        "id.resp_h": "172.22.0.2",
        "id.resp_p": "8000",
        "proto": "tcp",
        "service": "http",
        "duration": "0.006145",
        "orig_bytes": "5636",
        "resp_bytes": "1572",
        "conn_state": "SF",
        "local_orig": "-",
        "local_resp": "-",
        "missed_bytes": "0",
        "history": "ShADadfF",
        "orig_pkts": "8",
        "orig_ip_bytes": "6060",
        "resp_pkts": "8",
        "resp_ip_bytes": "1996",
        "tunnel_parents": "-"
    }
]