[
    {
        "ts": "1686717378.680093",
        "uid": "CSVXjlwkoRTjacJ4k",
        "id.orig_h": "172.22.0.1",
        "id.orig_p": "5353",
        "id.resp_h": "224.0.0.251",
        "id.resp_p": "5353",
        "proto": "udp",
        "trans_id": "0",
        "rtt": "0.405081",
        "query": "_ipps._tcp.local",
        "qclass": "1",
        "qclass_name": "C_INTERNET",
        "qtype": "12",
        "qtype_name": "PTR",
        "rcode": "0",
        "rcode_name": "NOERROR",
        "AA": "T",
        "TC": "F",
        "RD": "F",
        "RA": "F",
        "Z": "0",
        "answers": "172.22.0.1",
        "TTLs": "120.000000",
        "rejected": "F"
    },
    {
        "ts": "1686717379.084956",
        "uid": "CSVXjlwkoRTjacJ4k",
        "id.orig_h": "172.22.0.1",
        "id.orig_p": "5353",
        "id.resp_h": "224.0.0.251",
        "id.resp_p": "5353",
        "proto": "udp",
        "trans_id": "0",
        "rtt": "0.502576",
        "query": "cristianadockerhub.local",
        "qclass": "1",
        "qclass_name": "C_INTERNET",
        "qtype": "255",
        "qtype_name": "*",
        "rcode": "0",
        "rcode_name": "NOERROR",
        "AA": "T",
        "TC": "F",
        "RD": "F",
        "RA": "F",
        "Z": "0",
        "answers": "172.22.0.1",
        "TTLs": "120.000000",
        "rejected": "F"
    },
    {
        "ts": "1686717378.784285",
        "uid": "CmAoE71ns6hdBXzFFd",
        "id.orig_h": "fe80::6cf4:3bff:fe40:801",
        "id.orig_p": "5353",
        "id.resp_h": "ff02::fb",
        "id.resp_p": "5353",
        "proto": "udp",
        "trans_id": "0",
        "rtt": "0.807267",
        "query": "_ipps._tcp.local",
        "qclass": "1",
        "qclass_name": "C_INTERNET",
        "qtype": "12",
        "qtype_name": "PTR",
        "rcode": "0",
        "rcode_name": "NOERROR",
        "AA": "T",
        "TC": "F",
        "RD": "F",
        "RA": "F",
        "Z": "0",
        "answers": "cristianadockerhub.local,fe80::6cf4:3bff:fe40:801",
        "TTLs": "120.000000,120.000000",
        "rejected": "F"
    },
    {
        "ts": "1686717379.336378",
        "uid": "CSVXjlwkoRTjacJ4k",
        "id.orig_h": "172.22.0.1",
        "id.orig_p": "5353",
        "id.resp_h": "224.0.0.251",
        "id.resp_p": "5353",
        "proto": "udp",
        "trans_id": "0",
        "rtt": "0.450738",
        "query": "cristianadockerhub.local",
        "qclass": "1",
        "qclass_name": "C_INTERNET",
        "qtype": "255",
        "qtype_name": "*",
        "rcode": "0",
        "rcode_name": "NOERROR",
        "AA": "T",
        "TC": "F",
        "RD": "F",
        "RA": "F",
        "Z": "0",
        "answers": "cristianadockerhub.local,fe80::42:26ff:fe25:aafc",
        "TTLs": "120.000000,120.000000",
        "rejected": "F"
    },
    {
        "ts": "1686717378.979596",
        "uid": "CntrSN3UEY2aC1t4Qa",
        "id.orig_h": "fe80::42:26ff:fe25:aafc",
        "id.orig_p": "5353",
        "id.resp_h": "ff02::fb",
        "id.resp_p": "5353",
        "proto": "udp",
        "trans_id": "0",
        "rtt": "0.807671",
        "query": "_ipps._tcp.local",
        "qclass": "1",
        "qclass_name": "C_INTERNET",
        "qtype": "12",
        "qtype_name": "PTR",
        "rcode": "0",
        "rcode_name": "NOERROR",
        "AA": "T",
        "TC": "F",
        "RD": "F",
        "RA": "F",
        "Z": "0",
        "answers": "cristianadockerhub.local,fe80::42:26ff:fe25:aafc",
        "TTLs": "120.000000,120.000000",
        "rejected": "F"
    },
    {
        "ts": "1686717379.587308",
        "uid": "CSVXjlwkoRTjacJ4k",
        "id.orig_h": "172.22.0.1",
        "id.orig_p": "5353",
        "id.resp_h": "224.0.0.251",
        "id.resp_p": "5353",
        "proto": "udp",
        "trans_id": "0",
        "rtt": "0.207857",
        "query": "cristianadockerhub.local",
        "qclass": "1",
        "qclass_name": "C_INTERNET",
        "qtype": "255",
        "qtype_name": "*",
        "rcode": "0",
        "rcode_name": "NOERROR",
        "AA": "T",
        "TC": "F",
        "RD": "F",
        "RA": "F",
        "Z": "0",
        "answers": "cristianadockerhub.local",
        "TTLs": "120.000000",
        "rejected": "F"
    },
    {
        "ts": "1686717378.888637",
        "uid": "CmAoE71ns6hdBXzFFd",
        "id.orig_h": "fe80::6cf4:3bff:fe40:801",
        "id.orig_p": "5353",
        "id.resp_h": "ff02::fb",
        "id.resp_p": "5353",
        "proto": "udp",
        "trans_id": "0",
        "rtt": "1.858455",
        "query": "cristianadockerhub.local",
        "qclass": "1",
        "qclass_name": "C_INTERNET",
        "qtype": "255",
        "qtype_name": "*",
        "rcode": "0",
        "rcode_name": "NOERROR",
        "AA": "T",
        "TC": "F",
        "RD": "F",
        "RA": "F",
        "Z": "0",
        "answers": "cristianadockerhub.local,fe80::6cf4:3bff:fe40:801",
        "TTLs": "120.000000,120.000000",
        "rejected": "F"
    },
    {
        "ts": "1686717379.084839",
        "uid": "CntrSN3UEY2aC1t4Qa",
        "id.orig_h": "fe80::42:26ff:fe25:aafc",
        "id.orig_p": "5353",
        "id.resp_h": "ff02::fb",
        "id.resp_p": "5353",
        "proto": "udp",
        "trans_id": "0",
        "rtt": "1.858317",
        "query": "cristianadockerhub.local",
        "qclass": "1",
        "qclass_name": "C_INTERNET",
        "qtype": "255",
        "qtype_name": "*",
        "rcode": "0",
        "rcode_name": "NOERROR",
        "AA": "T",
        "TC": "F",
        "RD": "F",
        "RA": "F",
        "Z": "0",
        "answers": "cristianadockerhub.local,fe80::42:26ff:fe25:aafc",
        "TTLs": "120.000000,120.000000",
        "rejected": "F"
    },
    {
        "ts": "1686717380.942970",
        "uid": "CSVXjlwkoRTjacJ4k",
        "id.orig_h": "172.22.0.1",
        "id.orig_p": "5353",
        "id.resp_h": "224.0.0.251",
        "id.resp_p": "5353",
        "proto": "udp",
        "trans_id": "0",
        "rtt": "-",
        "query": "_ipps._tcp.local",
        "qclass": "1",
        "qclass_name": "C_INTERNET",
        "qtype": "12",
        "qtype_name": "PTR",
        "rcode": "0",
        "rcode_name": "NOERROR",
        "AA": "T",
        "TC": "F",
        "RD": "F",
        "RA": "F",
        "Z": "0",
        "answers": "cristianadockerhub.local,fe80::42:26ff:fe25:aafc",
        "TTLs": "120.000000,120.000000",
        "rejected": "F"
    },
    {
        "ts": "1686717379.139473",
        "uid": "CmAoE71ns6hdBXzFFd",
        "id.orig_h": "fe80::6cf4:3bff:fe40:801",
        "id.orig_p": "5353",
        "id.resp_h": "ff02::fb",
        "id.resp_p": "5353",
        "proto": "udp",
        "trans_id": "0",
        "rtt": "3.762357",
        "query": "cristianadockerhub.local",
        "qclass": "1",
        "qclass_name": "C_INTERNET",
        "qtype": "255",
        "qtype_name": "*",
        "rcode": "0",
        "rcode_name": "NOERROR",
        "AA": "T",
        "TC": "F",
        "RD": "F",
        "RA": "F",
        "Z": "0",
        "answers": "cristianadockerhub.local,fe80::6cf4:3bff:fe40:801",
        "TTLs": "120.000000,120.000000",
        "rejected": "F"
    },
    {
        "ts": "1686717379.336198",
        "uid": "CntrSN3UEY2aC1t4Qa",
        "id.orig_h": "fe80::42:26ff:fe25:aafc",
        "id.orig_p": "5353",
        "id.resp_h": "ff02::fb",
        "id.resp_p": "5353",
        "proto": "udp",
        "trans_id": "0",
        "rtt": "3.761734",
        "query": "cristianadockerhub.local",
        "qclass": "1",
        "qclass_name": "C_INTERNET",
        "qtype": "255",
        "qtype_name": "*",
        "rcode": "0",
        "rcode_name": "NOERROR",
        "AA": "T",
        "TC": "F",
        "RD": "F",
        "RA": "F",
        "Z": "0",
        "answers": "cristianadockerhub.local,fe80::42:26ff:fe25:aafc",
        "TTLs": "120.000000,120.000000",
        "rejected": "F"
    },
    {
        "ts": "1686717383.097889",
        "uid": "CSVXjlwkoRTjacJ4k",
        "id.orig_h": "172.22.0.1",
        "id.orig_p": "5353",
        "id.resp_h": "224.0.0.251",
        "id.resp_p": "5353",
        "proto": "udp",
        "trans_id": "0",
        "rtt": "-",
        "query": "_ipps._tcp.local",
        "qclass": "1",
        "qclass_name": "C_INTERNET",
        "qtype": "12",
        "qtype_name": "PTR",
        "rcode": "0",
        "rcode_name": "NOERROR",
        "AA": "T",
        "TC": "F",
        "RD": "F",
        "RA": "F",
        "Z": "0",
        "answers": "cristianadockerhub.local,fe80::42:26ff:fe25:aafc",
        "TTLs": "120.000000,120.000000",
        "rejected": "F"
    },
    {
        "ts": "1686717379.587201",
        "uid": "CntrSN3UEY2aC1t4Qa",
        "id.orig_h": "fe80::42:26ff:fe25:aafc",
        "id.orig_p": "5353",
        "id.resp_h": "ff02::fb",
        "id.resp_p": "5353",
        "proto": "udp",
        "trans_id": "0",
        "rtt": "-",
        "query": "cristianadockerhub.local",
        "qclass": "1",
        "qclass_name": "C_INTERNET",
        "qtype": "255",
        "qtype_name": "*",
        "rcode": "-",
        "rcode_name": "-",
        "AA": "F",
        "TC": "F",
        "RD": "F",
        "RA": "F",
        "Z": "0",
        "answers": "-",
        "TTLs": "-",
        "rejected": "F"
    },
    {
        "ts": "1686717379.979269",
        "uid": "CntrSN3UEY2aC1t4Qa",
        "id.orig_h": "fe80::42:26ff:fe25:aafc",
        "id.orig_p": "5353",
        "id.resp_h": "ff02::fb",
        "id.resp_p": "5353",
        "proto": "udp",
        "trans_id": "0",
        "rtt": "-",
        "query": "_ipps._tcp.local",
        "qclass": "1",
        "qclass_name": "C_INTERNET",
        "qtype": "12",
        "qtype_name": "PTR",
        "rcode": "-",
        "rcode_name": "-",
        "AA": "F",
        "TC": "F",
        "RD": "F",
        "RA": "F",
        "Z": "0",
        "answers": "-",
        "TTLs": "-",
        "rejected": "F"
    },
    {
        "ts": "1686717382.297787",
        "uid": "CntrSN3UEY2aC1t4Qa",
        "id.orig_h": "fe80::42:26ff:fe25:aafc",
        "id.orig_p": "5353",
        "id.resp_h": "ff02::fb",
        "id.resp_p": "5353",
        "proto": "udp",
        "trans_id": "0",
        "rtt": "-",
        "query": "_ipps._tcp.local",
        "qclass": "1",
        "qclass_name": "C_INTERNET",
        "qtype": "12",
        "qtype_name": "PTR",
        "rcode": "-",
        "rcode_name": "-",
        "AA": "F",
        "TC": "F",
        "RD": "F",
        "RA": "F",
        "Z": "0",
        "answers": "-",
        "TTLs": "-",
        "rejected": "F"
    },
    {
        "ts": "1686717386.278749",
        "uid": "CntrSN3UEY2aC1t4Qa",
        "id.orig_h": "fe80::42:26ff:fe25:aafc",
        "id.orig_p": "5353",
        "id.resp_h": "ff02::fb",
        "id.resp_p": "5353",
        "proto": "udp",
        "trans_id": "0",
        "rtt": "-",
        "query": "_ipps._tcp.local",
        "qclass": "1",
        "qclass_name": "C_INTERNET",
        "qtype": "12",
        "qtype_name": "PTR",
        "rcode": "-",
        "rcode_name": "-",
        "AA": "F",
        "TC": "F",
        "RD": "F",
        "RA": "F",
        "Z": "0",
        "answers": "-",
        "TTLs": "-",
        "rejected": "F"
    },
    {
        "ts": "1686717396.031298",
        "uid": "CntrSN3UEY2aC1t4Qa",
        "id.orig_h": "fe80::42:26ff:fe25:aafc",
        "id.orig_p": "5353",
        "id.resp_h": "ff02::fb",
        "id.resp_p": "5353",
        "proto": "udp",
        "trans_id": "0",
        "rtt": "-",
        "query": "_ipps._tcp.local",
        "qclass": "1",
        "qclass_name": "C_INTERNET",
        "qtype": "12",
        "qtype_name": "PTR",
        "rcode": "-",
        "rcode_name": "-",
        "AA": "F",
        "TC": "F",
        "RD": "F",
        "RA": "F",
        "Z": "0",
        "answers": "-",
        "TTLs": "-",
        "rejected": "F"
    },
    {
        "ts": "1686717379.391377",
        "uid": "CmAoE71ns6hdBXzFFd",
        "id.orig_h": "fe80::6cf4:3bff:fe40:801",
        "id.orig_p": "5353",
        "id.resp_h": "ff02::fb",
        "id.resp_p": "5353",
        "proto": "udp",
        "trans_id": "0",
        "rtt": "-",
        "query": "cristianadockerhub.local",
        "qclass": "1",
        "qclass_name": "C_INTERNET",
        "qtype": "255",
        "qtype_name": "*",
        "rcode": "-",
        "rcode_name": "-",
        "AA": "F",
        "TC": "F",
        "RD": "F",
        "RA": "F",
        "Z": "0",
        "answers": "-",
        "TTLs": "-",
        "rejected": "F"
    },
    {
        "ts": "1686717379.784395",
        "uid": "CmAoE71ns6hdBXzFFd",
        "id.orig_h": "fe80::6cf4:3bff:fe40:801",
        "id.orig_p": "5353",
        "id.resp_h": "ff02::fb",
        "id.resp_p": "5353",
        "proto": "udp",
        "trans_id": "0",
        "rtt": "-",
        "query": "_ipps._tcp.local",
        "qclass": "1",
        "qclass_name": "C_INTERNET",
        "qtype": "12",
        "qtype_name": "PTR",
        "rcode": "-",
        "rcode_name": "-",
        "AA": "F",
        "TC": "F",
        "RD": "F",
        "RA": "F",
        "Z": "0",
        "answers": "-",
        "TTLs": "-",
        "rejected": "F"
    },
    {
        "ts": "1686717382.180122",
        "uid": "CmAoE71ns6hdBXzFFd",
        "id.orig_h": "fe80::6cf4:3bff:fe40:801",
        "id.orig_p": "5353",
        "id.resp_h": "ff02::fb",
        "id.resp_p": "5353",
        "proto": "udp",
        "trans_id": "0",
        "rtt": "-",
        "query": "_ipps._tcp.local",
        "qclass": "1",
        "qclass_name": "C_INTERNET",
        "qtype": "12",
        "qtype_name": "PTR",
        "rcode": "-",
        "rcode_name": "-",
        "AA": "F",
        "TC": "F",
        "RD": "F",
        "RA": "F",
        "Z": "0",
        "answers": "-",
        "TTLs": "-",
        "rejected": "F"
    },
    {
        "ts": "1686717385.785938",
        "uid": "CmAoE71ns6hdBXzFFd",
        "id.orig_h": "fe80::6cf4:3bff:fe40:801",
        "id.orig_p": "5353",
        "id.resp_h": "ff02::fb",
        "id.resp_p": "5353",
        "proto": "udp",
        "trans_id": "0",
        "rtt": "-",
        "query": "_ipps._tcp.local",
        "qclass": "1",
        "qclass_name": "C_INTERNET",
        "qtype": "12",
        "qtype_name": "PTR",
        "rcode": "-",
        "rcode_name": "-",
        "AA": "F",
        "TC": "F",
        "RD": "F",
        "RA": "F",
        "Z": "0",
        "answers": "-",
        "TTLs": "-",
        "rejected": "F"
    },
    {
        "ts": "1686717396.031079",
        "uid": "CmAoE71ns6hdBXzFFd",
        "id.orig_h": "fe80::6cf4:3bff:fe40:801",
        "id.orig_p": "5353",
        "id.resp_h": "ff02::fb",
        "id.resp_p": "5353",
        "proto": "udp",
        "trans_id": "0",
        "rtt": "-",
        "query": "_ipps._tcp.local",
        "qclass": "1",
        "qclass_name": "C_INTERNET",
        "qtype": "12",
        "qtype_name": "PTR",
        "rcode": "-",
        "rcode_name": "-",
        "AA": "F",
        "TC": "F",
        "RD": "F",
        "RA": "F",
        "Z": "0",
        "answers": "-",
        "TTLs": "-",
        "rejected": "F"
    },
    {
        "ts": "1686717406.682946",
        "uid": "CpNKfm3e2boA7rb7hi",
        "id.orig_h": "172.22.0.1",
        "id.orig_p": "5353",
        "id.resp_h": "224.0.0.251",
        "id.resp_p": "5353",
        "proto": "udp",
        "trans_id": "0",
        "rtt": "-",
        "query": "_ipps._tcp.local",
        "qclass": "1",
        "qclass_name": "C_INTERNET",
        "qtype": "12",
        "qtype_name": "PTR",
        "rcode": "-",
        "rcode_name": "-",
        "AA": "F",
        "TC": "F",
        "RD": "F",
        "RA": "F",
        "Z": "0",
        "answers": "-",
        "TTLs": "-",
        "rejected": "F"
    },
    {
        "ts": "1686717412.035701",
        "uid": "Cw2FSx4kaTyfSn8M08",
        "id.orig_h": "fe80::6cf4:3bff:fe40:801",
        "id.orig_p": "5353",
        "id.resp_h": "ff02::fb",
        "id.resp_p": "5353",
        "proto": "udp",
        "trans_id": "0",
        "rtt": "-",
        "query": "_ipps._tcp.local",
        "qclass": "1",
        "qclass_name": "C_INTERNET",
        "qtype": "12",
        "qtype_name": "PTR",
        "rcode": "-",
        "rcode_name": "-",
        "AA": "F",
        "TC": "F",
        "RD": "F",
        "RA": "F",
        "Z": "0",
        "answers": "-",
        "TTLs": "-",
        "rejected": "F"
    },
    {
        "ts": "1686717412.035846",
        "uid": "CBSubY2wuIqJh87Vs1",
        "id.orig_h": "fe80::42:26ff:fe25:aafc",
        "id.orig_p": "5353",
        "id.resp_h": "ff02::fb",
        "id.resp_p": "5353",
        "proto": "udp",
        "trans_id": "0",
        "rtt": "-",
        "query": "_ipps._tcp.local",
        "qclass": "1",
        "qclass_name": "C_INTERNET",
        "qtype": "12",
        "qtype_name": "PTR",
        "rcode": "-",
        "rcode_name": "-",
        "AA": "F",
        "TC": "F",
        "RD": "F",
        "RA": "F",
        "Z": "0",
        "answers": "-",
        "TTLs": "-",
        "rejected": "F"
    },
    {
        "ts": "1686717438.685477",
        "uid": "C14bhU3drpSpd3QBqg",
        "id.orig_h": "172.22.0.1",
        "id.orig_p": "5353",
        "id.resp_h": "224.0.0.251",
        "id.resp_p": "5353",
        "proto": "udp",
        "trans_id": "0",
        "rtt": "-",
        "query": "_ipp._tcp.local",
        "qclass": "1",
        "qclass_name": "C_INTERNET",
        "qtype": "12",
        "qtype_name": "PTR",
        "rcode": "-",
        "rcode_name": "-",
        "AA": "F",
        "TC": "F",
        "RD": "F",
        "RA": "F",
        "Z": "0",
        "answers": "-",
        "TTLs": "-",
        "rejected": "F"
    },
    {
        "ts": "1686717444.042203",
        "uid": "C0SILA1UMx1yrM5Nml",
        "id.orig_h": "fe80::6cf4:3bff:fe40:801",
        "id.orig_p": "5353",
        "id.resp_h": "ff02::fb",
        "id.resp_p": "5353",
        "proto": "udp",
        "trans_id": "0",
        "rtt": "-",
        "query": "_ipp._tcp.local",
        "qclass": "1",
        "qclass_name": "C_INTERNET",
        "qtype": "12",
        "qtype_name": "PTR",
        "rcode": "-",
        "rcode_name": "-",
        "AA": "F",
        "TC": "F",
        "RD": "F",
        "RA": "F",
        "Z": "0",
        "answers": "-",
        "TTLs": "-",
        "rejected": "F"
    },
    {
        "ts": "1686717444.042360",
        "uid": "Ct9B9e4RVOghtEjNJ9",
        "id.orig_h": "fe80::42:26ff:fe25:aafc",
        "id.orig_p": "5353",
        "id.resp_h": "ff02::fb",
        "id.resp_p": "5353",
        "proto": "udp",
        "trans_id": "0",
        "rtt": "-",
        "query": "_ipp._tcp.local",
        "qclass": "1",
        "qclass_name": "C_INTERNET",
        "qtype": "12",
        "qtype_name": "PTR",
        "rcode": "-",
        "rcode_name": "-",
        "AA": "F",
        "TC": "F",
        "RD": "F",
        "RA": "F",
        "Z": "0",
        "answers": "-",
        "TTLs": "-",
        "rejected": "F"
    },
    {
        "ts": "1686717502.687694",
        "uid": "CZxQ9e4RdaTFRGocBl",
        "id.orig_h": "172.22.0.1",
        "id.orig_p": "5353",
        "id.resp_h": "224.0.0.251",
        "id.resp_p": "5353",
        "proto": "udp",
        "trans_id": "0",
        "rtt": "-",
        "query": "_ipp._tcp.local",
        "qclass": "1",
        "qclass_name": "C_INTERNET",
        "qtype": "12",
        "qtype_name": "PTR",
        "rcode": "-",
        "rcode_name": "-",
        "AA": "F",
        "TC": "F",
        "RD": "F",
        "RA": "F",
        "Z": "0",
        "answers": "-",
        "TTLs": "-",
        "rejected": "F"
    },
    {
        "ts": "1686717508.045431",
        "uid": "CnxmDk3W9hVe4YIG54",
        "id.orig_h": "fe80::6cf4:3bff:fe40:801",
        "id.orig_p": "5353",
        "id.resp_h": "ff02::fb",
        "id.resp_p": "5353",
        "proto": "udp",
        "trans_id": "0",
        "rtt": "-",
        "query": "_ipp._tcp.local",
        "qclass": "1",
        "qclass_name": "C_INTERNET",
        "qtype": "12",
        "qtype_name": "PTR",
        "rcode": "-",
        "rcode_name": "-",
        "AA": "F",
        "TC": "F",
        "RD": "F",
        "RA": "F",
        "Z": "0",
        "answers": "-",
        "TTLs": "-",
        "rejected": "F"
    },
    {
        "ts": "1686717508.045539",
        "uid": "CxX70UDRRKVrXX9h6",
        "id.orig_h": "fe80::42:26ff:fe25:aafc",
        "id.orig_p": "5353",
        "id.resp_h": "ff02::fb",
        "id.resp_p": "5353",
        "proto": "udp",
        "trans_id": "0",
        "rtt": "-",
        "query": "_ipp._tcp.local",
        "qclass": "1",
        "qclass_name": "C_INTERNET",
        "qtype": "12",
        "qtype_name": "PTR",
        "rcode": "-",
        "rcode_name": "-",
        "AA": "F",
        "TC": "F",
        "RD": "F",
        "RA": "F",
        "Z": "0",
        "answers": "-",
        "TTLs": "-",
        "rejected": "F"
    },
    {
        "ts": "1686717630.689689",
        "uid": "CMuN9CXvyOcDkHef9",
        "id.orig_h": "172.22.0.1",
        "id.orig_p": "5353",
        "id.resp_h": "224.0.0.251",
        "id.resp_p": "5353",
        "proto": "udp",
        "trans_id": "0",
        "rtt": "-",
        "query": "_ipp._tcp.local",
        "qclass": "1",
        "qclass_name": "C_INTERNET",
        "qtype": "12",
        "qtype_name": "PTR",
        "rcode": "-",
        "rcode_name": "-",
        "AA": "F",
        "TC": "F",
        "RD": "F",
        "RA": "F",
        "Z": "0",
        "answers": "-",
        "TTLs": "-",
        "rejected": "F"
    },
    {
        "ts": "1686717636.049257",
        "uid": "CC9HZDaYuRjRRp6ac",
        "id.orig_h": "fe80::6cf4:3bff:fe40:801",
        "id.orig_p": "5353",
        "id.resp_h": "ff02::fb",
        "id.resp_p": "5353",
        "proto": "udp",
        "trans_id": "0",
        "rtt": "-",
        "query": "_ipp._tcp.local",
        "qclass": "1",
        "qclass_name": "C_INTERNET",
        "qtype": "12",
        "qtype_name": "PTR",
        "rcode": "-",
        "rcode_name": "-",
        "AA": "F",
        "TC": "F",
        "RD": "F",
        "RA": "F",
        "Z": "0",
        "answers": "-",
        "TTLs": "-",
        "rejected": "F"
    },
    {
        "ts": "1686717636.049366",
        "uid": "CbSQjp4YMdBy7srhH6",
        "id.orig_h": "fe80::42:26ff:fe25:aafc",
        "id.orig_p": "5353",
        "id.resp_h": "ff02::fb",
        "id.resp_p": "5353",
        "proto": "udp",
        "trans_id": "0",
        "rtt": "-",
        "query": "_ipp._tcp.local",
        "qclass": "1",
        "qclass_name": "C_INTERNET",
        "qtype": "12",
        "qtype_name": "PTR",
        "rcode": "-",
        "rcode_name": "-",
        "AA": "F",
        "TC": "F",
        "RD": "F",
        "RA": "F",
        "Z": "0",
        "answers": "-",
        "TTLs": "-",
        "rejected": "F"
    },
    {
        "ts": "1686717886.690453",
        "uid": "C7hdDpiVGsggGSCr8",
        "id.orig_h": "172.22.0.1",
        "id.orig_p": "5353",
        "id.resp_h": "224.0.0.251",
        "id.resp_p": "5353",
        "proto": "udp",
        "trans_id": "0",
        "rtt": "-",
        "query": "_ipp._tcp.local",
        "qclass": "1",
        "qclass_name": "C_INTERNET",
        "qtype": "12",
        "qtype_name": "PTR",
        "rcode": "-",
        "rcode_name": "-",
        "AA": "F",
        "TC": "F",
        "RD": "F",
        "RA": "F",
        "Z": "0",
        "answers": "-",
        "TTLs": "-",
        "rejected": "F"
    },
    {
        "ts": "1686717892.052811",
        "uid": "C6Flgf171yZm3pTFo6",
        "id.orig_h": "fe80::6cf4:3bff:fe40:801",
        "id.orig_p": "5353",
        "id.resp_h": "ff02::fb",
        "id.resp_p": "5353",
        "proto": "udp",
        "trans_id": "0",
        "rtt": "-",
        "query": "_ipp._tcp.local",
        "qclass": "1",
        "qclass_name": "C_INTERNET",
        "qtype": "12",
        "qtype_name": "PTR",
        "rcode": "-",
        "rcode_name": "-",
        "AA": "F",
        "TC": "F",
        "RD": "F",
        "RA": "F",
        "Z": "0",
        "answers": "-",
        "TTLs": "-",
        "rejected": "F"
    },
    {
        "ts": "1686717892.052854",
        "uid": "Cxbpws2HldxYvUAGq6",
        "id.orig_h": "fe80::42:26ff:fe25:aafc",
        "id.orig_p": "5353",
        "id.resp_h": "ff02::fb",
        "id.resp_p": "5353",
        "proto": "udp",
        "trans_id": "0",
        "rtt": "-",
        "query": "_ipp._tcp.local",
        "qclass": "1",
        "qclass_name": "C_INTERNET",
        "qtype": "12",
        "qtype_name": "PTR",
        "rcode": "-",
        "rcode_name": "-",
        "AA": "F",
        "TC": "F",
        "RD": "F",
        "RA": "F",
        "Z": "0",
        "answers": "-",
        "TTLs": "-",
        "rejected": "F"
    },
    {
        "ts": "1686718398.696715",
        "uid": "CUpAsm2vgRnQO4WPCc",
        "id.orig_h": "172.22.0.1",
        "id.orig_p": "5353",
        "id.resp_h": "224.0.0.251",
        "id.resp_p": "5353",
        "proto": "udp",
        "trans_id": "0",
        "rtt": "-",
        "query": "_ipp._tcp.local",
        "qclass": "1",
        "qclass_name": "C_INTERNET",
        "qtype": "12",
        "qtype_name": "PTR",
        "rcode": "-",
        "rcode_name": "-",
        "AA": "F",
        "TC": "F",
        "RD": "F",
        "RA": "F",
        "Z": "0",
        "answers": "-",
        "TTLs": "-",
        "rejected": "F"
    },
    {
        "ts": "1686718404.060694",
        "uid": "C88PJW1oUgYG6ucANg",
        "id.orig_h": "fe80::6cf4:3bff:fe40:801",
        "id.orig_p": "5353",
        "id.resp_h": "ff02::fb",
        "id.resp_p": "5353",
        "proto": "udp",
        "trans_id": "0",
        "rtt": "-",
        "query": "_ipp._tcp.local",
        "qclass": "1",
        "qclass_name": "C_INTERNET",
        "qtype": "12",
        "qtype_name": "PTR",
        "rcode": "-",
        "rcode_name": "-",
        "AA": "F",
        "TC": "F",
        "RD": "F",
        "RA": "F",
        "Z": "0",
        "answers": "-",
        "TTLs": "-",
        "rejected": "F"
    },
    {
        "ts": "1686718404.060797",
        "uid": "C88Ni13IETK17Xf6Vg",
        "id.orig_h": "fe80::42:26ff:fe25:aafc",
        "id.orig_p": "5353",
        "id.resp_h": "ff02::fb",
        "id.resp_p": "5353",
        "proto": "udp",
        "trans_id": "0",
        "rtt": "-",
        "query": "_ipp._tcp.local",
        "qclass": "1",
        "qclass_name": "C_INTERNET",
        "qtype": "12",
        "qtype_name": "PTR",
        "rcode": "-",
        "rcode_name": "-",
        "AA": "F",
        "TC": "F",
        "RD": "F",
        "RA": "F",
        "Z": "0",
        "answers": "-",
        "TTLs": "-",
        "rejected": "F"
    },
    {
        "ts": "1686718972.787471",
        "uid": "Cl9ojy30NBUhKuEoRk",
        "id.orig_h": "172.22.0.1",
        "id.orig_p": "5353",
        "id.resp_h": "224.0.0.251",
        "id.resp_p": "5353",
        "proto": "udp",
        "trans_id": "0",
        "rtt": "-",
        "query": "_nmea-0183._tcp.local",
        "qclass": "1",
        "qclass_name": "C_INTERNET",
        "qtype": "12",
        "qtype_name": "PTR",
        "rcode": "-",
        "rcode_name": "-",
        "AA": "F",
        "TC": "F",
        "RD": "F",
        "RA": "F",
        "Z": "0",
        "answers": "-",
        "TTLs": "-",
        "rejected": "F"
    },
    {
        "ts": "1686718973.787151",
        "uid": "Cl9ojy30NBUhKuEoRk",
        "id.orig_h": "172.22.0.1",
        "id.orig_p": "5353",
        "id.resp_h": "224.0.0.251",
        "id.resp_p": "5353",
        "proto": "udp",
        "trans_id": "0",
        "rtt": "-",
        "query": "_nmea-0183._tcp.local",
        "qclass": "1",
        "qclass_name": "C_INTERNET",
        "qtype": "12",
        "qtype_name": "PTR",
        "rcode": "-",
        "rcode_name": "-",
        "AA": "F",
        "TC": "F",
        "RD": "F",
        "RA": "F",
        "Z": "0",
        "answers": "-",
        "TTLs": "-",
        "rejected": "F"
    },
    {
        "ts": "1686718975.789590",
        "uid": "Cl9ojy30NBUhKuEoRk",
        "id.orig_h": "172.22.0.1",
        "id.orig_p": "5353",
        "id.resp_h": "224.0.0.251",
        "id.resp_p": "5353",
        "proto": "udp",
        "trans_id": "0",
        "rtt": "-",
        "query": "_nmea-0183._tcp.local",
        "qclass": "1",
        "qclass_name": "C_INTERNET",
        "qtype": "12",
        "qtype_name": "PTR",
        "rcode": "-",
        "rcode_name": "-",
        "AA": "F",
        "TC": "F",
        "RD": "F",
        "RA": "F",
        "Z": "0",
        "answers": "-",
        "TTLs": "-",
        "rejected": "F"
    },
    {
        "ts": "1686718979.790268",
        "uid": "Cl9ojy30NBUhKuEoRk",
        "id.orig_h": "172.22.0.1",
        "id.orig_p": "5353",
        "id.resp_h": "224.0.0.251",
        "id.resp_p": "5353",
        "proto": "udp",
        "trans_id": "0",
        "rtt": "-",
        "query": "_nmea-0183._tcp.local",
        "qclass": "1",
        "qclass_name": "C_INTERNET",
        "qtype": "12",
        "qtype_name": "PTR",
        "rcode": "-",
        "rcode_name": "-",
        "AA": "F",
        "TC": "F",
        "RD": "F",
        "RA": "F",
        "Z": "0",
        "answers": "-",
        "TTLs": "-",
        "rejected": "F"
    },
    {
        "ts": "1686718987.791581",
        "uid": "Cl9ojy30NBUhKuEoRk",
        "id.orig_h": "172.22.0.1",
        "id.orig_p": "5353",
        "id.resp_h": "224.0.0.251",
        "id.resp_p": "5353",
        "proto": "udp",
        "trans_id": "0",
        "rtt": "-",
        "query": "_nmea-0183._tcp.local",
        "qclass": "1",
        "qclass_name": "C_INTERNET",
        "qtype": "12",
        "qtype_name": "PTR",
        "rcode": "-",
        "rcode_name": "-",
        "AA": "F",
        "TC": "F",
        "RD": "F",
        "RA": "F",
        "Z": "0",
        "answers": "-",
        "TTLs": "-",
        "rejected": "F"
    },
    {
        "ts": "1686718972.787142",
        "uid": "C6qNN69J6446uYEB9",
        "id.orig_h": "fe80::6cf4:3bff:fe40:801",
        "id.orig_p": "5353",
        "id.resp_h": "ff02::fb",
        "id.resp_p": "5353",
        "proto": "udp",
        "trans_id": "0",
        "rtt": "-",
        "query": "_nmea-0183._tcp.local",
        "qclass": "1",
        "qclass_name": "C_INTERNET",
        "qtype": "12",
        "qtype_name": "PTR",
        "rcode": "-",
        "rcode_name": "-",
        "AA": "F",
        "TC": "F",
        "RD": "F",
        "RA": "F",
        "Z": "0",
        "answers": "-",
        "TTLs": "-",
        "rejected": "F"
    },
    {
        "ts": "1686718973.786980",
        "uid": "C6qNN69J6446uYEB9",
        "id.orig_h": "fe80::6cf4:3bff:fe40:801",
        "id.orig_p": "5353",
        "id.resp_h": "ff02::fb",
        "id.resp_p": "5353",
        "proto": "udp",
        "trans_id": "0",
        "rtt": "-",
        "query": "_nmea-0183._tcp.local",
        "qclass": "1",
        "qclass_name": "C_INTERNET",
        "qtype": "12",
        "qtype_name": "PTR",
        "rcode": "-",
        "rcode_name": "-",
        "AA": "F",
        "TC": "F",
        "RD": "F",
        "RA": "F",
        "Z": "0",
        "answers": "-",
        "TTLs": "-",
        "rejected": "F"
    },
    {
        "ts": "1686718975.789515",
        "uid": "C6qNN69J6446uYEB9",
        "id.orig_h": "fe80::6cf4:3bff:fe40:801",
        "id.orig_p": "5353",
        "id.resp_h": "ff02::fb",
        "id.resp_p": "5353",
        "proto": "udp",
        "trans_id": "0",
        "rtt": "-",
        "query": "_nmea-0183._tcp.local",
        "qclass": "1",
        "qclass_name": "C_INTERNET",
        "qtype": "12",
        "qtype_name": "PTR",
        "rcode": "-",
        "rcode_name": "-",
        "AA": "F",
        "TC": "F",
        "RD": "F",
        "RA": "F",
        "Z": "0",
        "answers": "-",
        "TTLs": "-",
        "rejected": "F"
    },
    {
        "ts": "1686718979.790212",
        "uid": "C6qNN69J6446uYEB9",
        "id.orig_h": "fe80::6cf4:3bff:fe40:801",
        "id.orig_p": "5353",
        "id.resp_h": "ff02::fb",
        "id.resp_p": "5353",
        "proto": "udp",
        "trans_id": "0",
        "rtt": "-",
        "query": "_nmea-0183._tcp.local",
        "qclass": "1",
        "qclass_name": "C_INTERNET",
        "qtype": "12",
        "qtype_name": "PTR",
        "rcode": "-",
        "rcode_name": "-",
        "AA": "F",
        "TC": "F",
        "RD": "F",
        "RA": "F",
        "Z": "0",
        "answers": "-",
        "TTLs": "-",
        "rejected": "F"
    },
    {
        "ts": "1686718987.791478",
        "uid": "C6qNN69J6446uYEB9",
        "id.orig_h": "fe80::6cf4:3bff:fe40:801",
        "id.orig_p": "5353",
        "id.resp_h": "ff02::fb",
        "id.resp_p": "5353",
        "proto": "udp",
        "trans_id": "0",
        "rtt": "-",
        "query": "_nmea-0183._tcp.local",
        "qclass": "1",
        "qclass_name": "C_INTERNET",
        "qtype": "12",
        "qtype_name": "PTR",
        "rcode": "-",
        "rcode_name": "-",
        "AA": "F",
        "TC": "F",
        "RD": "F",
        "RA": "F",
        "Z": "0",
        "answers": "-",
        "TTLs": "-",
        "rejected": "F"
    },
    {
        "ts": "1686718972.787348",
        "uid": "CbeW1D4h2oZB7lDkX2",
        "id.orig_h": "fe80::42:26ff:fe25:aafc",
        "id.orig_p": "5353",
        "id.resp_h": "ff02::fb",
        "id.resp_p": "5353",
        "proto": "udp",
        "trans_id": "0",
        "rtt": "-",
        "query": "_nmea-0183._tcp.local",
        "qclass": "1",
        "qclass_name": "C_INTERNET",
        "qtype": "12",
        "qtype_name": "PTR",
        "rcode": "-",
        "rcode_name": "-",
        "AA": "F",
        "TC": "F",
        "RD": "F",
        "RA": "F",
        "Z": "0",
        "answers": "-",
        "TTLs": "-",
        "rejected": "F"
    },
    {
        "ts": "1686718973.787066",
        "uid": "CbeW1D4h2oZB7lDkX2",
        "id.orig_h": "fe80::42:26ff:fe25:aafc",
        "id.orig_p": "5353",
        "id.resp_h": "ff02::fb",
        "id.resp_p": "5353",
        "proto": "udp",
        "trans_id": "0",
        "rtt": "-",
        "query": "_nmea-0183._tcp.local",
        "qclass": "1",
        "qclass_name": "C_INTERNET",
        "qtype": "12",
        "qtype_name": "PTR",
        "rcode": "-",
        "rcode_name": "-",
        "AA": "F",
        "TC": "F",
        "RD": "F",
        "RA": "F",
        "Z": "0",
        "answers": "-",
        "TTLs": "-",
        "rejected": "F"
    },
    {
        "ts": "1686718975.789548",
        "uid": "CbeW1D4h2oZB7lDkX2",
        "id.orig_h": "fe80::42:26ff:fe25:aafc",
        "id.orig_p": "5353",
        "id.resp_h": "ff02::fb",
        "id.resp_p": "5353",
        "proto": "udp",
        "trans_id": "0",
        "rtt": "-",
        "query": "_nmea-0183._tcp.local",
        "qclass": "1",
        "qclass_name": "C_INTERNET",
        "qtype": "12",
        "qtype_name": "PTR",
        "rcode": "-",
        "rcode_name": "-",
        "AA": "F",
        "TC": "F",
        "RD": "F",
        "RA": "F",
        "Z": "0",
        "answers": "-",
        "TTLs": "-",
        "rejected": "F"
    },
    {
        "ts": "1686718979.790238",
        "uid": "CbeW1D4h2oZB7lDkX2",
        "id.orig_h": "fe80::42:26ff:fe25:aafc",
        "id.orig_p": "5353",
        "id.resp_h": "ff02::fb",
        "id.resp_p": "5353",
        "proto": "udp",
        "trans_id": "0",
        "rtt": "-",
        "query": "_nmea-0183._tcp.local",
        "qclass": "1",
        "qclass_name": "C_INTERNET",
        "qtype": "12",
        "qtype_name": "PTR",
        "rcode": "-",
        "rcode_name": "-",
        "AA": "F",
        "TC": "F",
        "RD": "F",
        "RA": "F",
        "Z": "0",
        "answers": "-",
        "TTLs": "-",
        "rejected": "F"
    },
    {
        "ts": "1686718987.791507",
        "uid": "CbeW1D4h2oZB7lDkX2",
        "id.orig_h": "fe80::42:26ff:fe25:aafc",
        "id.orig_p": "5353",
        "id.resp_h": "ff02::fb",
        "id.resp_p": "5353",
        "proto": "udp",
        "trans_id": "0",
        "rtt": "-",
        "query": "_nmea-0183._tcp.local",
        "qclass": "1",
        "qclass_name": "C_INTERNET",
        "qtype": "12",
        "qtype_name": "PTR",
        "rcode": "-",
        "rcode_name": "-",
        "AA": "F",
        "TC": "F",
        "RD": "F",
        "RA": "F",
        "Z": "0",
        "answers": "-",
        "TTLs": "-",
        "rejected": "F"
    },
    {
        "ts": "1686719003.793359",
        "uid": "C4nUYg4b1NHSSqahR2",
        "id.orig_h": "fe80::6cf4:3bff:fe40:801",
        "id.orig_p": "5353",
        "id.resp_h": "ff02::fb",
        "id.resp_p": "5353",
        "proto": "udp",
        "trans_id": "0",
        "rtt": "-",
        "query": "_nmea-0183._tcp.local",
        "qclass": "1",
        "qclass_name": "C_INTERNET",
        "qtype": "12",
        "qtype_name": "PTR",
        "rcode": "-",
        "rcode_name": "-",
        "AA": "F",
        "TC": "F",
        "RD": "F",
        "RA": "F",
        "Z": "0",
        "answers": "-",
        "TTLs": "-",
        "rejected": "F"
    },
    {
        "ts": "1686719003.793387",
        "uid": "C03Ju947Fpbkx373m9",
        "id.orig_h": "fe80::42:26ff:fe25:aafc",
        "id.orig_p": "5353",
        "id.resp_h": "ff02::fb",
        "id.resp_p": "5353",
        "proto": "udp",
        "trans_id": "0",
        "rtt": "-",
        "query": "_nmea-0183._tcp.local",
        "qclass": "1",
        "qclass_name": "C_INTERNET",
        "qtype": "12",
        "qtype_name": "PTR",
        "rcode": "-",
        "rcode_name": "-",
        "AA": "F",
        "TC": "F",
        "RD": "F",
        "RA": "F",
        "Z": "0",
        "answers": "-",
        "TTLs": "-",
        "rejected": "F"
    },
    {
        "ts": "1686719003.793417",
        "uid": "CRS08ZL0wml30o73d",
        "id.orig_h": "172.22.0.1",
        "id.orig_p": "5353",
        "id.resp_h": "224.0.0.251",
        "id.resp_p": "5353",
        "proto": "udp",
        "trans_id": "0",
        "rtt": "-",
        "query": "_nmea-0183._tcp.local",
        "qclass": "1",
        "qclass_name": "C_INTERNET",
        "qtype": "12",
        "qtype_name": "PTR",
        "rcode": "-",
        "rcode_name": "-",
        "AA": "F",
        "TC": "F",
        "RD": "F",
        "RA": "F",
        "Z": "0",
        "answers": "-",
        "TTLs": "-",
        "rejected": "F"
    },
    {
        "ts": "1686719422.693696",
        "uid": "CNiea9R6X8XLOQSq3",
        "id.orig_h": "172.22.0.1",
        "id.orig_p": "5353",
        "id.resp_h": "224.0.0.251",
        "id.resp_p": "5353",
        "proto": "udp",
        "trans_id": "0",
        "rtt": "-",
        "query": "_ipp._tcp.local",
        "qclass": "1",
        "qclass_name": "C_INTERNET",
        "qtype": "12",
        "qtype_name": "PTR",
        "rcode": "-",
        "rcode_name": "-",
        "AA": "F",
        "TC": "F",
        "RD": "F",
        "RA": "F",
        "Z": "0",
        "answers": "-",
        "TTLs": "-",
        "rejected": "F"
    },
    {
        "ts": "1686719428.057621",
        "uid": "CkH6KC1McI0kNh2UDc",
        "id.orig_h": "fe80::6cf4:3bff:fe40:801",
        "id.orig_p": "5353",
        "id.resp_h": "ff02::fb",
        "id.resp_p": "5353",
        "proto": "udp",
        "trans_id": "0",
        "rtt": "-",
        "query": "_ipp._tcp.local",
        "qclass": "1",
        "qclass_name": "C_INTERNET",
        "qtype": "12",
        "qtype_name": "PTR",
        "rcode": "-",
        "rcode_name": "-",
        "AA": "F",
        "TC": "F",
        "RD": "F",
        "RA": "F",
        "Z": "0",
        "answers": "-",
        "TTLs": "-",
        "rejected": "F"
    },
    {
        "ts": "1686719428.057647",
        "uid": "CFf5Rh4SKsETntN4c3",
        "id.orig_h": "fe80::42:26ff:fe25:aafc",
        "id.orig_p": "5353",
        "id.resp_h": "ff02::fb",
        "id.resp_p": "5353",
        "proto": "udp",
        "trans_id": "0",
        "rtt": "-",
        "query": "_ipp._tcp.local",
        "qclass": "1",
        "qclass_name": "C_INTERNET",
        "qtype": "12",
        "qtype_name": "PTR",
        "rcode": "-",
        "rcode_name": "-",
        "AA": "F",
        "TC": "F",
        "RD": "F",
        "RA": "F",
        "Z": "0",
        "answers": "-",
        "TTLs": "-",
        "rejected": "F"
    }
]