[
    {
        "ts": "1686584899.997551",
        "fuid": "FHveen1y9q8oBLgCQh",
        "uid": "C1SPLH3JhP9tf5c3z6",
        "id.orig_h": "192.168.144.128",
        "id.orig_p": "48086",
        "id.resp_h": "172.22.0.2",
        "id.resp_p": "8000",
        "source": "HTTP",
        "depth": "0",
        "analyzers": "(empty)",
        "mime_type": "image/jpeg",
        "filename": "photo-1598124146163-36819847286d.jpeg",
        "duration": "0.002426",
        "local_orig": "-",
        "is_orig": "T",
        "seen_bytes": "136769",
        "total_bytes": "-",
        "missing_bytes": "0",
        "overflow_bytes": "0",
        "timedout": "F",
        "parent_fuid": "-",
        "md5": "-",
        "sha1": "-",
        "sha256": "-",
        "extracted": "-",
        "extracted_cutoff": "-",
        "extracted_size": "-"
    },
    {
        "ts": "1686584900.048579",
        "fuid": "FFo29Q1LponZuMNGaf",
        "uid": "C1SPLH3JhP9tf5c3z6",
        "id.orig_h": "192.168.144.128",
        "id.orig_p": "48086",
        "id.resp_h": "172.22.0.2",
        "id.resp_p": "8000",
        "source": "HTTP",
        "depth": "0",
        "analyzers": "(empty)",
        "mime_type": "image/jpeg",
        "filename": "resized_photo-1598124146163-36819847286d.jpeg",
        "duration": "0.000217",
        "local_orig": "-",
        "is_orig": "F",
        "seen_bytes": "10474",
        "total_bytes": "10474",
        "missing_bytes": "0",
        "overflow_bytes": "0",
        "timedout": "F",
        "parent_fuid": "-",
        "md5": "-",
        "sha1": "-",
        "sha256": "-",
        "extracted": "-",
        "extracted_cutoff": "-",
        "extracted_size": "-"
    },
    {
        "ts": "1686584900.063697",
        "fuid": "Fe8TV32sbz37QHDXql",
        "uid": "Cd4ggt7nJHreoPDvl",
        "id.orig_h": "192.168.144.128",
        "id.orig_p": "48088",
        "id.resp_h": "172.22.0.2",
        "id.resp_p": "8000",
        "source": "HTTP",
        "depth": "0",
        "analyzers": "(empty)",
        "mime_type": "image/png",
        "filename": "png-clipart-globe-globe.png",
        "duration": "0.000000",
        "local_orig": "-",
        "is_orig": "T",
        "seen_bytes": "5238",
        "total_bytes": "-",
        "missing_bytes": "0",
        "overflow_bytes": "0",
        "timedout": "F",
        "parent_fuid": "-",
        "md5": "-",
        "sha1": "-",
        "sha256": "-",
        "extracted": "-",
        "extracted_cutoff": "-",
        "extracted_size": "-"
    },
    {
        "ts": "1686584900.071245",
        "fuid": "FoRYT6yRdmqbezEQj",
        "uid": "Cd4ggt7nJHreoPDvl",
        "id.orig_h": "192.168.144.128",
        "id.orig_p": "48088",
        "id.resp_h": "172.22.0.2",
        "id.resp_p": "8000",
        "source": "HTTP",
        "depth": "0",
        "analyzers": "(empty)",
        "mime_type": "image/png",
        "filename": "resized_png-clipart-globe-globe.png",
        "duration": "0.000790",
        "local_orig": "-",
        "is_orig": "F",
        "seen_bytes": "1338",
        "total_bytes": "1338",
        "missing_bytes": "0",
        "overflow_bytes": "0",
        "timedout": "F",
        "parent_fuid": "-",
        "md5": "-",
        "sha1": "-",
        "sha256": "-",
        "extracted": "-",
        "extracted_cutoff": "-",
        "extracted_size": "-"
    },
    {
        "ts": "1686584900.088280",
        "fuid": "FyOKW21CivuLK5Pw2",
        "uid": "Ck9MSf1z5p5RFf4wfb",
        "id.orig_h": "192.168.144.128",
        "id.orig_p": "48090",
        "id.resp_h": "172.22.0.2",
        "id.resp_p": "8000",
        "source": "HTTP",
        "depth": "0",
        "analyzers": "(empty)",
        "mime_type": "image/png",
        "filename": "png-transparent-two-checked-flags-racing-flags-auto-racing-racing-flag-miscellaneous-game-flag-png-free-download.png",
        "duration": "0.000615",
        "local_orig": "-",
        "is_orig": "T",
        "seen_bytes": "23924",
        "total_bytes": "-",
        "missing_bytes": "0",
        "overflow_bytes": "0",
        "timedout": "F",
        "parent_fuid": "-",
        "md5": "-",
        "sha1": "-",
        "sha256": "-",
        "extracted": "-",
        "extracted_cutoff": "-",
        "extracted_size": "-"
    },
    {
        "ts": "1686584900.098159",
        "fuid": "FiCDhy3NISVxi1pMI2",
        "uid": "Ck9MSf1z5p5RFf4wfb",
        "id.orig_h": "192.168.144.128",
        "id.orig_p": "48090",
        "id.resp_h": "172.22.0.2",
        "id.resp_p": "8000",
        "source": "HTTP",
        "depth": "0",
        "analyzers": "(empty)",
        "mime_type": "image/png",
        "filename": "resized_png-transparent-two-checked-flags-racing-flags-auto-racing-racing-flag-miscellaneous-game-flag-png-free-download.png",
        "duration": "0.000658",
        "local_orig": "-",
        "is_orig": "F",
        "seen_bytes": "4302",
        "total_bytes": "4302",
        "missing_bytes": "0",
        "overflow_bytes": "0",
        "timedout": "F",
        "parent_fuid": "-",
        "md5": "-",
        "sha1": "-",
        "sha256": "-",
        "extracted": "-",
        "extracted_cutoff": "-",
        "extracted_size": "-"
    },
    {
        "ts": "1686584900.117805",
        "fuid": "Fm1pmRPLcWrpyDJK3",
        "uid": "CX70BX18vIrG5CRoz6",
        "id.orig_h": "192.168.144.128",
        "id.orig_p": "48092",
        "id.resp_h": "172.22.0.2",
        "id.resp_p": "8000",
        "source": "HTTP",
        "depth": "0",
        "analyzers": "(empty)",
        "mime_type": "image/jpeg",
        "filename": "pngtree-pink-watercolor-brushes-171474-png-image_1733978.jpg",
        "duration": "0.000000",
        "local_orig": "-",
        "is_orig": "T",
        "seen_bytes": "9278",
        "total_bytes": "-",
        "missing_bytes": "0",
        "overflow_bytes": "0",
        "timedout": "F",
        "parent_fuid": "-",
        "md5": "-",
        "sha1": "-",
        "sha256": "-",
        "extracted": "-",
        "extracted_cutoff": "-",
        "extracted_size": "-"
    },
    {
        "ts": "1686584900.134023",
        "fuid": "FBCjbx1LIM3rpJqRmi",
        "uid": "CX70BX18vIrG5CRoz6",
        "id.orig_h": "192.168.144.128",
        "id.orig_p": "48092",
        "id.resp_h": "172.22.0.2",
        "id.resp_p": "8000",
        "source": "HTTP",
        "depth": "0",
        "analyzers": "(empty)",
        "mime_type": "image/jpeg",
        "filename": "resized_pngtree-pink-watercolor-brushes-171474-png-image_1733978.jpg",
        "duration": "0.000766",
        "local_orig": "-",
        "is_orig": "F",
        "seen_bytes": "8153",
        "total_bytes": "8153",
        "missing_bytes": "0",
        "overflow_bytes": "0",
        "timedout": "F",
        "parent_fuid": "-",
        "md5": "-",
        "sha1": "-",
        "sha256": "-",
        "extracted": "-",
        "extracted_cutoff": "-",
        "extracted_size": "-"
    },
    {
        "ts": "1686584900.154540",
        "fuid": "F9tAck477ityxMdF7",
        "uid": "CUMTmE35jIVmnr4Umj",
        "id.orig_h": "192.168.144.128",
        "id.orig_p": "48094",
        "id.resp_h": "172.22.0.2",
        "id.resp_p": "8000",
        "source": "HTTP",
        "depth": "0",
        "analyzers": "(empty)",
        "mime_type": "image/jpeg",
        "filename": "pusca.jpeg",
        "duration": "0.000000",
        "local_orig": "-",
        "is_orig": "T",
        "seen_bytes": "11336",
        "total_bytes": "-",
        "missing_bytes": "0",
        "overflow_bytes": "0",
        "timedout": "F",
        "parent_fuid": "-",
        "md5": "-",
        "sha1": "-",
        "sha256": "-",
        "extracted": "-",
        "extracted_cutoff": "-",
        "extracted_size": "-"
    },
    {
        "ts": "1686584900.164564",
        "fuid": "FghMHmDl0GjAka7Pc",
        "uid": "CUMTmE35jIVmnr4Umj",
        "id.orig_h": "192.168.144.128",
        "id.orig_p": "48094",
        "id.resp_h": "172.22.0.2",
        "id.resp_p": "8000",
        "source": "HTTP",
        "depth": "0",
        "analyzers": "(empty)",
        "mime_type": "image/jpeg",
        "filename": "resized_pusca.jpeg",
        "duration": "0.000295",
        "local_orig": "-",
        "is_orig": "F",
        "seen_bytes": "9888",
        "total_bytes": "9888",
        "missing_bytes": "0",
        "overflow_bytes": "0",
        "timedout": "F",
        "parent_fuid": "-",
        "md5": "-",
        "sha1": "-",
        "sha256": "-",
        "extracted": "-",
        "extracted_cutoff": "-",
        "extracted_size": "-"
    },
    {
        "ts": "1686584900.183463",
        "fuid": "FhZQme4q3P4JXIdVNe",
        "uid": "CwGy4C0njBZWZId13",
        "id.orig_h": "192.168.144.128",
        "id.orig_p": "48096",
        "id.resp_h": "172.22.0.2",
        "id.resp_p": "8000",
        "source": "HTTP",
        "depth": "0",
        "analyzers": "(empty)",
        "mime_type": "application/postscript",
        "filename": "rce.jpg",
        "duration": "0.000000",
        "local_orig": "-",
        "is_orig": "T",
        "seen_bytes": "266",
        "total_bytes": "-",
        "missing_bytes": "0",
        "overflow_bytes": "0",
        "timedout": "F",
        "parent_fuid": "-",
        "md5": "-",
        "sha1": "-",
        "sha256": "-",
        "extracted": "-",
        "extracted_cutoff": "-",
        "extracted_size": "-"
    },
    {
        "ts": "1686584900.345127",
        "fuid": "F5z7kk3MPO2gSYjGn",
        "uid": "CwGy4C0njBZWZId13",
        "id.orig_h": "192.168.144.128",
        "id.orig_p": "48096",
        "id.resp_h": "172.22.0.2",
        "id.resp_p": "8000",
        "source": "HTTP",
        "depth": "0",
        "analyzers": "(empty)",
        "mime_type": "image/jpeg",
        "filename": "resized_rce.jpg",
        "duration": "0.000350",
        "local_orig": "-",
        "is_orig": "F",
        "seen_bytes": "1651",
        "total_bytes": "1651",
        "missing_bytes": "0",
        "overflow_bytes": "0",
        "timedout": "F",
        "parent_fuid": "-",
        "md5": "-",
        "sha1": "-",
        "sha256": "-",
        "extracted": "-",
        "extracted_cutoff": "-",
        "extracted_size": "-"
    },
    {
        "ts": "1686584900.376223",
        "fuid": "FU1pmF2OSDcPUI0Neg",
        "uid": "CUMJMl4eoKmlXevMc8",
        "id.orig_h": "192.168.144.128",
        "id.orig_p": "48098",
        "id.resp_h": "172.22.0.2",
        "id.resp_p": "8000",
        "source": "HTTP",
        "depth": "0",
        "analyzers": "(empty)",
        "mime_type": "image/jpeg",
        "filename": "swan_beauty_nature_264533.jpg",
        "duration": "0.000000",
        "local_orig": "-",
        "is_orig": "T",
        "seen_bytes": "140052",
        "total_bytes": "-",
        "missing_bytes": "0",
        "overflow_bytes": "0",
        "timedout": "F",
        "parent_fuid": "-",
        "md5": "-",
        "sha1": "-",
        "sha256": "-",
        "extracted": "-",
        "extracted_cutoff": "-",
        "extracted_size": "-"
    },
    {
        "ts": "1686584900.417191",
        "fuid": "Fe4Fl01CfgZfuTJq35",
        "uid": "CUMJMl4eoKmlXevMc8",
        "id.orig_h": "192.168.144.128",
        "id.orig_p": "48098",
        "id.resp_h": "172.22.0.2",
        "id.resp_p": "8000",
        "source": "HTTP",
        "depth": "0",
        "analyzers": "(empty)",
        "mime_type": "image/jpeg",
        "filename": "resized_swan_beauty_nature_264533.jpg",
        "duration": "0.000593",
        "local_orig": "-",
        "is_orig": "F",
        "seen_bytes": "14785",
        "total_bytes": "14785",
        "missing_bytes": "0",
        "overflow_bytes": "0",
        "timedout": "F",
        "parent_fuid": "-",
        "md5": "-",
        "sha1": "-",
        "sha256": "-",
        "extracted": "-",
        "extracted_cutoff": "-",
        "extracted_size": "-"
    }
]