[
    {
        "ts": "1686720655.301864",
        "uid": "C3MXT130bAanLjFtHa",
        "id.orig_h": "192.168.144.128",
        "id.orig_p": "50418",
        "id.resp_h": "172.22.0.2",
        "id.resp_p": "8000",
        "trans_depth": "1",
        "method": "POST",
        "host": "192.168.144.133:8000",
        "uri": "/",
        "referrer": "-",
        "version": "1.0",
        "user_agent": "curl/7.85.0",
        "origin": "-",
        "request_body_len": "621783",
        "response_body_len": "46550",
        "status_code": "200",
        "status_msg": "OK",
        "info_code": "-",
        "info_msg": "-",
        "tags": "(empty)",
        "username": "-",
        "password": "-",
        "proxied": "-",
        "orig_fuids": "Fx8BJNjLwWiHgsNy7",
        "orig_filenames": "11-2-jaguar-png-hd.png",
        "orig_mime_types": "image/png",
        "resp_fuids": "F0GlET3VvyWjI4fJs4",
        "resp_filenames": "resized_11-2-jaguar-png-hd.png",
        "resp_mime_types": "image/png"
    },
    {
        "ts": "1686720655.436884",
        "uid": "C1ZDHE1KaqzIvTW5qb",
        "id.orig_h": "192.168.144.128",
        "id.orig_p": "50420",
        "id.resp_h": "172.22.0.2",
        "id.resp_p": "8000",
        "trans_depth": "1",
        "method": "POST",
        "host": "192.168.144.133:8000",
        "uri": "/",
        "referrer": "-",
        "version": "1.0",
        "user_agent": "curl/7.85.0",
        "origin": "-",
        "request_body_len": "122682",
        "response_body_len": "5582",
        "status_code": "200",
        "status_msg": "OK",
        "info_code": "-",
        "info_msg": "-",
        "tags": "(empty)",
        "username": "-",
        "password": "-",
        "proxied": "-",
        "orig_fuids": "Ft0fuk4hIw2jUxGN27",
        "orig_filenames": "3240.png_1200.png",
        "orig_mime_types": "image/png",
        "resp_fuids": "FZOB3K1pIpktaOndsa",
        "resp_filenames": "resized_3240.png_1200.png",
        "resp_mime_types": "image/png"
    },
    {
        "ts": "1686720655.516778",
        "uid": "Cz5cmq3mSpWZ88pGa8",
        "id.orig_h": "192.168.144.128",
        "id.orig_p": "50424",
        "id.resp_h": "172.22.0.2",
        "id.resp_p": "8000",
        "trans_depth": "1",
        "method": "POST",
        "host": "192.168.144.133:8000",
        "uri": "/",
        "referrer": "-",
        "version": "1.0",
        "user_agent": "curl/7.85.0",
        "origin": "-",
        "request_body_len": "6592",
        "response_body_len": "12092",
        "status_code": "200",
        "status_msg": "OK",
        "info_code": "-",
        "info_msg": "-",
        "tags": "(empty)",
        "username": "-",
        "password": "-",
        "proxied": "-",
        "orig_fuids": "FNbFrH1DPQYClhTinf",
        "orig_filenames": "images.jpeg",
        "orig_mime_types": "image/jpeg",
        "resp_fuids": "FANGgF2OBi997uZxdc",
        "resp_filenames": "resized_images.jpeg",
        "resp_mime_types": "image/jpeg"
    },
    {
        "ts": "1686720655.538264",
        "uid": "CfNTCm3F1OQOKxSGvf",
        "id.orig_h": "192.168.144.128",
        "id.orig_p": "50426",
        "id.resp_h": "172.22.0.2",
        "id.resp_p": "8000",
        "trans_depth": "1",
        "method": "POST",
        "host": "192.168.144.133:8000",
        "uri": "/",
        "referrer": "-",
        "version": "1.0",
        "user_agent": "curl/7.85.0",
        "origin": "-",
        "request_body_len": "5702",
        "response_body_len": "7596",
        "status_code": "200",
        "status_msg": "OK",
        "info_code": "-",
        "info_msg": "-",
        "tags": "(empty)",
        "username": "-",
        "password": "-",
        "proxied": "-",
        "orig_fuids": "Fr6fy02lUeQ2qf6d3h",
        "orig_filenames": "index.jpeg",
        "orig_mime_types": "image/jpeg",
        "resp_fuids": "FEAhj03WAhbeWOUsj3",
        "resp_filenames": "resized_index.jpeg",
        "resp_mime_types": "image/jpeg"
    },
    {
        "ts": "1686720655.556190",
        "uid": "CfQWsy4Fwi8aZCio3h",
        "id.orig_h": "192.168.144.128",
        "id.orig_p": "50428",
        "id.resp_h": "172.22.0.2",
        "id.resp_p": "8000",
        "trans_depth": "1",
        "method": "POST",
        "host": "192.168.144.133:8000",
        "uri": "/",
        "referrer": "-",
        "version": "1.0",
        "user_agent": "curl/7.85.0",
        "origin": "-",
        "request_body_len": "136985",
        "response_body_len": "10474",
        "status_code": "200",
        "status_msg": "OK",
        "info_code": "-",
        "info_msg": "-",
        "tags": "(empty)",
        "username": "-",
        "password": "-",
        "proxied": "-",
        "orig_fuids": "Fh0cey1z1MiWcB8zQ5",
        "orig_filenames": "photo-1598124146163-36819847286d.jpeg",
        "orig_mime_types": "image/jpeg",
        "resp_fuids": "FzihLb1fdCAQeHR55e",
        "resp_filenames": "resized_photo-1598124146163-36819847286d.jpeg",
        "resp_mime_types": "image/jpeg"
    },
    {
        "ts": "1686720655.610216",
        "uid": "CTYH9T33FSmytnswK8",
        "id.orig_h": "192.168.144.128",
        "id.orig_p": "50430",
        "id.resp_h": "172.22.0.2",
        "id.resp_p": "8000",
        "trans_depth": "1",
        "method": "POST",
        "host": "192.168.144.133:8000",
        "uri": "/",
        "referrer": "-",
        "version": "1.0",
        "user_agent": "curl/7.85.0",
        "origin": "-",
        "request_body_len": "5443",
        "response_body_len": "1338",
        "status_code": "200",
        "status_msg": "OK",
        "info_code": "-",
        "info_msg": "-",
        "tags": "(empty)",
        "username": "-",
        "password": "-",
        "proxied": "-",
        "orig_fuids": "FCcJvkal9y3ynald",
        "orig_filenames": "png-clipart-globe-globe.png",
        "orig_mime_types": "image/png",
        "resp_fuids": "Fimefj4o6ll7rGESVj",
        "resp_filenames": "resized_png-clipart-globe-globe.png",
        "resp_mime_types": "image/png"
    },
    {
        "ts": "1686720655.625534",
        "uid": "Cf6qR61uyrLaqZTd4j",
        "id.orig_h": "192.168.144.128",
        "id.orig_p": "50432",
        "id.resp_h": "172.22.0.2",
        "id.resp_p": "8000",
        "trans_depth": "1",
        "method": "POST",
        "host": "192.168.144.133:8000",
        "uri": "/",
        "referrer": "-",
        "version": "1.0",
        "user_agent": "curl/7.85.0",
        "origin": "-",
        "request_body_len": "24218",
        "response_body_len": "4302",
        "status_code": "200",
        "status_msg": "OK",
        "info_code": "-",
        "info_msg": "-",
        "tags": "(empty)",
        "username": "-",
        "password": "-",
        "proxied": "-",
        "orig_fuids": "F56U2f2YeXVgR1N07a",
        "orig_filenames": "png-transparent-two-checked-flags-racing-flags-auto-racing-racing-flag-miscellaneous-game-flag-png-free-download.png",
        "orig_mime_types": "image/png",
        "resp_fuids": "FZeHxb48NEPW5MbjS6",
        "resp_filenames": "resized_png-transparent-two-checked-flags-racing-flags-auto-racing-racing-flag-miscellaneous-game-flag-png-free-download.png",
        "resp_mime_types": "image/png"
    },
    {
        "ts": "1686720655.643845",
        "uid": "CZXDds18ZYFDrkRcYd",
        "id.orig_h": "192.168.144.128",
        "id.orig_p": "50434",
        "id.resp_h": "172.22.0.2",
        "id.resp_p": "8000",
        "trans_depth": "1",
        "method": "POST",
        "host": "192.168.144.133:8000",
        "uri": "/",
        "referrer": "-",
        "version": "1.0",
        "user_agent": "curl/7.85.0",
        "origin": "-",
        "request_body_len": "9517",
        "response_body_len": "8153",
        "status_code": "200",
        "status_msg": "OK",
        "info_code": "-",
        "info_msg": "-",
        "tags": "(empty)",
        "username": "-",
        "password": "-",
        "proxied": "-",
        "orig_fuids": "FgQRZg46H0pMcxVgN7",
        "orig_filenames": "pngtree-pink-watercolor-brushes-171474-png-image_1733978.jpg",
        "orig_mime_types": "image/jpeg",
        "resp_fuids": "FQ9fVE2TIxlyYCXGR1",
        "resp_filenames": "resized_pngtree-pink-watercolor-brushes-171474-png-image_1733978.jpg",
        "resp_mime_types": "image/jpeg"
    },
    {
        "ts": "1686720655.666741",
        "uid": "Cw0WiF3m5mMYtuW3M4",
        "id.orig_h": "192.168.144.128",
        "id.orig_p": "50436",
        "id.resp_h": "172.22.0.2",
        "id.resp_p": "8000",
        "trans_depth": "1",
        "method": "POST",
        "host": "192.168.144.133:8000",
        "uri": "/",
        "referrer": "-",
        "version": "1.0",
        "user_agent": "curl/7.85.0",
        "origin": "-",
        "request_body_len": "11525",
        "response_body_len": "9888",
        "status_code": "200",
        "status_msg": "OK",
        "info_code": "-",
        "info_msg": "-",
        "tags": "(empty)",
        "username": "-",
        "password": "-",
        "proxied": "-",
        "orig_fuids": "Fgg97s2SnIoj9P8CO5",
        "orig_filenames": "pusca.jpeg",
        "orig_mime_types": "image/jpeg",
        "resp_fuids": "FJhCHB1PaBfjwyN9L5",
        "resp_filenames": "resized_pusca.jpeg",
        "resp_mime_types": "image/jpeg"
    },
    {
        "ts": "1686720655.684917",
        "uid": "CjGHNX3GIhroblPGL5",
        "id.orig_h": "192.168.144.128",
        "id.orig_p": "50438",
        "id.resp_h": "172.22.0.2",
        "id.resp_p": "8000",
        "trans_depth": "1",
        "method": "POST",
        "host": "192.168.144.133:8000",
        "uri": "/",
        "referrer": "-",
        "version": "1.0",
        "user_agent": "curl/7.85.0",
        "origin": "-",
        "request_body_len": "452",
        "response_body_len": "1651",
        "status_code": "200",
        "status_msg": "OK",
        "info_code": "-",
        "info_msg": "-",
        "tags": "(empty)",
        "username": "-",
        "password": "-",
        "proxied": "-",
        "orig_fuids": "F9jnGI1jDWuc2ZmgJ4",
        "orig_filenames": "rce.jpg",
        "orig_mime_types": "application/postscript",
        "resp_fuids": "FEpWK43JXP1Joi6p1c",
        "resp_filenames": "resized_rce.jpg",
        "resp_mime_types": "image/jpeg"
    },
    {
        "ts": "1686720655.901780",
        "uid": "Cx2b7laZ6kndl8QIg",
        "id.orig_h": "192.168.144.128",
        "id.orig_p": "50440",
        "id.resp_h": "172.22.0.2",
        "id.resp_p": "8000",
        "trans_depth": "1",
        "method": "POST",
        "host": "192.168.144.133:8000",
        "uri": "/",
        "referrer": "-",
        "version": "1.0",
        "user_agent": "curl/7.85.0",
        "origin": "-",
        "request_body_len": "140260",
        "response_body_len": "14785",
        "status_code": "200",
        "status_msg": "OK",
        "info_code": "-",
        "info_msg": "-",
        "tags": "(empty)",
        "username": "-",
        "password": "-",
        "proxied": "-",
        "orig_fuids": "FoeTxk3zUXS8fzXM0l",
        "orig_filenames": "swan_beauty_nature_264533.jpg",
        "orig_mime_types": "image/jpeg",
        "resp_fuids": "Fo076F2DXyfPf7eHea",
        "resp_filenames": "resized_swan_beauty_nature_264533.jpg",
        "resp_mime_types": "image/jpeg"
    },
    {
        "ts": "1686720657.236004",
        "uid": "CrODSJ2pKp18xfYWVl",
        "id.orig_h": "192.168.144.128",
        "id.orig_p": "50442",
        "id.resp_h": "172.22.0.2",
        "id.resp_p": "8000",
        "trans_depth": "1",
        "method": "POST",
        "host": "192.168.144.133:8000",
        "uri": "/",
        "referrer": "-",
        "version": "1.0",
        "user_agent": "curl/7.85.0",
        "origin": "-",
        "request_body_len": "621783",
        "response_body_len": "46550",
        "status_code": "200",
        "status_msg": "OK",
        "info_code": "-",
        "info_msg": "-",
        "tags": "(empty)",
        "username": "-",
        "password": "-",
        "proxied": "-",
        "orig_fuids": "FQtLqF4SloOeni48Rg",
        "orig_filenames": "11-2-jaguar-png-hd.png",
        "orig_mime_types": "image/png",
        "resp_fuids": "Fq7QEe1p6ff6JKg2z7",
        "resp_filenames": "resized_11-2-jaguar-png-hd.png",
        "resp_mime_types": "image/png"
    },
    {
        "ts": "1686720657.304921",
        "uid": "C4Dc3C2HOHID1sT11c",
        "id.orig_h": "192.168.144.128",
        "id.orig_p": "50444",
        "id.resp_h": "172.22.0.2",
        "id.resp_p": "8000",
        "trans_depth": "1",
        "method": "POST",
        "host": "192.168.144.133:8000",
        "uri": "/",
        "referrer": "-",
        "version": "1.0",
        "user_agent": "curl/7.85.0",
        "origin": "-",
        "request_body_len": "122682",
        "response_body_len": "5582",
        "status_code": "200",
        "status_msg": "OK",
        "info_code": "-",
        "info_msg": "-",
        "tags": "(empty)",
        "username": "-",
        "password": "-",
        "proxied": "-",
        "orig_fuids": "FLdtoa4GqCbUAue3Y4",
        "orig_filenames": "3240.png_1200.png",
        "orig_mime_types": "image/png",
        "resp_fuids": "FoPbeO4sCvJIe1T0i",
        "resp_filenames": "resized_3240.png_1200.png",
        "resp_mime_types": "image/png"
    },
    {
        "ts": "1686720657.381556",
        "uid": "Ch8QZf1OS3HbsazVM",
        "id.orig_h": "192.168.144.128",
        "id.orig_p": "50446",
        "id.resp_h": "172.22.0.2",
        "id.resp_p": "8000",
        "trans_depth": "1",
        "method": "POST",
        "host": "192.168.144.133:8000",
        "uri": "/",
        "referrer": "-",
        "version": "1.0",
        "user_agent": "curl/7.85.0",
        "origin": "-",
        "request_body_len": "6592",
        "response_body_len": "12092",
        "status_code": "200",
        "status_msg": "OK",
        "info_code": "-",
        "info_msg": "-",
        "tags": "(empty)",
        "username": "-",
        "password": "-",
        "proxied": "-",
        "orig_fuids": "FBWj3R1PTIz7LceZV9",
        "orig_filenames": "images.jpeg",
        "orig_mime_types": "image/jpeg",
        "resp_fuids": "FEncAhzZmzwZal6A9",
        "resp_filenames": "resized_images.jpeg",
        "resp_mime_types": "image/jpeg"
    },
    {
        "ts": "1686720657.399897",
        "uid": "CamlrZ2SlIDN8IBXkl",
        "id.orig_h": "192.168.144.128",
        "id.orig_p": "50448",
        "id.resp_h": "172.22.0.2",
        "id.resp_p": "8000",
        "trans_depth": "1",
        "method": "POST",
        "host": "192.168.144.133:8000",
        "uri": "/",
        "referrer": "-",
        "version": "1.0",
        "user_agent": "curl/7.85.0",
        "origin": "-",
        "request_body_len": "5702",
        "response_body_len": "7596",
        "status_code": "200",
        "status_msg": "OK",
        "info_code": "-",
        "info_msg": "-",
        "tags": "(empty)",
        "username": "-",
        "password": "-",
        "proxied": "-",
        "orig_fuids": "FmLGBz3K604N9f221e",
        "orig_filenames": "index.jpeg",
        "orig_mime_types": "image/jpeg",
        "resp_fuids": "FQMHk29XxM4npPjXl",
        "resp_filenames": "resized_index.jpeg",
        "resp_mime_types": "image/jpeg"
    },
    {
        "ts": "1686720657.417559",
        "uid": "C3FN3v3lb9YQasjPTa",
        "id.orig_h": "192.168.144.128",
        "id.orig_p": "50450",
        "id.resp_h": "172.22.0.2",
        "id.resp_p": "8000",
        "trans_depth": "1",
        "method": "POST",
        "host": "192.168.144.133:8000",
        "uri": "/",
        "referrer": "-",
        "version": "1.0",
        "user_agent": "curl/7.85.0",
        "origin": "-",
        "request_body_len": "136985",
        "response_body_len": "10474",
        "status_code": "200",
        "status_msg": "OK",
        "info_code": "-",
        "info_msg": "-",
        "tags": "(empty)",
        "username": "-",
        "password": "-",
        "proxied": "-",
        "orig_fuids": "F5soYC22g5OWdX6uKf",
        "orig_filenames": "photo-1598124146163-36819847286d.jpeg",
        "orig_mime_types": "image/jpeg",
        "resp_fuids": "FqxekGfoVfC8v9R8f",
        "resp_filenames": "resized_photo-1598124146163-36819847286d.jpeg",
        "resp_mime_types": "image/jpeg"
    },
    {
        "ts": "1686720657.466473",
        "uid": "Cmna3X5VPgxflMI2",
        "id.orig_h": "192.168.144.128",
        "id.orig_p": "50452",
        "id.resp_h": "172.22.0.2",
        "id.resp_p": "8000",
        "trans_depth": "1",
        "method": "POST",
        "host": "192.168.144.133:8000",
        "uri": "/",
        "referrer": "-",
        "version": "1.0",
        "user_agent": "curl/7.85.0",
        "origin": "-",
        "request_body_len": "5443",
        "response_body_len": "1338",
        "status_code": "200",
        "status_msg": "OK",
        "info_code": "-",
        "info_msg": "-",
        "tags": "(empty)",
        "username": "-",
        "password": "-",
        "proxied": "-",
        "orig_fuids": "FvN83j45FgKw0TSuWf",
        "orig_filenames": "png-clipart-globe-globe.png",
        "orig_mime_types": "image/png",
        "resp_fuids": "F8RmfQ3Iq7XgUxaF0c",
        "resp_filenames": "resized_png-clipart-globe-globe.png",
        "resp_mime_types": "image/png"
    },
    {
        "ts": "1686720657.482253",
        "uid": "CD8ArD3JmRJP0vPVIc",
        "id.orig_h": "192.168.144.128",
        "id.orig_p": "50454",
        "id.resp_h": "172.22.0.2",
        "id.resp_p": "8000",
        "trans_depth": "1",
        "method": "POST",
        "host": "192.168.144.133:8000",
        "uri": "/",
        "referrer": "-",
        "version": "1.0",
        "user_agent": "curl/7.85.0",
        "origin": "-",
        "request_body_len": "24218",
        "response_body_len": "4302",
        "status_code": "200",
        "status_msg": "OK",
        "info_code": "-",
        "info_msg": "-",
        "tags": "(empty)",
        "username": "-",
        "password": "-",
        "proxied": "-",
        "orig_fuids": "FYAWGt3sBWGIM3Tj32",
        "orig_filenames": "png-transparent-two-checked-flags-racing-flags-auto-racing-racing-flag-miscellaneous-game-flag-png-free-download.png",
        "orig_mime_types": "image/png",
        "resp_fuids": "FTOvFg1RA1GhnfRRdl",
        "resp_filenames": "resized_png-transparent-two-checked-flags-racing-flags-auto-racing-racing-flag-miscellaneous-game-flag-png-free-download.png",
        "resp_mime_types": "image/png"
    },
    {
        "ts": "1686720657.500887",
        "uid": "C0GVBV3Q9PHYQl4Yl1",
        "id.orig_h": "192.168.144.128",
        "id.orig_p": "50456",
        "id.resp_h": "172.22.0.2",
        "id.resp_p": "8000",
        "trans_depth": "1",
        "method": "POST",
        "host": "192.168.144.133:8000",
        "uri": "/",
        "referrer": "-",
        "version": "1.0",
        "user_agent": "curl/7.85.0",
        "origin": "-",
        "request_body_len": "9517",
        "response_body_len": "8153",
        "status_code": "200",
        "status_msg": "OK",
        "info_code": "-",
        "info_msg": "-",
        "tags": "(empty)",
        "username": "-",
        "password": "-",
        "proxied": "-",
        "orig_fuids": "Fb1Un92Wb1Gelyztz8",
        "orig_filenames": "pngtree-pink-watercolor-brushes-171474-png-image_1733978.jpg",
        "orig_mime_types": "image/jpeg",
        "resp_fuids": "FdduQO2b3vtJA4gNDj",
        "resp_filenames": "resized_pngtree-pink-watercolor-brushes-171474-png-image_1733978.jpg",
        "resp_mime_types": "image/jpeg"
    },
    {
        "ts": "1686720657.522092",
        "uid": "Chowxt2zIJWnn7GBs4",
        "id.orig_h": "192.168.144.128",
        "id.orig_p": "50458",
        "id.resp_h": "172.22.0.2",
        "id.resp_p": "8000",
        "trans_depth": "1",
        "method": "POST",
        "host": "192.168.144.133:8000",
        "uri": "/",
        "referrer": "-",
        "version": "1.0",
        "user_agent": "curl/7.85.0",
        "origin": "-",
        "request_body_len": "11525",
        "response_body_len": "9888",
        "status_code": "200",
        "status_msg": "OK",
        "info_code": "-",
        "info_msg": "-",
        "tags": "(empty)",
        "username": "-",
        "password": "-",
        "proxied": "-",
        "orig_fuids": "FRO2i3F0gZOuSklx5",
        "orig_filenames": "pusca.jpeg",
        "orig_mime_types": "image/jpeg",
        "resp_fuids": "FE0DUt1cTfmPd35h29",
        "resp_filenames": "resized_pusca.jpeg",
        "resp_mime_types": "image/jpeg"
    },
    {
        "ts": "1686720657.541911",
        "uid": "CLkc0T1jymrs5ua0W6",
        "id.orig_h": "192.168.144.128",
        "id.orig_p": "50460",
        "id.resp_h": "172.22.0.2",
        "id.resp_p": "8000",
        "trans_depth": "1",
        "method": "POST",
        "host": "192.168.144.133:8000",
        "uri": "/",
        "referrer": "-",
        "version": "1.0",
        "user_agent": "curl/7.85.0",
        "origin": "-",
        "request_body_len": "452",
        "response_body_len": "1651",
        "status_code": "200",
        "status_msg": "OK",
        "info_code": "-",
        "info_msg": "-",
        "tags": "(empty)",
        "username": "-",
        "password": "-",
        "proxied": "-",
        "orig_fuids": "FljMia4YYaHfcgzVa7",
        "orig_filenames": "rce.jpg",
        "orig_mime_types": "application/postscript",
        "resp_fuids": "FrQ4953XyDDqt9Vwf5",
        "resp_filenames": "resized_rce.jpg",
        "resp_mime_types": "image/jpeg"
    },
    {
        "ts": "1686720657.623181",
        "uid": "CCM0Js2Yp1TtGDsc6g",
        "id.orig_h": "192.168.144.128",
        "id.orig_p": "50462",
        "id.resp_h": "172.22.0.2",
        "id.resp_p": "8000",
        "trans_depth": "1",
        "method": "POST",
        "host": "192.168.144.133:8000",
        "uri": "/",
        "referrer": "-",
        "version": "1.0",
        "user_agent": "curl/7.85.0",
        "origin": "-",
        "request_body_len": "140260",
        "response_body_len": "14785",
        "status_code": "200",
        "status_msg": "OK",
        "info_code": "-",
        "info_msg": "-",
        "tags": "(empty)",
        "username": "-",
        "password": "-",
        "proxied": "-",
        "orig_fuids": "FicrCt2LhcRMIuTvk3",
        "orig_filenames": "swan_beauty_nature_264533.jpg",
        "orig_mime_types": "image/jpeg",
        "resp_fuids": "FdAcQD4p7FSg2Riqrb",
        "resp_filenames": "resized_swan_beauty_nature_264533.jpg",
        "resp_mime_types": "image/jpeg"
    },
    {
        "ts": "1686720658.189681",
        "uid": "CrN5hi3GdoqmE6C41a",
        "id.orig_h": "192.168.144.128",
        "id.orig_p": "50464",
        "id.resp_h": "172.22.0.2",
        "id.resp_p": "8000",
        "trans_depth": "1",
        "method": "POST",
        "host": "192.168.144.133:8000",
        "uri": "/",
        "referrer": "-",
        "version": "1.0",
        "user_agent": "curl/7.85.0",
        "origin": "-",
        "request_body_len": "621783",
        "response_body_len": "46550",
        "status_code": "200",
        "status_msg": "OK",
        "info_code": "-",
        "info_msg": "-",
        "tags": "(empty)",
        "username": "-",
        "password": "-",
        "proxied": "-",
        "orig_fuids": "FEL5rE4s9OgnrnbSnc",
        "orig_filenames": "11-2-jaguar-png-hd.png",
        "orig_mime_types": "image/png",
        "resp_fuids": "FO2f5Z2FE38BEOqNAa",
        "resp_filenames": "resized_11-2-jaguar-png-hd.png",
        "resp_mime_types": "image/png"
    },
    {
        "ts": "1686720658.260845",
        "uid": "C3EHk64uTb3Vb4Zwrf",
        "id.orig_h": "192.168.144.128",
        "id.orig_p": "50466",
        "id.resp_h": "172.22.0.2",
        "id.resp_p": "8000",
        "trans_depth": "1",
        "method": "POST",
        "host": "192.168.144.133:8000",
        "uri": "/",
        "referrer": "-",
        "version": "1.0",
        "user_agent": "curl/7.85.0",
        "origin": "-",
        "request_body_len": "122682",
        "response_body_len": "5582",
        "status_code": "200",
        "status_msg": "OK",
        "info_code": "-",
        "info_msg": "-",
        "tags": "(empty)",
        "username": "-",
        "password": "-",
        "proxied": "-",
        "orig_fuids": "FPSNW645ByfKBqYsRj",
        "orig_filenames": "3240.png_1200.png",
        "orig_mime_types": "image/png",
        "resp_fuids": "F7RruCuuekiMGjc22",
        "resp_filenames": "resized_3240.png_1200.png",
        "resp_mime_types": "image/png"
    },
    {
        "ts": "1686720658.338478",
        "uid": "C5OiPizfmuiKsClba",
        "id.orig_h": "192.168.144.128",
        "id.orig_p": "50468",
        "id.resp_h": "172.22.0.2",
        "id.resp_p": "8000",
        "trans_depth": "1",
        "method": "POST",
        "host": "192.168.144.133:8000",
        "uri": "/",
        "referrer": "-",
        "version": "1.0",
        "user_agent": "curl/7.85.0",
        "origin": "-",
        "request_body_len": "6592",
        "response_body_len": "12092",
        "status_code": "200",
        "status_msg": "OK",
        "info_code": "-",
        "info_msg": "-",
        "tags": "(empty)",
        "username": "-",
        "password": "-",
        "proxied": "-",
        "orig_fuids": "FIKOgM3wy02QtPC4Hi",
        "orig_filenames": "images.jpeg",
        "orig_mime_types": "image/jpeg",
        "resp_fuids": "FwYZHe4mjGvUagEWfj",
        "resp_filenames": "resized_images.jpeg",
        "resp_mime_types": "image/jpeg"
    },
    {
        "ts": "1686720658.355315",
        "uid": "CNCAbhPGIHZL15pYa",
        "id.orig_h": "192.168.144.128",
        "id.orig_p": "50470",
        "id.resp_h": "172.22.0.2",
        "id.resp_p": "8000",
        "trans_depth": "1",
        "method": "POST",
        "host": "192.168.144.133:8000",
        "uri": "/",
        "referrer": "-",
        "version": "1.0",
        "user_agent": "curl/7.85.0",
        "origin": "-",
        "request_body_len": "5702",
        "response_body_len": "7596",
        "status_code": "200",
        "status_msg": "OK",
        "info_code": "-",
        "info_msg": "-",
        "tags": "(empty)",
        "username": "-",
        "password": "-",
        "proxied": "-",
        "orig_fuids": "F80tY818clfOMequNe",
        "orig_filenames": "index.jpeg",
        "orig_mime_types": "image/jpeg",
        "resp_fuids": "FtiVOw3MkczqNg33se",
        "resp_filenames": "resized_index.jpeg",
        "resp_mime_types": "image/jpeg"
    },
    {
        "ts": "1686720658.373973",
        "uid": "Cd4VmtqXfFArcBLu9",
        "id.orig_h": "192.168.144.128",
        "id.orig_p": "50472",
        "id.resp_h": "172.22.0.2",
        "id.resp_p": "8000",
        "trans_depth": "1",
        "method": "POST",
        "host": "192.168.144.133:8000",
        "uri": "/",
        "referrer": "-",
        "version": "1.0",
        "user_agent": "curl/7.85.0",
        "origin": "-",
        "request_body_len": "136985",
        "response_body_len": "10474",
        "status_code": "200",
        "status_msg": "OK",
        "info_code": "-",
        "info_msg": "-",
        "tags": "(empty)",
        "username": "-",
        "password": "-",
        "proxied": "-",
        "orig_fuids": "FJSlv43vez3iKoT7m",
        "orig_filenames": "photo-1598124146163-36819847286d.jpeg",
        "orig_mime_types": "image/jpeg",
        "resp_fuids": "FC7fyl3KWrAbXcmu0a",
        "resp_filenames": "resized_photo-1598124146163-36819847286d.jpeg",
        "resp_mime_types": "image/jpeg"
    },
    {
        "ts": "1686720658.425841",
        "uid": "C1N85WSBBWPIaxKu9",
        "id.orig_h": "192.168.144.128",
        "id.orig_p": "50474",
        "id.resp_h": "172.22.0.2",
        "id.resp_p": "8000",
        "trans_depth": "1",
        "method": "POST",
        "host": "192.168.144.133:8000",
        "uri": "/",
        "referrer": "-",
        "version": "1.0",
        "user_agent": "curl/7.85.0",
        "origin": "-",
        "request_body_len": "5443",
        "response_body_len": "1338",
        "status_code": "200",
        "status_msg": "OK",
        "info_code": "-",
        "info_msg": "-",
        "tags": "(empty)",
        "username": "-",
        "password": "-",
        "proxied": "-",
        "orig_fuids": "FihBQ32PfL7TGTgw55",
        "orig_filenames": "png-clipart-globe-globe.png",
        "orig_mime_types": "image/png",
        "resp_fuids": "FC5O5L2nA7usOuk0x6",
        "resp_filenames": "resized_png-clipart-globe-globe.png",
        "resp_mime_types": "image/png"
    },
    {
        "ts": "1686720658.440884",
        "uid": "CFrRJsv7tqCy4oVm7",
        "id.orig_h": "192.168.144.128",
        "id.orig_p": "50476",
        "id.resp_h": "172.22.0.2",
        "id.resp_p": "8000",
        "trans_depth": "1",
        "method": "POST",
        "host": "192.168.144.133:8000",
        "uri": "/",
        "referrer": "-",
        "version": "1.0",
        "user_agent": "curl/7.85.0",
        "origin": "-",
        "request_body_len": "24218",
        "response_body_len": "4302",
        "status_code": "200",
        "status_msg": "OK",
        "info_code": "-",
        "info_msg": "-",
        "tags": "(empty)",
        "username": "-",
        "password": "-",
        "proxied": "-",
        "orig_fuids": "Fjd3zJ2jWfddQ3UDTk",
        "orig_filenames": "png-transparent-two-checked-flags-racing-flags-auto-racing-racing-flag-miscellaneous-game-flag-png-free-download.png",
        "orig_mime_types": "image/png",
        "resp_fuids": "FtpVqQ1XPbn7XxwUoe",
        "resp_filenames": "resized_png-transparent-two-checked-flags-racing-flags-auto-racing-racing-flag-miscellaneous-game-flag-png-free-download.png",
        "resp_mime_types": "image/png"
    },
    {
        "ts": "1686720658.460937",
        "uid": "Cj33ct25CKwb0ie7q3",
        "id.orig_h": "192.168.144.128",
        "id.orig_p": "50478",
        "id.resp_h": "172.22.0.2",
        "id.resp_p": "8000",
        "trans_depth": "1",
        "method": "POST",
        "host": "192.168.144.133:8000",
        "uri": "/",
        "referrer": "-",
        "version": "1.0",
        "user_agent": "curl/7.85.0",
        "origin": "-",
        "request_body_len": "9517",
        "response_body_len": "8153",
        "status_code": "200",
        "status_msg": "OK",
        "info_code": "-",
        "info_msg": "-",
        "tags": "(empty)",
        "username": "-",
        "password": "-",
        "proxied": "-",
        "orig_fuids": "FWNrE62YuNz2dCcbTj",
        "orig_filenames": "pngtree-pink-watercolor-brushes-171474-png-image_1733978.jpg",
        "orig_mime_types": "image/jpeg",
        "resp_fuids": "FkCz76205EM1oa4Rph",
        "resp_filenames": "resized_pngtree-pink-watercolor-brushes-171474-png-image_1733978.jpg",
        "resp_mime_types": "image/jpeg"
    },
    {
        "ts": "1686720658.481536",
        "uid": "CUnpQb48T6GFy5lu84",
        "id.orig_h": "192.168.144.128",
        "id.orig_p": "50480",
        "id.resp_h": "172.22.0.2",
        "id.resp_p": "8000",
        "trans_depth": "1",
        "method": "POST",
        "host": "192.168.144.133:8000",
        "uri": "/",
        "referrer": "-",
        "version": "1.0",
        "user_agent": "curl/7.85.0",
        "origin": "-",
        "request_body_len": "11525",
        "response_body_len": "9888",
        "status_code": "200",
        "status_msg": "OK",
        "info_code": "-",
        "info_msg": "-",
        "tags": "(empty)",
        "username": "-",
        "password": "-",
        "proxied": "-",
        "orig_fuids": "FxqB7B26l23QPfT2jd",
        "orig_filenames": "pusca.jpeg",
        "orig_mime_types": "image/jpeg",
        "resp_fuids": "FKXvIfnXpP5WKJu5c",
        "resp_filenames": "resized_pusca.jpeg",
        "resp_mime_types": "image/jpeg"
    },
    {
        "ts": "1686720658.499751",
        "uid": "CYivGOFmQVyjeAfok",
        "id.orig_h": "192.168.144.128",
        "id.orig_p": "50482",
        "id.resp_h": "172.22.0.2",
        "id.resp_p": "8000",
        "trans_depth": "1",
        "method": "POST",
        "host": "192.168.144.133:8000",
        "uri": "/",
        "referrer": "-",
        "version": "1.0",
        "user_agent": "curl/7.85.0",
        "origin": "-",
        "request_body_len": "452",
        "response_body_len": "1651",
        "status_code": "200",
        "status_msg": "OK",
        "info_code": "-",
        "info_msg": "-",
        "tags": "(empty)",
        "username": "-",
        "password": "-",
        "proxied": "-",
        "orig_fuids": "FSFzu32DZA2cNnLgT7",
        "orig_filenames": "rce.jpg",
        "orig_mime_types": "application/postscript",
        "resp_fuids": "FRGNNt4ZB0pqx1IMUj",
        "resp_filenames": "resized_rce.jpg",
        "resp_mime_types": "image/jpeg"
    },
    {
        "ts": "1686720658.578641",
        "uid": "CGWwnX27BUlIKV06rg",
        "id.orig_h": "192.168.144.128",
        "id.orig_p": "50484",
        "id.resp_h": "172.22.0.2",
        "id.resp_p": "8000",
        "trans_depth": "1",
        "method": "POST",
        "host": "192.168.144.133:8000",
        "uri": "/",
        "referrer": "-",
        "version": "1.0",
        "user_agent": "curl/7.85.0",
        "origin": "-",
        "request_body_len": "140260",
        "response_body_len": "14785",
        "status_code": "200",
        "status_msg": "OK",
        "info_code": "-",
        "info_msg": "-",
        "tags": "(empty)",
        "username": "-",
        "password": "-",
        "proxied": "-",
        "orig_fuids": "FeZC1l4VtXFtGCl1Y1",
        "orig_filenames": "swan_beauty_nature_264533.jpg",
        "orig_mime_types": "image/jpeg",
        "resp_fuids": "FCMkfHbhLAjXZruAd",
        "resp_filenames": "resized_swan_beauty_nature_264533.jpg",
        "resp_mime_types": "image/jpeg"
    },
    {
        "ts": "1686720659.191217",
        "uid": "CFyl2t4gGEm55J38Pf",
        "id.orig_h": "192.168.144.128",
        "id.orig_p": "50486",
        "id.resp_h": "172.22.0.2",
        "id.resp_p": "8000",
        "trans_depth": "1",
        "method": "POST",
        "host": "192.168.144.133:8000",
        "uri": "/",
        "referrer": "-",
        "version": "1.0",
        "user_agent": "curl/7.85.0",
        "origin": "-",
        "request_body_len": "621783",
        "response_body_len": "46550",
        "status_code": "200",
        "status_msg": "OK",
        "info_code": "-",
        "info_msg": "-",
        "tags": "(empty)",
        "username": "-",
        "password": "-",
        "proxied": "-",
        "orig_fuids": "FosTT811s4aoU5Jjq4",
        "orig_filenames": "11-2-jaguar-png-hd.png",
        "orig_mime_types": "image/png",
        "resp_fuids": "FmdvgSXiaXgDnnfii",
        "resp_filenames": "resized_11-2-jaguar-png-hd.png",
        "resp_mime_types": "image/png"
    },
    {
        "ts": "1686720659.264232",
        "uid": "CGXPKA1GRrWkEQKPF4",
        "id.orig_h": "192.168.144.128",
        "id.orig_p": "50488",
        "id.resp_h": "172.22.0.2",
        "id.resp_p": "8000",
        "trans_depth": "1",
        "method": "POST",
        "host": "192.168.144.133:8000",
        "uri": "/",
        "referrer": "-",
        "version": "1.0",
        "user_agent": "curl/7.85.0",
        "origin": "-",
        "request_body_len": "122682",
        "response_body_len": "5582",
        "status_code": "200",
        "status_msg": "OK",
        "info_code": "-",
        "info_msg": "-",
        "tags": "(empty)",
        "username": "-",
        "password": "-",
        "proxied": "-",
        "orig_fuids": "FjaWUX2Aces4TiQRPg",
        "orig_filenames": "3240.png_1200.png",
        "orig_mime_types": "image/png",
        "resp_fuids": "F1ouVm2gwRmY0zk2wg",
        "resp_filenames": "resized_3240.png_1200.png",
        "resp_mime_types": "image/png"
    },
    {
        "ts": "1686720659.342376",
        "uid": "CRSTKS2UA77nDwJvbk",
        "id.orig_h": "192.168.144.128",
        "id.orig_p": "50490",
        "id.resp_h": "172.22.0.2",
        "id.resp_p": "8000",
        "trans_depth": "1",
        "method": "POST",
        "host": "192.168.144.133:8000",
        "uri": "/",
        "referrer": "-",
        "version": "1.0",
        "user_agent": "curl/7.85.0",
        "origin": "-",
        "request_body_len": "6592",
        "response_body_len": "12092",
        "status_code": "200",
        "status_msg": "OK",
        "info_code": "-",
        "info_msg": "-",
        "tags": "(empty)",
        "username": "-",
        "password": "-",
        "proxied": "-",
        "orig_fuids": "F29QPw3fDYODLDw7E5",
        "orig_filenames": "images.jpeg",
        "orig_mime_types": "image/jpeg",
        "resp_fuids": "FdmVqA4Nql276u2KZ8",
        "resp_filenames": "resized_images.jpeg",
        "resp_mime_types": "image/jpeg"
    },
    {
        "ts": "1686720659.359557",
        "uid": "Co5HL02SHErQ2Uttnf",
        "id.orig_h": "192.168.144.128",
        "id.orig_p": "50492",
        "id.resp_h": "172.22.0.2",
        "id.resp_p": "8000",
        "trans_depth": "1",
        "method": "POST",
        "host": "192.168.144.133:8000",
        "uri": "/",
        "referrer": "-",
        "version": "1.0",
        "user_agent": "curl/7.85.0",
        "origin": "-",
        "request_body_len": "5702",
        "response_body_len": "7596",
        "status_code": "200",
        "status_msg": "OK",
        "info_code": "-",
        "info_msg": "-",
        "tags": "(empty)",
        "username": "-",
        "password": "-",
        "proxied": "-",
        "orig_fuids": "FYGfeZ1k0bMuHOeZja",
        "orig_filenames": "index.jpeg",
        "orig_mime_types": "image/jpeg",
        "resp_fuids": "FT13e325lOaVGVm7Eb",
        "resp_filenames": "resized_index.jpeg",
        "resp_mime_types": "image/jpeg"
    },
    {
        "ts": "1686720659.377258",
        "uid": "CKk1aL1v5r1YJOxHx7",
        "id.orig_h": "192.168.144.128",
        "id.orig_p": "50494",
        "id.resp_h": "172.22.0.2",
        "id.resp_p": "8000",
        "trans_depth": "1",
        "method": "POST",
        "host": "192.168.144.133:8000",
        "uri": "/",
        "referrer": "-",
        "version": "1.0",
        "user_agent": "curl/7.85.0",
        "origin": "-",
        "request_body_len": "136985",
        "response_body_len": "10474",
        "status_code": "200",
        "status_msg": "OK",
        "info_code": "-",
        "info_msg": "-",
        "tags": "(empty)",
        "username": "-",
        "password": "-",
        "proxied": "-",
        "orig_fuids": "F8ab1A3YAEo4Uza5m7",
        "orig_filenames": "photo-1598124146163-36819847286d.jpeg",
        "orig_mime_types": "image/jpeg",
        "resp_fuids": "Fq7unr3P5AfhXQFL9f",
        "resp_filenames": "resized_photo-1598124146163-36819847286d.jpeg",
        "resp_mime_types": "image/jpeg"
    },
    {
        "ts": "1686720659.426803",
        "uid": "CGYWsq3cgDhtCykLjg",
        "id.orig_h": "192.168.144.128",
        "id.orig_p": "50496",
        "id.resp_h": "172.22.0.2",
        "id.resp_p": "8000",
        "trans_depth": "1",
        "method": "POST",
        "host": "192.168.144.133:8000",
        "uri": "/",
        "referrer": "-",
        "version": "1.0",
        "user_agent": "curl/7.85.0",
        "origin": "-",
        "request_body_len": "5443",
        "response_body_len": "1338",
        "status_code": "200",
        "status_msg": "OK",
        "info_code": "-",
        "info_msg": "-",
        "tags": "(empty)",
        "username": "-",
        "password": "-",
        "proxied": "-",
        "orig_fuids": "FLyy8j35FD4yMf5Gn8",
        "orig_filenames": "png-clipart-globe-globe.png",
        "orig_mime_types": "image/png",
        "resp_fuids": "F0pr7o2pqN6wvOnTgj",
        "resp_filenames": "resized_png-clipart-globe-globe.png",
        "resp_mime_types": "image/png"
    },
    {
        "ts": "1686720659.443531",
        "uid": "CF1Qa429Q9ngXYigph",
        "id.orig_h": "192.168.144.128",
        "id.orig_p": "50498",
        "id.resp_h": "172.22.0.2",
        "id.resp_p": "8000",
        "trans_depth": "1",
        "method": "POST",
        "host": "192.168.144.133:8000",
        "uri": "/",
        "referrer": "-",
        "version": "1.0",
        "user_agent": "curl/7.85.0",
        "origin": "-",
        "request_body_len": "24218",
        "response_body_len": "4302",
        "status_code": "200",
        "status_msg": "OK",
        "info_code": "-",
        "info_msg": "-",
        "tags": "(empty)",
        "username": "-",
        "password": "-",
        "proxied": "-",
        "orig_fuids": "FXy4R11XoiaizPkjg7",
        "orig_filenames": "png-transparent-two-checked-flags-racing-flags-auto-racing-racing-flag-miscellaneous-game-flag-png-free-download.png",
        "orig_mime_types": "image/png",
        "resp_fuids": "FOV4BE4gMremWJXySc",
        "resp_filenames": "resized_png-transparent-two-checked-flags-racing-flags-auto-racing-racing-flag-miscellaneous-game-flag-png-free-download.png",
        "resp_mime_types": "image/png"
    },
    {
        "ts": "1686720659.462557",
        "uid": "CIkLuQ1wBm4uNpgz61",
        "id.orig_h": "192.168.144.128",
        "id.orig_p": "50500",
        "id.resp_h": "172.22.0.2",
        "id.resp_p": "8000",
        "trans_depth": "1",
        "method": "POST",
        "host": "192.168.144.133:8000",
        "uri": "/",
        "referrer": "-",
        "version": "1.0",
        "user_agent": "curl/7.85.0",
        "origin": "-",
        "request_body_len": "9517",
        "response_body_len": "8153",
        "status_code": "200",
        "status_msg": "OK",
        "info_code": "-",
        "info_msg": "-",
        "tags": "(empty)",
        "username": "-",
        "password": "-",
        "proxied": "-",
        "orig_fuids": "FUPf4e2hqS0D9cKQC7",
        "orig_filenames": "pngtree-pink-watercolor-brushes-171474-png-image_1733978.jpg",
        "orig_mime_types": "image/jpeg",
        "resp_fuids": "FglfKtBmQ55kzPyP3",
        "resp_filenames": "resized_pngtree-pink-watercolor-brushes-171474-png-image_1733978.jpg",
        "resp_mime_types": "image/jpeg"
    },
    {
        "ts": "1686720659.484870",
        "uid": "ClCh8D23sA5eElvWCc",
        "id.orig_h": "192.168.144.128",
        "id.orig_p": "50502",
        "id.resp_h": "172.22.0.2",
        "id.resp_p": "8000",
        "trans_depth": "1",
        "method": "POST",
        "host": "192.168.144.133:8000",
        "uri": "/",
        "referrer": "-",
        "version": "1.0",
        "user_agent": "curl/7.85.0",
        "origin": "-",
        "request_body_len": "11525",
        "response_body_len": "9888",
        "status_code": "200",
        "status_msg": "OK",
        "info_code": "-",
        "info_msg": "-",
        "tags": "(empty)",
        "username": "-",
        "password": "-",
        "proxied": "-",
        "orig_fuids": "FDLFFh3mtLNuoGzCOf",
        "orig_filenames": "pusca.jpeg",
        "orig_mime_types": "image/jpeg",
        "resp_fuids": "FRd2Jj2njXTAoUh56a",
        "resp_filenames": "resized_pusca.jpeg",
        "resp_mime_types": "image/jpeg"
    },
    {
        "ts": "1686720659.502627",
        "uid": "CKgvdJDhNTBEHotj2",
        "id.orig_h": "192.168.144.128",
        "id.orig_p": "50504",
        "id.resp_h": "172.22.0.2",
        "id.resp_p": "8000",
        "trans_depth": "1",
        "method": "POST",
        "host": "192.168.144.133:8000",
        "uri": "/",
        "referrer": "-",
        "version": "1.0",
        "user_agent": "curl/7.85.0",
        "origin": "-",
        "request_body_len": "452",
        "response_body_len": "1651",
        "status_code": "200",
        "status_msg": "OK",
        "info_code": "-",
        "info_msg": "-",
        "tags": "(empty)",
        "username": "-",
        "password": "-",
        "proxied": "-",
        "orig_fuids": "Fpk5612SAoZku9Qxr4",
        "orig_filenames": "rce.jpg",
        "orig_mime_types": "application/postscript",
        "resp_fuids": "FsPfOV7fUl967nLOi",
        "resp_filenames": "resized_rce.jpg",
        "resp_mime_types": "image/jpeg"
    },
    {
        "ts": "1686720659.580135",
        "uid": "Czxw2d32jo85JRyUJ8",
        "id.orig_h": "192.168.144.128",
        "id.orig_p": "50506",
        "id.resp_h": "172.22.0.2",
        "id.resp_p": "8000",
        "trans_depth": "1",
        "method": "POST",
        "host": "192.168.144.133:8000",
        "uri": "/",
        "referrer": "-",
        "version": "1.0",
        "user_agent": "curl/7.85.0",
        "origin": "-",
        "request_body_len": "140260",
        "response_body_len": "14785",
        "status_code": "200",
        "status_msg": "OK",
        "info_code": "-",
        "info_msg": "-",
        "tags": "(empty)",
        "username": "-",
        "password": "-",
        "proxied": "-",
        "orig_fuids": "F7OzhR1Eht8dzQBZS1",
        "orig_filenames": "swan_beauty_nature_264533.jpg",
        "orig_mime_types": "image/jpeg",
        "resp_fuids": "FOfkf14VEJ8ojdm5o7",
        "resp_filenames": "resized_swan_beauty_nature_264533.jpg",
        "resp_mime_types": "image/jpeg"
    },
    {
        "ts": "1686720660.127754",
        "uid": "C3KEQl4FNhwARSXb1i",
        "id.orig_h": "192.168.144.128",
        "id.orig_p": "50508",
        "id.resp_h": "172.22.0.2",
        "id.resp_p": "8000",
        "trans_depth": "1",
        "method": "POST",
        "host": "192.168.144.133:8000",
        "uri": "/",
        "referrer": "-",
        "version": "1.0",
        "user_agent": "curl/7.85.0",
        "origin": "-",
        "request_body_len": "621783",
        "response_body_len": "46550",
        "status_code": "200",
        "status_msg": "OK",
        "info_code": "-",
        "info_msg": "-",
        "tags": "(empty)",
        "username": "-",
        "password": "-",
        "proxied": "-",
        "orig_fuids": "Fxhr8C2xsk0eCFDlT7",
        "orig_filenames": "11-2-jaguar-png-hd.png",
        "orig_mime_types": "image/png",
        "resp_fuids": "F8SaxL2Qw0Uk1ZRwsa",
        "resp_filenames": "resized_11-2-jaguar-png-hd.png",
        "resp_mime_types": "image/png"
    },
    {
        "ts": "1686720660.193936",
        "uid": "C6s3k03xlXeue4Mdaf",
        "id.orig_h": "192.168.144.128",
        "id.orig_p": "50510",
        "id.resp_h": "172.22.0.2",
        "id.resp_p": "8000",
        "trans_depth": "1",
        "method": "POST",
        "host": "192.168.144.133:8000",
        "uri": "/",
        "referrer": "-",
        "version": "1.0",
        "user_agent": "curl/7.85.0",
        "origin": "-",
        "request_body_len": "122682",
        "response_body_len": "5582",
        "status_code": "200",
        "status_msg": "OK",
        "info_code": "-",
        "info_msg": "-",
        "tags": "(empty)",
        "username": "-",
        "password": "-",
        "proxied": "-",
        "orig_fuids": "Fqti3ILE7tCjke3Td",
        "orig_filenames": "3240.png_1200.png",
        "orig_mime_types": "image/png",
        "resp_fuids": "FQJpN71IiACnZjvI4d",
        "resp_filenames": "resized_3240.png_1200.png",
        "resp_mime_types": "image/png"
    },
    {
        "ts": "1686720660.272884",
        "uid": "CSGeG24hJJHdY4Zg4h",
        "id.orig_h": "192.168.144.128",
        "id.orig_p": "50512",
        "id.resp_h": "172.22.0.2",
        "id.resp_p": "8000",
        "trans_depth": "1",
        "method": "POST",
        "host": "192.168.144.133:8000",
        "uri": "/",
        "referrer": "-",
        "version": "1.0",
        "user_agent": "curl/7.85.0",
        "origin": "-",
        "request_body_len": "6592",
        "response_body_len": "12092",
        "status_code": "200",
        "status_msg": "OK",
        "info_code": "-",
        "info_msg": "-",
        "tags": "(empty)",
        "username": "-",
        "password": "-",
        "proxied": "-",
        "orig_fuids": "FB7cMy1b28Nudlcmla",
        "orig_filenames": "images.jpeg",
        "orig_mime_types": "image/jpeg",
        "resp_fuids": "FyHHOyizAJmiC3FD9",
        "resp_filenames": "resized_images.jpeg",
        "resp_mime_types": "image/jpeg"
    },
    {
        "ts": "1686720660.291083",
        "uid": "CdEko72zErhvEHZwzg",
        "id.orig_h": "192.168.144.128",
        "id.orig_p": "50514",
        "id.resp_h": "172.22.0.2",
        "id.resp_p": "8000",
        "trans_depth": "1",
        "method": "POST",
        "host": "192.168.144.133:8000",
        "uri": "/",
        "referrer": "-",
        "version": "1.0",
        "user_agent": "curl/7.85.0",
        "origin": "-",
        "request_body_len": "5702",
        "response_body_len": "7596",
        "status_code": "200",
        "status_msg": "OK",
        "info_code": "-",
        "info_msg": "-",
        "tags": "(empty)",
        "username": "-",
        "password": "-",
        "proxied": "-",
        "orig_fuids": "Fn9enj4FQGjPabbQUb",
        "orig_filenames": "index.jpeg",
        "orig_mime_types": "image/jpeg",
        "resp_fuids": "FAFXaf4AdI2lNNz2Kd",
        "resp_filenames": "resized_index.jpeg",
        "resp_mime_types": "image/jpeg"
    },
    {
        "ts": "1686720660.308778",
        "uid": "CTH8Mh2mFDn2wQRNT5",
        "id.orig_h": "192.168.144.128",
        "id.orig_p": "50516",
        "id.resp_h": "172.22.0.2",
        "id.resp_p": "8000",
        "trans_depth": "1",
        "method": "POST",
        "host": "192.168.144.133:8000",
        "uri": "/",
        "referrer": "-",
        "version": "1.0",
        "user_agent": "curl/7.85.0",
        "origin": "-",
        "request_body_len": "136985",
        "response_body_len": "10474",
        "status_code": "200",
        "status_msg": "OK",
        "info_code": "-",
        "info_msg": "-",
        "tags": "(empty)",
        "username": "-",
        "password": "-",
        "proxied": "-",
        "orig_fuids": "F5tyYZdXP1TXmA9o9",
        "orig_filenames": "photo-1598124146163-36819847286d.jpeg",
        "orig_mime_types": "image/jpeg",
        "resp_fuids": "FlFmfb3ykfKUWyVN3g",
        "resp_filenames": "resized_photo-1598124146163-36819847286d.jpeg",
        "resp_mime_types": "image/jpeg"
    },
    {
        "ts": "1686720660.358423",
        "uid": "CE2IxD4QriUvfY1hZ3",
        "id.orig_h": "192.168.144.128",
        "id.orig_p": "50518",
        "id.resp_h": "172.22.0.2",
        "id.resp_p": "8000",
        "trans_depth": "1",
        "method": "POST",
        "host": "192.168.144.133:8000",
        "uri": "/",
        "referrer": "-",
        "version": "1.0",
        "user_agent": "curl/7.85.0",
        "origin": "-",
        "request_body_len": "5443",
        "response_body_len": "1338",
        "status_code": "200",
        "status_msg": "OK",
        "info_code": "-",
        "info_msg": "-",
        "tags": "(empty)",
        "username": "-",
        "password": "-",
        "proxied": "-",
        "orig_fuids": "FKaG323poGGvqwnQl5",
        "orig_filenames": "png-clipart-globe-globe.png",
        "orig_mime_types": "image/png",
        "resp_fuids": "FKZG3Z1tu5lBikQ37b",
        "resp_filenames": "resized_png-clipart-globe-globe.png",
        "resp_mime_types": "image/png"
    },
    {
        "ts": "1686720660.374578",
        "uid": "CWBAGg2XcFO2omddG7",
        "id.orig_h": "192.168.144.128",
        "id.orig_p": "50520",
        "id.resp_h": "172.22.0.2",
        "id.resp_p": "8000",
        "trans_depth": "1",
        "method": "POST",
        "host": "192.168.144.133:8000",
        "uri": "/",
        "referrer": "-",
        "version": "1.0",
        "user_agent": "curl/7.85.0",
        "origin": "-",
        "request_body_len": "24218",
        "response_body_len": "4302",
        "status_code": "200",
        "status_msg": "OK",
        "info_code": "-",
        "info_msg": "-",
        "tags": "(empty)",
        "username": "-",
        "password": "-",
        "proxied": "-",
        "orig_fuids": "FlMYSw2IfmeeQlFfJ4",
        "orig_filenames": "png-transparent-two-checked-flags-racing-flags-auto-racing-racing-flag-miscellaneous-game-flag-png-free-download.png",
        "orig_mime_types": "image/png",
        "resp_fuids": "Fnae2QXuFgn4hAQV2",
        "resp_filenames": "resized_png-transparent-two-checked-flags-racing-flags-auto-racing-racing-flag-miscellaneous-game-flag-png-free-download.png",
        "resp_mime_types": "image/png"
    },
    {
        "ts": "1686720660.393352",
        "uid": "COGScQBJuXRC5Mfhh",
        "id.orig_h": "192.168.144.128",
        "id.orig_p": "50522",
        "id.resp_h": "172.22.0.2",
        "id.resp_p": "8000",
        "trans_depth": "1",
        "method": "POST",
        "host": "192.168.144.133:8000",
        "uri": "/",
        "referrer": "-",
        "version": "1.0",
        "user_agent": "curl/7.85.0",
        "origin": "-",
        "request_body_len": "9517",
        "response_body_len": "8153",
        "status_code": "200",
        "status_msg": "OK",
        "info_code": "-",
        "info_msg": "-",
        "tags": "(empty)",
        "username": "-",
        "password": "-",
        "proxied": "-",
        "orig_fuids": "FLnCT5uTd3Tgs5m4d",
        "orig_filenames": "pngtree-pink-watercolor-brushes-171474-png-image_1733978.jpg",
        "orig_mime_types": "image/jpeg",
        "resp_fuids": "Fi63lf3G5QTtvHF9V2",
        "resp_filenames": "resized_pngtree-pink-watercolor-brushes-171474-png-image_1733978.jpg",
        "resp_mime_types": "image/jpeg"
    },
    {
        "ts": "1686720660.417255",
        "uid": "CaMtGj2KlEBU60YBE9",
        "id.orig_h": "192.168.144.128",
        "id.orig_p": "50524",
        "id.resp_h": "172.22.0.2",
        "id.resp_p": "8000",
        "trans_depth": "1",
        "method": "POST",
        "host": "192.168.144.133:8000",
        "uri": "/",
        "referrer": "-",
        "version": "1.0",
        "user_agent": "curl/7.85.0",
        "origin": "-",
        "request_body_len": "11525",
        "response_body_len": "9888",
        "status_code": "200",
        "status_msg": "OK",
        "info_code": "-",
        "info_msg": "-",
        "tags": "(empty)",
        "username": "-",
        "password": "-",
        "proxied": "-",
        "orig_fuids": "FLcBY32SMqaqtbAqNg",
        "orig_filenames": "pusca.jpeg",
        "orig_mime_types": "image/jpeg",
        "resp_fuids": "FFobAM1esUNyNFGx17",
        "resp_filenames": "resized_pusca.jpeg",
        "resp_mime_types": "image/jpeg"
    },
    {
        "ts": "1686720660.433618",
        "uid": "CBFxAg3gc7WKauHKM1",
        "id.orig_h": "192.168.144.128",
        "id.orig_p": "50526",
        "id.resp_h": "172.22.0.2",
        "id.resp_p": "8000",
        "trans_depth": "1",
        "method": "POST",
        "host": "192.168.144.133:8000",
        "uri": "/",
        "referrer": "-",
        "version": "1.0",
        "user_agent": "curl/7.85.0",
        "origin": "-",
        "request_body_len": "452",
        "response_body_len": "1651",
        "status_code": "200",
        "status_msg": "OK",
        "info_code": "-",
        "info_msg": "-",
        "tags": "(empty)",
        "username": "-",
        "password": "-",
        "proxied": "-",
        "orig_fuids": "F5SKeg3r6OamwuQ2He",
        "orig_filenames": "rce.jpg",
        "orig_mime_types": "application/postscript",
        "resp_fuids": "FaQ9RJ1h2I8biKDx0j",
        "resp_filenames": "resized_rce.jpg",
        "resp_mime_types": "image/jpeg"
    },
    {
        "ts": "1686720660.510602",
        "uid": "CndiZd3N4w7AY6qVah",
        "id.orig_h": "192.168.144.128",
        "id.orig_p": "50528",
        "id.resp_h": "172.22.0.2",
        "id.resp_p": "8000",
        "trans_depth": "1",
        "method": "POST",
        "host": "192.168.144.133:8000",
        "uri": "/",
        "referrer": "-",
        "version": "1.0",
        "user_agent": "curl/7.85.0",
        "origin": "-",
        "request_body_len": "140260",
        "response_body_len": "14785",
        "status_code": "200",
        "status_msg": "OK",
        "info_code": "-",
        "info_msg": "-",
        "tags": "(empty)",
        "username": "-",
        "password": "-",
        "proxied": "-",
        "orig_fuids": "FU3WjS2QCF1Zq780K5",
        "orig_filenames": "swan_beauty_nature_264533.jpg",
        "orig_mime_types": "image/jpeg",
        "resp_fuids": "FUtJda2iF7rReNr2La",
        "resp_filenames": "resized_swan_beauty_nature_264533.jpg",
        "resp_mime_types": "image/jpeg"
    },
    {
        "ts": "1686720661.193026",
        "uid": "CEiaJ42K94RVHxjK7f",
        "id.orig_h": "192.168.144.128",
        "id.orig_p": "50530",
        "id.resp_h": "172.22.0.2",
        "id.resp_p": "8000",
        "trans_depth": "1",
        "method": "POST",
        "host": "192.168.144.133:8000",
        "uri": "/",
        "referrer": "-",
        "version": "1.0",
        "user_agent": "curl/7.85.0",
        "origin": "-",
        "request_body_len": "621783",
        "response_body_len": "46550",
        "status_code": "200",
        "status_msg": "OK",
        "info_code": "-",
        "info_msg": "-",
        "tags": "(empty)",
        "username": "-",
        "password": "-",
        "proxied": "-",
        "orig_fuids": "FqoNjE24ZCWaIqqDM",
        "orig_filenames": "11-2-jaguar-png-hd.png",
        "orig_mime_types": "image/png",
        "resp_fuids": "F0KusB2pSYJXiTyISj",
        "resp_filenames": "resized_11-2-jaguar-png-hd.png",
        "resp_mime_types": "image/png"
    },
    {
        "ts": "1686720661.258931",
        "uid": "C5OMqR1yq26O3eDJli",
        "id.orig_h": "192.168.144.128",
        "id.orig_p": "50532",
        "id.resp_h": "172.22.0.2",
        "id.resp_p": "8000",
        "trans_depth": "1",
        "method": "POST",
        "host": "192.168.144.133:8000",
        "uri": "/",
        "referrer": "-",
        "version": "1.0",
        "user_agent": "curl/7.85.0",
        "origin": "-",
        "request_body_len": "122682",
        "response_body_len": "5582",
        "status_code": "200",
        "status_msg": "OK",
        "info_code": "-",
        "info_msg": "-",
        "tags": "(empty)",
        "username": "-",
        "password": "-",
        "proxied": "-",
        "orig_fuids": "Fv5Pql27zMjbWAI6Ta",
        "orig_filenames": "3240.png_1200.png",
        "orig_mime_types": "image/png",
        "resp_fuids": "FaBfZ64PdcG2IoqM0j",
        "resp_filenames": "resized_3240.png_1200.png",
        "resp_mime_types": "image/png"
    },
    {
        "ts": "1686720661.335471",
        "uid": "CFJu3LJRC8sfjZr4",
        "id.orig_h": "192.168.144.128",
        "id.orig_p": "50534",
        "id.resp_h": "172.22.0.2",
        "id.resp_p": "8000",
        "trans_depth": "1",
        "method": "POST",
        "host": "192.168.144.133:8000",
        "uri": "/",
        "referrer": "-",
        "version": "1.0",
        "user_agent": "curl/7.85.0",
        "origin": "-",
        "request_body_len": "6592",
        "response_body_len": "12092",
        "status_code": "200",
        "status_msg": "OK",
        "info_code": "-",
        "info_msg": "-",
        "tags": "(empty)",
        "username": "-",
        "password": "-",
        "proxied": "-",
        "orig_fuids": "FUBRcu3LDeeR5akSCd",
        "orig_filenames": "images.jpeg",
        "orig_mime_types": "image/jpeg",
        "resp_fuids": "Fzp3v13o9m6Fzw6rlg",
        "resp_filenames": "resized_images.jpeg",
        "resp_mime_types": "image/jpeg"
    },
    {
        "ts": "1686720661.353237",
        "uid": "CuBvFg2eA7hnBBsCig",
        "id.orig_h": "192.168.144.128",
        "id.orig_p": "50536",
        "id.resp_h": "172.22.0.2",
        "id.resp_p": "8000",
        "trans_depth": "1",
        "method": "POST",
        "host": "192.168.144.133:8000",
        "uri": "/",
        "referrer": "-",
        "version": "1.0",
        "user_agent": "curl/7.85.0",
        "origin": "-",
        "request_body_len": "5702",
        "response_body_len": "7596",
        "status_code": "200",
        "status_msg": "OK",
        "info_code": "-",
        "info_msg": "-",
        "tags": "(empty)",
        "username": "-",
        "password": "-",
        "proxied": "-",
        "orig_fuids": "FeVnPT1IqUwOh2UA81",
        "orig_filenames": "index.jpeg",
        "orig_mime_types": "image/jpeg",
        "resp_fuids": "FRAL3i4yF45XCAAHq1",
        "resp_filenames": "resized_index.jpeg",
        "resp_mime_types": "image/jpeg"
    },
    {
        "ts": "1686720661.369434",
        "uid": "CRENdF1E4EELj10Z28",
        "id.orig_h": "192.168.144.128",
        "id.orig_p": "50540",
        "id.resp_h": "172.22.0.2",
        "id.resp_p": "8000",
        "trans_depth": "1",
        "method": "POST",
        "host": "192.168.144.133:8000",
        "uri": "/",
        "referrer": "-",
        "version": "1.0",
        "user_agent": "curl/7.85.0",
        "origin": "-",
        "request_body_len": "136985",
        "response_body_len": "10474",
        "status_code": "200",
        "status_msg": "OK",
        "info_code": "-",
        "info_msg": "-",
        "tags": "(empty)",
        "username": "-",
        "password": "-",
        "proxied": "-",
        "orig_fuids": "FZHylo1MlJjxRenJ9k",
        "orig_filenames": "photo-1598124146163-36819847286d.jpeg",
        "orig_mime_types": "image/jpeg",
        "resp_fuids": "FUsdf84zDs4hfZNmGb",
        "resp_filenames": "resized_photo-1598124146163-36819847286d.jpeg",
        "resp_mime_types": "image/jpeg"
    },
    {
        "ts": "1686720661.420849",
        "uid": "CGhtMEPa8CeoIswfd",
        "id.orig_h": "192.168.144.128",
        "id.orig_p": "50542",
        "id.resp_h": "172.22.0.2",
        "id.resp_p": "8000",
        "trans_depth": "1",
        "method": "POST",
        "host": "192.168.144.133:8000",
        "uri": "/",
        "referrer": "-",
        "version": "1.0",
        "user_agent": "curl/7.85.0",
        "origin": "-",
        "request_body_len": "5443",
        "response_body_len": "1338",
        "status_code": "200",
        "status_msg": "OK",
        "info_code": "-",
        "info_msg": "-",
        "tags": "(empty)",
        "username": "-",
        "password": "-",
        "proxied": "-",
        "orig_fuids": "FBs3qF1QDn3UNsoMEf",
        "orig_filenames": "png-clipart-globe-globe.png",
        "orig_mime_types": "image/png",
        "resp_fuids": "Fac8Yl1MMndwB6XWn3",
        "resp_filenames": "resized_png-clipart-globe-globe.png",
        "resp_mime_types": "image/png"
    },
    {
        "ts": "1686720661.436823",
        "uid": "CdZFEE4FVVwpPQEKuj",
        "id.orig_h": "192.168.144.128",
        "id.orig_p": "50546",
        "id.resp_h": "172.22.0.2",
        "id.resp_p": "8000",
        "trans_depth": "1",
        "method": "POST",
        "host": "192.168.144.133:8000",
        "uri": "/",
        "referrer": "-",
        "version": "1.0",
        "user_agent": "curl/7.85.0",
        "origin": "-",
        "request_body_len": "24218",
        "response_body_len": "4302",
        "status_code": "200",
        "status_msg": "OK",
        "info_code": "-",
        "info_msg": "-",
        "tags": "(empty)",
        "username": "-",
        "password": "-",
        "proxied": "-",
        "orig_fuids": "FotYrj3aYsqubzAXJi",
        "orig_filenames": "png-transparent-two-checked-flags-racing-flags-auto-racing-racing-flag-miscellaneous-game-flag-png-free-download.png",
        "orig_mime_types": "image/png",
        "resp_fuids": "FoxjtXkNF0OKCFWAi",
        "resp_filenames": "resized_png-transparent-two-checked-flags-racing-flags-auto-racing-racing-flag-miscellaneous-game-flag-png-free-download.png",
        "resp_mime_types": "image/png"
    },
    {
        "ts": "1686720661.454127",
        "uid": "CVTIzM2zG5RDr55OD",
        "id.orig_h": "192.168.144.128",
        "id.orig_p": "50548",
        "id.resp_h": "172.22.0.2",
        "id.resp_p": "8000",
        "trans_depth": "1",
        "method": "POST",
        "host": "192.168.144.133:8000",
        "uri": "/",
        "referrer": "-",
        "version": "1.0",
        "user_agent": "curl/7.85.0",
        "origin": "-",
        "request_body_len": "9517",
        "response_body_len": "8153",
        "status_code": "200",
        "status_msg": "OK",
        "info_code": "-",
        "info_msg": "-",
        "tags": "(empty)",
        "username": "-",
        "password": "-",
        "proxied": "-",
        "orig_fuids": "F9fMoc1qrqEGed6oV",
        "orig_filenames": "pngtree-pink-watercolor-brushes-171474-png-image_1733978.jpg",
        "orig_mime_types": "image/jpeg",
        "resp_fuids": "FnwhFTnLJVkVp52i6",
        "resp_filenames": "resized_pngtree-pink-watercolor-brushes-171474-png-image_1733978.jpg",
        "resp_mime_types": "image/jpeg"
    },
    {
        "ts": "1686720661.474425",
        "uid": "CiLDGb10z6xLHyQzWb",
        "id.orig_h": "192.168.144.128",
        "id.orig_p": "50550",
        "id.resp_h": "172.22.0.2",
        "id.resp_p": "8000",
        "trans_depth": "1",
        "method": "POST",
        "host": "192.168.144.133:8000",
        "uri": "/",
        "referrer": "-",
        "version": "1.0",
        "user_agent": "curl/7.85.0",
        "origin": "-",
        "request_body_len": "11525",
        "response_body_len": "9888",
        "status_code": "200",
        "status_msg": "OK",
        "info_code": "-",
        "info_msg": "-",
        "tags": "(empty)",
        "username": "-",
        "password": "-",
        "proxied": "-",
        "orig_fuids": "F9Llvw3qjQKx54AdXi",
        "orig_filenames": "pusca.jpeg",
        "orig_mime_types": "image/jpeg",
        "resp_fuids": "F1EWbBKdS4q31db66",
        "resp_filenames": "resized_pusca.jpeg",
        "resp_mime_types": "image/jpeg"
    },
    {
        "ts": "1686720661.492892",
        "uid": "CdhhIE1sDh3y3HPg0k",
        "id.orig_h": "192.168.144.128",
        "id.orig_p": "50552",
        "id.resp_h": "172.22.0.2",
        "id.resp_p": "8000",
        "trans_depth": "1",
        "method": "POST",
        "host": "192.168.144.133:8000",
        "uri": "/",
        "referrer": "-",
        "version": "1.0",
        "user_agent": "curl/7.85.0",
        "origin": "-",
        "request_body_len": "452",
        "response_body_len": "1651",
        "status_code": "200",
        "status_msg": "OK",
        "info_code": "-",
        "info_msg": "-",
        "tags": "(empty)",
        "username": "-",
        "password": "-",
        "proxied": "-",
        "orig_fuids": "F4hcYn3towIns6t9G2",
        "orig_filenames": "rce.jpg",
        "orig_mime_types": "application/postscript",
        "resp_fuids": "FwI1M14XD7GSKTlah7",
        "resp_filenames": "resized_rce.jpg",
        "resp_mime_types": "image/jpeg"
    },
    {
        "ts": "1686720661.581872",
        "uid": "CEjwYc3ifybfASgRg7",
        "id.orig_h": "192.168.144.128",
        "id.orig_p": "50554",
        "id.resp_h": "172.22.0.2",
        "id.resp_p": "8000",
        "trans_depth": "1",
        "method": "POST",
        "host": "192.168.144.133:8000",
        "uri": "/",
        "referrer": "-",
        "version": "1.0",
        "user_agent": "curl/7.85.0",
        "origin": "-",
        "request_body_len": "140260",
        "response_body_len": "14785",
        "status_code": "200",
        "status_msg": "OK",
        "info_code": "-",
        "info_msg": "-",
        "tags": "(empty)",
        "username": "-",
        "password": "-",
        "proxied": "-",
        "orig_fuids": "FpiSwvS3gmXDu1Icc",
        "orig_filenames": "swan_beauty_nature_264533.jpg",
        "orig_mime_types": "image/jpeg",
        "resp_fuids": "FlX3Nl3CSlOPJFjSD9",
        "resp_filenames": "resized_swan_beauty_nature_264533.jpg",
        "resp_mime_types": "image/jpeg"
    },
    {
        "ts": "1686720662.173456",
        "uid": "CGTNlD3QuTTFDYhEGg",
        "id.orig_h": "192.168.144.128",
        "id.orig_p": "50556",
        "id.resp_h": "172.22.0.2",
        "id.resp_p": "8000",
        "trans_depth": "1",
        "method": "POST",
        "host": "192.168.144.133:8000",
        "uri": "/",
        "referrer": "-",
        "version": "1.0",
        "user_agent": "curl/7.85.0",
        "origin": "-",
        "request_body_len": "621783",
        "response_body_len": "46550",
        "status_code": "200",
        "status_msg": "OK",
        "info_code": "-",
        "info_msg": "-",
        "tags": "(empty)",
        "username": "-",
        "password": "-",
        "proxied": "-",
        "orig_fuids": "FfLj462jcLwJnrraRl",
        "orig_filenames": "11-2-jaguar-png-hd.png",
        "orig_mime_types": "image/png",
        "resp_fuids": "FRAkUQ8WrD6VDN6W5",
        "resp_filenames": "resized_11-2-jaguar-png-hd.png",
        "resp_mime_types": "image/png"
    },
    {
        "ts": "1686720662.242987",
        "uid": "CKmxq72uGT3TBWJ84i",
        "id.orig_h": "192.168.144.128",
        "id.orig_p": "50558",
        "id.resp_h": "172.22.0.2",
        "id.resp_p": "8000",
        "trans_depth": "1",
        "method": "POST",
        "host": "192.168.144.133:8000",
        "uri": "/",
        "referrer": "-",
        "version": "1.0",
        "user_agent": "curl/7.85.0",
        "origin": "-",
        "request_body_len": "122682",
        "response_body_len": "5582",
        "status_code": "200",
        "status_msg": "OK",
        "info_code": "-",
        "info_msg": "-",
        "tags": "(empty)",
        "username": "-",
        "password": "-",
        "proxied": "-",
        "orig_fuids": "FwQJHH2maDNIpW8p9g",
        "orig_filenames": "3240.png_1200.png",
        "orig_mime_types": "image/png",
        "resp_fuids": "FiIycS3ssC6Gar2LK4",
        "resp_filenames": "resized_3240.png_1200.png",
        "resp_mime_types": "image/png"
    },
    {
        "ts": "1686720662.320842",
        "uid": "CfPL394bJVcd2LsxHg",
        "id.orig_h": "192.168.144.128",
        "id.orig_p": "50560",
        "id.resp_h": "172.22.0.2",
        "id.resp_p": "8000",
        "trans_depth": "1",
        "method": "POST",
        "host": "192.168.144.133:8000",
        "uri": "/",
        "referrer": "-",
        "version": "1.0",
        "user_agent": "curl/7.85.0",
        "origin": "-",
        "request_body_len": "6592",
        "response_body_len": "12092",
        "status_code": "200",
        "status_msg": "OK",
        "info_code": "-",
        "info_msg": "-",
        "tags": "(empty)",
        "username": "-",
        "password": "-",
        "proxied": "-",
        "orig_fuids": "FIPB1kh60G7tYezK4",
        "orig_filenames": "images.jpeg",
        "orig_mime_types": "image/jpeg",
        "resp_fuids": "FSbn3R1CePTUODIIll",
        "resp_filenames": "resized_images.jpeg",
        "resp_mime_types": "image/jpeg"
    },
    {
        "ts": "1686720662.337998",
        "uid": "C6jlwPwDEcGcAnQH3",
        "id.orig_h": "192.168.144.128",
        "id.orig_p": "50564",
        "id.resp_h": "172.22.0.2",
        "id.resp_p": "8000",
        "trans_depth": "1",
        "method": "POST",
        "host": "192.168.144.133:8000",
        "uri": "/",
        "referrer": "-",
        "version": "1.0",
        "user_agent": "curl/7.85.0",
        "origin": "-",
        "request_body_len": "5702",
        "response_body_len": "7596",
        "status_code": "200",
        "status_msg": "OK",
        "info_code": "-",
        "info_msg": "-",
        "tags": "(empty)",
        "username": "-",
        "password": "-",
        "proxied": "-",
        "orig_fuids": "F4ziqm2a7uCWcCtPf",
        "orig_filenames": "index.jpeg",
        "orig_mime_types": "image/jpeg",
        "resp_fuids": "FDvarZ1SPsFdIludH7",
        "resp_filenames": "resized_index.jpeg",
        "resp_mime_types": "image/jpeg"
    },
    {
        "ts": "1686720662.355111",
        "uid": "CBz3lJ2SgNiVEV3zKb",
        "id.orig_h": "192.168.144.128",
        "id.orig_p": "50566",
        "id.resp_h": "172.22.0.2",
        "id.resp_p": "8000",
        "trans_depth": "1",
        "method": "POST",
        "host": "192.168.144.133:8000",
        "uri": "/",
        "referrer": "-",
        "version": "1.0",
        "user_agent": "curl/7.85.0",
        "origin": "-",
        "request_body_len": "136985",
        "response_body_len": "10474",
        "status_code": "200",
        "status_msg": "OK",
        "info_code": "-",
        "info_msg": "-",
        "tags": "(empty)",
        "username": "-",
        "password": "-",
        "proxied": "-",
        "orig_fuids": "F4aGtBAw630s0k5Of",
        "orig_filenames": "photo-1598124146163-36819847286d.jpeg",
        "orig_mime_types": "image/jpeg",
        "resp_fuids": "FiTFAp3A9NZ5SKtIkj",
        "resp_filenames": "resized_photo-1598124146163-36819847286d.jpeg",
        "resp_mime_types": "image/jpeg"
    },
    {
        "ts": "1686720662.406970",
        "uid": "CwZScr25MKt92WdWoe",
        "id.orig_h": "192.168.144.128",
        "id.orig_p": "50568",
        "id.resp_h": "172.22.0.2",
        "id.resp_p": "8000",
        "trans_depth": "1",
        "method": "POST",
        "host": "192.168.144.133:8000",
        "uri": "/",
        "referrer": "-",
        "version": "1.0",
        "user_agent": "curl/7.85.0",
        "origin": "-",
        "request_body_len": "5443",
        "response_body_len": "1338",
        "status_code": "200",
        "status_msg": "OK",
        "info_code": "-",
        "info_msg": "-",
        "tags": "(empty)",
        "username": "-",
        "password": "-",
        "proxied": "-",
        "orig_fuids": "F1yJf739bGg8nQYSAl",
        "orig_filenames": "png-clipart-globe-globe.png",
        "orig_mime_types": "image/png",
        "resp_fuids": "FJXKdD4BUaIPkrsDZg",
        "resp_filenames": "resized_png-clipart-globe-globe.png",
        "resp_mime_types": "image/png"
    },
    {
        "ts": "1686720662.421832",
        "uid": "CiVcPh4AkbyaTIEUc6",
        "id.orig_h": "192.168.144.128",
        "id.orig_p": "50570",
        "id.resp_h": "172.22.0.2",
        "id.resp_p": "8000",
        "trans_depth": "1",
        "method": "POST",
        "host": "192.168.144.133:8000",
        "uri": "/",
        "referrer": "-",
        "version": "1.0",
        "user_agent": "curl/7.85.0",
        "origin": "-",
        "request_body_len": "24218",
        "response_body_len": "4302",
        "status_code": "200",
        "status_msg": "OK",
        "info_code": "-",
        "info_msg": "-",
        "tags": "(empty)",
        "username": "-",
        "password": "-",
        "proxied": "-",
        "orig_fuids": "Fhxa3j3LrrDpOAOCMe",
        "orig_filenames": "png-transparent-two-checked-flags-racing-flags-auto-racing-racing-flag-miscellaneous-game-flag-png-free-download.png",
        "orig_mime_types": "image/png",
        "resp_fuids": "FYY2vblRX7y7uXnY2",
        "resp_filenames": "resized_png-transparent-two-checked-flags-racing-flags-auto-racing-racing-flag-miscellaneous-game-flag-png-free-download.png",
        "resp_mime_types": "image/png"
    },
    {
        "ts": "1686720662.440914",
        "uid": "CqSYe5Eq4xD6ywJra",
        "id.orig_h": "192.168.144.128",
        "id.orig_p": "50574",
        "id.resp_h": "172.22.0.2",
        "id.resp_p": "8000",
        "trans_depth": "1",
        "method": "POST",
        "host": "192.168.144.133:8000",
        "uri": "/",
        "referrer": "-",
        "version": "1.0",
        "user_agent": "curl/7.85.0",
        "origin": "-",
        "request_body_len": "9517",
        "response_body_len": "8153",
        "status_code": "200",
        "status_msg": "OK",
        "info_code": "-",
        "info_msg": "-",
        "tags": "(empty)",
        "username": "-",
        "password": "-",
        "proxied": "-",
        "orig_fuids": "FCyWNx4WtERBpbVirf",
        "orig_filenames": "pngtree-pink-watercolor-brushes-171474-png-image_1733978.jpg",
        "orig_mime_types": "image/jpeg",
        "resp_fuids": "FWmg712vj45iwPwtF",
        "resp_filenames": "resized_pngtree-pink-watercolor-brushes-171474-png-image_1733978.jpg",
        "resp_mime_types": "image/jpeg"
    },
    {
        "ts": "1686720662.463263",
        "uid": "COLNno1ZaFzWYkyxBi",
        "id.orig_h": "192.168.144.128",
        "id.orig_p": "50576",
        "id.resp_h": "172.22.0.2",
        "id.resp_p": "8000",
        "trans_depth": "1",
        "method": "POST",
        "host": "192.168.144.133:8000",
        "uri": "/",
        "referrer": "-",
        "version": "1.0",
        "user_agent": "curl/7.85.0",
        "origin": "-",
        "request_body_len": "11525",
        "response_body_len": "9888",
        "status_code": "200",
        "status_msg": "OK",
        "info_code": "-",
        "info_msg": "-",
        "tags": "(empty)",
        "username": "-",
        "password": "-",
        "proxied": "-",
        "orig_fuids": "FORg123xN3zS5WpBYi",
        "orig_filenames": "pusca.jpeg",
        "orig_mime_types": "image/jpeg",
        "resp_fuids": "FgQEUr1vziyJpvFInf",
        "resp_filenames": "resized_pusca.jpeg",
        "resp_mime_types": "image/jpeg"
    },
    {
        "ts": "1686720662.480984",
        "uid": "CnJFOg3dT27ccGz8E3",
        "id.orig_h": "192.168.144.128",
        "id.orig_p": "50578",
        "id.resp_h": "172.22.0.2",
        "id.resp_p": "8000",
        "trans_depth": "1",
        "method": "POST",
        "host": "192.168.144.133:8000",
        "uri": "/",
        "referrer": "-",
        "version": "1.0",
        "user_agent": "curl/7.85.0",
        "origin": "-",
        "request_body_len": "452",
        "response_body_len": "1651",
        "status_code": "200",
        "status_msg": "OK",
        "info_code": "-",
        "info_msg": "-",
        "tags": "(empty)",
        "username": "-",
        "password": "-",
        "proxied": "-",
        "orig_fuids": "Fjj3Raxnjq5p0uC0d",
        "orig_filenames": "rce.jpg",
        "orig_mime_types": "application/postscript",
        "resp_fuids": "F3MwpxWNlxRmTe0bg",
        "resp_filenames": "resized_rce.jpg",
        "resp_mime_types": "image/jpeg"
    },
    {
        "ts": "1686720662.560072",
        "uid": "CXqSAj364zubaYAlNl",
        "id.orig_h": "192.168.144.128",
        "id.orig_p": "50580",
        "id.resp_h": "172.22.0.2",
        "id.resp_p": "8000",
        "trans_depth": "1",
        "method": "POST",
        "host": "192.168.144.133:8000",
        "uri": "/",
        "referrer": "-",
        "version": "1.0",
        "user_agent": "curl/7.85.0",
        "origin": "-",
        "request_body_len": "140260",
        "response_body_len": "14785",
        "status_code": "200",
        "status_msg": "OK",
        "info_code": "-",
        "info_msg": "-",
        "tags": "(empty)",
        "username": "-",
        "password": "-",
        "proxied": "-",
        "orig_fuids": "F2k0J83ZSXjQuOLVk",
        "orig_filenames": "swan_beauty_nature_264533.jpg",
        "orig_mime_types": "image/jpeg",
        "resp_fuids": "FZ8HxF1v9WZezwAKUl",
        "resp_filenames": "resized_swan_beauty_nature_264533.jpg",
        "resp_mime_types": "image/jpeg"
    }
]